# TOTAL_GENES = 16076
# TEST_DIRECTION = one-sided, positive (set), one-sided, positive (covar)
# CONDITIONED_INTERNAL = gene size, gene density, inverse mac, log(gene size), log(gene density), log(inverse mac)
VARIABLE        TYPE  NGENES         BETA     BETA_STD           SE            P
Cluster0       COVAR   16076     -0.34557   -0.0043612      0.56627      0.72915
Cluster1       COVAR   16076      0.16867    0.0022423      0.53889      0.37714
Cluster10      COVAR   16076     -0.53388   -0.0035449       1.1106      0.68464
Cluster100     COVAR   16076      -3.7895   -0.0078879       3.6965      0.84735
Cluster101     COVAR   16076       3.4463    0.0081152       3.4227        0.157
Cluster102     COVAR   16076      -1.6684   -0.0028961       4.4038       0.6476
Cluster103     COVAR   16076       -4.339   -0.0093494       3.4881      0.89323
Cluster104     COVAR   16076      -1.8869   -0.0041221       3.5341      0.70329
Cluster105     COVAR   16076      -3.2677   -0.0058388       4.3768      0.77234
Cluster106     COVAR   16076      -0.4498  -0.00071529       4.9439      0.53625
Cluster107     COVAR   16076       1.3513    0.0027339       3.7794      0.36034
Cluster108     COVAR   16076       1.3996    0.0018166       6.0008      0.40779
Cluster109     COVAR   16076       4.4731    0.0060399       5.7823       0.2196
Cluster11      COVAR   16076      -0.6499   -0.0042531       1.1217      0.71884
Cluster110     COVAR   16076       2.6678    0.0046993       4.2529      0.26524
Cluster111     COVAR   16076       3.5821    0.0066963       3.9203      0.18044
Cluster112     COVAR   16076       4.2812    0.0064692       5.1767      0.20412
Cluster113     COVAR   16076       1.5688    0.0039752        3.109      0.30692
Cluster114     COVAR   16076      0.13096   0.00027738       3.6751      0.48579
Cluster115     COVAR   16076      0.81842    0.0018218        3.445      0.40611
Cluster116     COVAR   16076       2.3548    0.0043777       4.2216      0.28849
Cluster117     COVAR   16076       3.6675    0.0074823       3.7943      0.16689
Cluster118     COVAR   16076      -1.4579   -0.0028804       3.7911      0.64971
Cluster119     COVAR   16076       3.5005     0.008329       3.3562      0.14848
Cluster12      COVAR   16076      0.17919    0.0015462      0.86959      0.41837
Cluster120     COVAR   16076     -0.86643   -0.0012049        5.487      0.56273
Cluster121     COVAR   16076      -2.8389   -0.0045218       4.8194      0.72208
Cluster122     COVAR   16076    0.0062479   8.4691e-06       5.8407      0.49957
Cluster123     COVAR   16076       -4.175   -0.0055393       5.9936      0.75696
Cluster124     COVAR   16076       -2.343   -0.0037737       4.8299       0.6862
Cluster125     COVAR   16076      -2.1953   -0.0030466       5.6239      0.65186
Cluster126     COVAR   16076      -2.8957   -0.0064081       3.5853      0.79035
Cluster127     COVAR   16076      -2.2897   -0.0046277       3.7635      0.72853
Cluster128     COVAR   16076      0.16635     0.000233       5.6904      0.48834
Cluster129     COVAR   16076      -1.0492   -0.0014757       5.5971      0.57435
Cluster13      COVAR   16076   -0.0043221  -3.6186e-05      0.85326      0.50202
Cluster130     COVAR   16076      -3.8679   -0.0051348       5.8524      0.74566
Cluster131     COVAR   16076      0.15911   0.00022228       5.6454      0.48876
Cluster132     COVAR   16076      -6.0003   -0.0095619        4.855      0.89174
Cluster133     COVAR   16076      -8.1652    -0.010499       6.1122       0.9092
Cluster134     COVAR   16076       1.4251    0.0022455       5.0692      0.38931
Cluster135     COVAR   16076      -2.6107   -0.0051884       3.9979      0.74312
Cluster136     COVAR   16076     -0.73439   -0.0013301       4.1524      0.57019
Cluster137     COVAR   16076     0.078865   0.00012615       4.9077      0.49359
Cluster138     COVAR   16076      -3.8847    -0.006608       4.5023      0.80588
Cluster139     COVAR   16076      -1.1586   -0.0017683       5.1253      0.58942
Cluster14      COVAR   16076        0.843    0.0061522       1.0423      0.20934
Cluster140     COVAR   16076      -1.5539   -0.0021498       5.6611      0.60815
Cluster141     COVAR   16076      -4.6711   -0.0067296       5.5225      0.80117
Cluster142     COVAR   16076      -4.2779    -0.008646       4.0749      0.85309
Cluster143     COVAR   16076      -1.8485   -0.0029034       4.9958      0.64431
Cluster144     COVAR   16076      -2.6543    -0.003881       5.4805      0.68592
Cluster145     COVAR   16076      -3.7105   -0.0062527       4.5698      0.79158
Cluster146     COVAR   16076      -2.1844   -0.0030008       5.7266      0.64856
Cluster147     COVAR   16076      -4.9678   -0.0063469       6.0657       0.7936
Cluster148     COVAR   16076      -6.6026   -0.0089931       5.7059      0.87638
Cluster149     COVAR   16076      -5.5169   -0.0074738       5.6903      0.83385
Cluster15      COVAR   16076      0.76516    0.0059175       1.0069      0.22366
Cluster150     COVAR   16076     -0.60309   -0.0012361       3.6763      0.56515
Cluster151     COVAR   16076      -1.0323   -0.0019948       3.9274      0.60366
Cluster152     COVAR   16076       -4.732    -0.011362       3.2509      0.92723
Cluster153     COVAR   16076      0.76328    0.0013926       4.0943      0.42606
Cluster154     COVAR   16076       2.0384    0.0035894       4.2868      0.31722
Cluster155     COVAR   16076       1.6779    0.0022508       5.8588      0.38729
Cluster156     COVAR   16076      -2.1994   -0.0033699       4.9854      0.67045
Cluster157     COVAR   16076      -4.6833   -0.0088692       4.4037      0.85621
Cluster158     COVAR   16076      -7.0638    -0.010118       5.4133      0.90402
Cluster159     COVAR   16076      -1.8337    -0.002796       5.0035      0.64299
Cluster16      COVAR   16076      0.44044    0.0027908       1.2075      0.35765
Cluster160     COVAR   16076      -2.3288   -0.0049294        3.314      0.75887
Cluster161     COVAR   16076      0.15652   0.00032248       3.5089      0.48221
Cluster162     COVAR   16076      -3.7283   -0.0059515       4.8305      0.77989
Cluster163     COVAR   16076      -5.6505    -0.010699       4.0657      0.91769
Cluster164     COVAR   16076      -0.9178   -0.0017582       3.9052       0.5929
Cluster165     COVAR   16076      -7.5712    -0.014526       3.9488      0.97239
Cluster166     COVAR   16076      -3.6779   -0.0070426       3.9944      0.82141
Cluster167     COVAR   16076      -4.3292   -0.0070914       4.8053      0.81618
Cluster168     COVAR   16076      -4.9148   -0.0093891        4.292      0.87391
Cluster169     COVAR   16076      -6.3219    -0.011266       4.2307      0.93244
Cluster17      COVAR   16076      0.22715    0.0020184      0.84681      0.39426
Cluster170     COVAR   16076      -5.0888   -0.0078297       4.9955      0.84582
Cluster171     COVAR   16076       1.1735    0.0025212       3.5764      0.37141
Cluster172     COVAR   16076      0.12849   0.00021581       4.6619      0.48901
Cluster173     COVAR   16076      -1.3778   -0.0028777       3.5972      0.64914
Cluster174     COVAR   16076     -0.44696  -0.00077036        4.527      0.53932
Cluster175     COVAR   16076       1.5831    0.0026105       4.8197      0.37128
Cluster176     COVAR   16076     -0.92913   -0.0019027       3.7228      0.59854
Cluster177     COVAR   16076      -2.6689    -0.003757       5.5943      0.68334
Cluster178     COVAR   16076       2.4563    0.0039754       4.6496      0.29866
Cluster179     COVAR   16076     -0.74963   -0.0011813       4.8331      0.56163
Cluster18      COVAR   16076       1.0879    0.0099506      0.83027     0.095059
Cluster180     COVAR   16076      -3.7538   -0.0086159       3.3551      0.86838
Cluster181     COVAR   16076      -4.5758   -0.0086523       4.0516      0.87062
Cluster182     COVAR   16076      -4.3072    -0.009487       3.4241      0.89577
Cluster183     COVAR   16076     -0.69688   -0.0012625       4.2434      0.56522
Cluster184     COVAR   16076      -2.7521   -0.0069257       2.8751      0.83077
Cluster185     COVAR   16076      0.58699    0.0010275       4.2878      0.44556
Cluster186     COVAR   16076      -6.6642    -0.013469       3.7533      0.96209
Cluster187     COVAR   16076       -3.632   -0.0058005       4.8273      0.77408
Cluster188     COVAR   16076     -0.67734   -0.0010996       4.5262      0.55948
Cluster189     COVAR   16076      -1.3237   -0.0028772       3.4655      0.64875
Cluster19      COVAR   16076     -0.11419  -0.00079872       1.0539      0.54314
Cluster190     COVAR   16076      0.43946    0.0011159       2.9126      0.44004
Cluster191     COVAR   16076     -0.72088    -0.001467       3.6752      0.57775
Cluster192     COVAR   16076       -1.214   -0.0030498       2.9649       0.6589
Cluster193     COVAR   16076      -1.3878   -0.0025281       4.0659      0.63357
Cluster194     COVAR   16076       1.3197      0.00283       3.4493      0.35101
Cluster195     COVAR   16076      -3.1126   -0.0062488       3.4895      0.81379
Cluster196     COVAR   16076     -0.13634  -0.00024649       4.1151      0.51321
Cluster197     COVAR   16076      -3.6245   -0.0065813       4.2149      0.80508
Cluster198     COVAR   16076      -1.1353   -0.0021066       4.1182       0.6086
Cluster199     COVAR   16076      -2.6515   -0.0068506       2.8674      0.82244
Cluster2       COVAR   16076      0.64923     0.010173      0.47393     0.085373
Cluster20      COVAR   16076     -0.78351   -0.0050635       1.1469      0.75273
Cluster200     COVAR   16076      -3.1174   -0.0064524       3.6294      0.80481
Cluster201     COVAR   16076      -6.3454   -0.0098007       5.0535      0.89537
Cluster202     COVAR   16076      -3.6006   -0.0059836       4.6637      0.77995
Cluster203     COVAR   16076      -8.5214    -0.014161       4.6674      0.96604
Cluster204     COVAR   16076      -5.9156    -0.011568       3.9492      0.93291
Cluster205     COVAR   16076      -6.2506    -0.010708       4.6465      0.91071
Cluster206     COVAR   16076       3.3017     0.006662       3.7971      0.19229
Cluster207     COVAR   16076       1.3063    0.0023334       4.3797      0.38275
Cluster208     COVAR   16076       3.5988    0.0063051       4.4582      0.20978
Cluster209     COVAR   16076        2.421    0.0058966       3.1254      0.21929
Cluster21      COVAR   16076     -0.20112   -0.0012154        1.222      0.56536
Cluster210     COVAR   16076     -0.26507  -0.00054356       3.7501      0.52817
Cluster211     COVAR   16076      0.90103    0.0021601       3.1372      0.38698
Cluster212     COVAR   16076       5.1944    0.0095892       4.1711      0.10652
Cluster213     COVAR   16076      0.36418   0.00061292       4.6442      0.46875
Cluster214     COVAR   16076       3.0627    0.0049062       4.8814      0.26519
Cluster215     COVAR   16076       1.8703    0.0040488       3.5436      0.29883
Cluster216     COVAR   16076       4.1118    0.0061195       5.2882      0.21842
Cluster217     COVAR   16076      0.20913   0.00025169       6.6186       0.4874
Cluster218     COVAR   16076       3.2262    0.0050547       4.8805       0.2543
Cluster219     COVAR   16076       2.0248    0.0027185        5.798      0.36346
Cluster22      COVAR   16076      0.19461    0.0010705       1.3537      0.44284
Cluster220     COVAR   16076      -2.2551   -0.0034602        5.095      0.67097
Cluster221     COVAR   16076       8.0755     0.014957       4.1886     0.026939
Cluster222     COVAR   16076       5.3443    0.0097528       4.2186      0.10262
Cluster223     COVAR   16076       3.6487    0.0065154       4.1509       0.1897
Cluster224     COVAR   16076       4.0491    0.0057583        5.444      0.22852
Cluster225     COVAR   16076      -1.8087   -0.0028426       4.8922       0.6442
Cluster226     COVAR   16076      -2.1799   -0.0030221       5.6328      0.65062
Cluster227     COVAR   16076      0.80395    0.0011839       5.2534      0.43919
Cluster228     COVAR   16076       1.0658    0.0013612       6.1514      0.43123
Cluster229     COVAR   16076       1.7186     0.002373       5.5408      0.37822
Cluster23      COVAR   16076     -0.11133  -0.00058306       1.4452       0.5307
Cluster230     COVAR   16076      -0.5108  -0.00068113       5.8897      0.53456
Cluster231     COVAR   16076       -1.168   -0.0015651       5.8295       0.5794
Cluster232     COVAR   16076      -6.4426    -0.008813       5.7118      0.87032
Cluster233     COVAR   16076      -5.8135   -0.0078041       6.0135      0.83316
Cluster234     COVAR   16076      -1.6471   -0.0020535       6.3294      0.60265
Cluster235     COVAR   16076       3.3178    0.0081759       2.9346      0.12913
Cluster236     COVAR   16076     -0.19148  -0.00028747       5.2558      0.51453
Cluster237     COVAR   16076       9.4857     0.012025       6.2559     0.064737
Cluster238     COVAR   16076       1.7524    0.0024974       5.4837      0.37465
Cluster239     COVAR   16076      -3.1318   -0.0041861       5.8772      0.70293
Cluster24      COVAR   16076       1.9911     0.012295        1.227     0.052329
Cluster240     COVAR   16076       2.8119    0.0037424       5.8676       0.3159
Cluster241     COVAR   16076       4.5159    0.0066986        5.301      0.19714
Cluster242     COVAR   16076       8.0197     0.010337       6.1272     0.095301
Cluster243     COVAR   16076       7.1058     0.010151       5.5822      0.10153
Cluster244     COVAR   16076      -1.4581   -0.0021825       5.1373      0.61173
Cluster245     COVAR   16076       7.7402     0.011187       5.4508     0.077812
Cluster246     COVAR   16076      -3.8345   -0.0068459       4.4949      0.80318
Cluster247     COVAR   16076      -1.9931   -0.0031156       4.8966        0.658
Cluster248     COVAR   16076      -3.4348   -0.0051004       5.3263      0.74049
Cluster249     COVAR   16076       4.2008    0.0055533       6.0072      0.24219
Cluster25      COVAR   16076         2.38      0.01169       1.5435     0.061557
Cluster250     COVAR   16076      -4.6783   -0.0079616       4.7879      0.83573
Cluster251     COVAR   16076      -5.7303   -0.0090282       5.0825      0.87021
Cluster252     COVAR   16076      -5.4278   -0.0080396       5.4435      0.84064
Cluster253     COVAR   16076      0.13125   0.00019892       5.1852       0.4899
Cluster254     COVAR   16076      -2.8001   -0.0053167       4.0214      0.75687
Cluster255     COVAR   16076      -1.4009   -0.0021987       4.9294      0.61186
Cluster256     COVAR   16076      -1.4172   -0.0021481        5.153      0.60835
Cluster257     COVAR   16076      -3.3051   -0.0044404       5.9027      0.71223
Cluster258     COVAR   16076      -8.1083    -0.012069       5.1799      0.94124
Cluster259     COVAR   16076      -3.7067   -0.0048942       6.0607      0.72959
Cluster26      COVAR   16076       3.0769     0.015899       1.4577     0.017407
Cluster260     COVAR   16076      -3.1606   -0.0044371       5.5827      0.71435
Cluster261     COVAR   16076      -5.5925    -0.008129       5.4191      0.84895
Cluster262     COVAR   16076      0.60515   0.00080916       5.9588      0.45956
Cluster263     COVAR   16076      0.73615    0.0010572       5.4826       0.4466
Cluster264     COVAR   16076       5.8811    0.0086529       5.3442      0.13558
Cluster265     COVAR   16076       5.6222     0.008688        5.039      0.13228
Cluster266     COVAR   16076       9.9011     0.014416       5.3584      0.03233
Cluster267     COVAR   16076       1.7387    0.0025159       5.3641      0.37292
Cluster268     COVAR   16076    -0.041356  -6.1975e-05        5.367      0.50307
Cluster269     COVAR   16076      0.60253   0.00079845       5.9686       0.4598
Cluster27      COVAR   16076       3.1755     0.014566       1.6469     0.026925
Cluster270     COVAR   16076      -4.8522   -0.0073659       5.2479       0.8224
Cluster271     COVAR   16076      -1.0777   -0.0015538       5.4868      0.57785
Cluster272     COVAR   16076      -2.5432   -0.0046206       4.4487      0.71623
Cluster273     COVAR   16076        1.071    0.0014391       5.9063      0.42805
Cluster274     COVAR   16076      -3.7289   -0.0054603       5.4183      0.75433
Cluster275     COVAR   16076      -2.9455   -0.0045195       5.2088      0.71412
Cluster276     COVAR   16076      0.74965    0.0011883       4.5381       0.4344
Cluster277     COVAR   16076       1.1292    0.0018062       4.6874      0.40482
Cluster278     COVAR   16076      0.69265    0.0010114       5.2926      0.44794
Cluster279     COVAR   16076     -0.62095  -0.00099276       4.8003      0.55146
Cluster28      COVAR   16076       1.7155     0.010252       1.2741     0.089086
Cluster280     COVAR   16076      -2.0442   -0.0032236       4.8824      0.66227
Cluster281     COVAR   16076       1.2346    0.0023038       4.0387      0.37992
Cluster282     COVAR   16076       1.7307     0.003384       3.9713      0.33149
Cluster283     COVAR   16076       3.8126    0.0052238       5.6823      0.25113
Cluster284     COVAR   16076       3.9029    0.0057014       5.3368       0.2323
Cluster285     COVAR   16076       2.4464    0.0035255       5.2932      0.32198
Cluster286     COVAR   16076      0.34357   0.00049124       5.5469      0.47531
Cluster287     COVAR   16076      -7.4264    -0.012271        4.652      0.94479
Cluster288     COVAR   16076      -5.2164   -0.0073917       5.5705      0.82547
Cluster289     COVAR   16076      -7.6401    -0.013301       4.4596      0.95665
Cluster29      COVAR   16076       1.3469    0.0099912      0.98156     0.085008
Cluster290     COVAR   16076       -9.675    -0.015081       5.0132      0.97318
Cluster291     COVAR   16076      -5.1756   -0.0075204       5.3086       0.8352
Cluster292     COVAR   16076      -3.0396   -0.0046197       5.1357      0.72302
Cluster293     COVAR   16076      -4.3807   -0.0086078       3.7884      0.87622
Cluster294     COVAR   16076      0.11037   0.00015733        5.581      0.49211
Cluster295     COVAR   16076      -5.2927     -0.00971       4.2612      0.89289
Cluster296     COVAR   16076      0.94882    0.0015118         4.84      0.42229
Cluster297     COVAR   16076     -0.11596   -0.0010327      0.77345      0.55959
Cluster298     COVAR   16076      -10.185    -0.021313       3.6396      0.99743
Cluster299     COVAR   16076       -6.843     -0.01348       3.9333      0.95904
Cluster3       COVAR   16076    -0.032431  -0.00049289      0.49932      0.52589
Cluster30      COVAR   16076       2.0494    0.0097025       1.5379     0.091342
Cluster300     COVAR   16076       -5.554    -0.012989       3.2108      0.95815
Cluster301     COVAR   16076      -2.9329   -0.0066138       3.3223      0.81132
Cluster302     COVAR   16076      -5.9009    -0.018698       2.3048      0.99477
Cluster303     COVAR   16076      -5.1485    -0.015903       2.4141      0.98352
Cluster304     COVAR   16076      -5.6193    -0.013725       3.0313       0.9681
Cluster305     COVAR   16076      -2.2041   -0.0055692        2.975      0.77061
Cluster306     COVAR   16076       -3.968   -0.0086348       3.3719      0.88035
Cluster307     COVAR   16076      -4.9483    -0.010108        3.587      0.91612
Cluster308     COVAR   16076       1.5276    0.0039184       2.9936      0.30492
Cluster309     COVAR   16076       0.7089     0.001436       3.9005      0.42789
Cluster31      COVAR   16076       2.2727     0.014588       1.1441     0.023503
Cluster310     COVAR   16076      -1.6065    -0.004013       3.1916      0.69263
Cluster311     COVAR   16076      -1.5967   -0.0047428       2.6672      0.72528
Cluster312     COVAR   16076      -2.2708    -0.007336       2.5234       0.8159
Cluster313     COVAR   16076      -2.3145   -0.0082872       2.0523      0.87027
Cluster314     COVAR   16076     -0.28299    -0.001679       1.2305      0.59094
Cluster315     COVAR   16076      -1.7004   -0.0032125       4.0042      0.66446
Cluster316     COVAR   16076       2.6795     0.007242       2.8787      0.17599
Cluster317     COVAR   16076       1.7767    0.0043969       3.2513      0.29238
Cluster318     COVAR   16076     -0.97101   -0.0021228       3.5342      0.60824
Cluster319     COVAR   16076      -1.4091   -0.0030028       3.5936      0.65251
Cluster32      COVAR   16076       1.7048    0.0049023       2.7691      0.26907
Cluster320     COVAR   16076        0.056   0.00013299       3.3044      0.49324
Cluster321     COVAR   16076       0.8206    0.0016326       3.8369      0.41533
Cluster322     COVAR   16076    -0.095894  -0.00026523       2.7399      0.51396
Cluster323     COVAR   16076       3.1968    0.0061114       3.9819      0.21104
Cluster324     COVAR   16076       3.4805    0.0067096       4.0238      0.19353
Cluster325     COVAR   16076    -0.036852  -6.8828e-05       4.1806      0.50352
Cluster326     COVAR   16076      -1.0434   -0.0020101       4.0938      0.60059
Cluster327     COVAR   16076       6.3178     0.010808       4.5048     0.080401
Cluster328     COVAR   16076       7.6036     0.013041       4.4575     0.044036
Cluster329     COVAR   16076       10.502     0.015991       5.0896     0.019544
Cluster33      COVAR   16076       1.7556    0.0044666        3.049      0.28238
Cluster330     COVAR   16076        2.938    0.0054606       4.0465      0.23391
Cluster331     COVAR   16076      -1.6235   -0.0028651        4.269      0.64814
Cluster332     COVAR   16076       -1.337   -0.0021661       4.7922      0.60987
Cluster333     COVAR   16076        2.875    0.0060536       3.7326      0.22059
Cluster334     COVAR   16076      0.78724    0.0025754       2.4563       0.3743
Cluster335     COVAR   16076      -3.9677    -0.011055       2.7547       0.9251
Cluster336     COVAR   16076      -2.9618   -0.0077934       2.9087      0.84571
Cluster337     COVAR   16076        2.068    0.0053743       2.8585       0.2347
Cluster338     COVAR   16076      -4.9375     -0.01295       3.0904      0.94493
Cluster339     COVAR   16076     -0.61578   -0.0010575       4.2682      0.55736
Cluster34      COVAR   16076       2.5897     0.006311       3.1236      0.20354
Cluster340     COVAR   16076      -1.5619   -0.0037692       3.1222      0.69155
Cluster341     COVAR   16076      -2.9488   -0.0064306       3.2802      0.81566
Cluster342     COVAR   16076      -1.3106   -0.0036254       2.8812       0.6754
Cluster343     COVAR   16076      -1.6197    -0.004697       2.7627      0.72115
Cluster344     COVAR   16076       4.5947    0.0095636       4.0504      0.12833
Cluster345     COVAR   16076       -2.071    -0.005825       2.8831      0.76372
Cluster346     COVAR   16076     -0.45073   -0.0013131       2.6612      0.56725
Cluster347     COVAR   16076      -1.2066   -0.0024186        3.994      0.61871
Cluster348     COVAR   16076     -0.84655   -0.0023213       3.1483      0.60599
Cluster349     COVAR   16076      0.28174   0.00057391       4.0787      0.47246
Cluster35      COVAR   16076       1.4051    0.0034328       3.1206      0.32627
Cluster350     COVAR   16076       -2.753   -0.0046419       4.7154      0.72032
Cluster351     COVAR   16076      -2.9192   -0.0051855       4.2616      0.75332
Cluster352     COVAR   16076      -8.1748    -0.013645       4.6116      0.96185
Cluster353     COVAR   16076      -3.3225   -0.0057877       4.3761      0.77614
Cluster354     COVAR   16076      -6.9396   -0.0093816       5.6605      0.88989
Cluster355     COVAR   16076      -5.1218   -0.0062122       6.3656      0.78947
Cluster356     COVAR   16076      -3.0587   -0.0040032       5.8964      0.69802
Cluster357     COVAR   16076      -5.9277   -0.0099784       4.6064      0.90091
Cluster358     COVAR   16076      -4.5476   -0.0061901       5.6736      0.78858
Cluster359     COVAR   16076      -2.6323   -0.0043369       4.6086      0.71606
Cluster36      COVAR   16076       3.0728    0.0077776       2.9649      0.15002
Cluster360     COVAR   16076      -5.7394   -0.0096202       4.6777      0.89007
Cluster361     COVAR   16076      -4.4732   -0.0078803       4.3253      0.84947
Cluster362     COVAR   16076      -8.8125    -0.013683       4.8704      0.96479
Cluster363     COVAR   16076      -5.6708    -0.011865       3.4777       0.9485
Cluster364     COVAR   16076      -4.2097   -0.0070866       4.3183      0.83517
Cluster365     COVAR   16076      -2.9244   -0.0040204       5.5149      0.70203
Cluster366     COVAR   16076      -1.6561   -0.0028829       4.4086      0.64641
Cluster367     COVAR   16076      -1.5347   -0.0019167        6.123      0.59895
Cluster368     COVAR   16076      -1.3927   -0.0028372       3.3868      0.65953
Cluster369     COVAR   16076      -2.7545   -0.0037591       5.6045      0.68845
Cluster37      COVAR   16076       3.2805     0.010408       2.3039     0.077251
Cluster370     COVAR   16076      -2.2367   -0.0031183       5.6319      0.65436
Cluster371     COVAR   16076      -5.9237    -0.011568       3.9106      0.93508
Cluster372     COVAR   16076       9.2597     0.015149       4.7157     0.024797
Cluster373     COVAR   16076      0.93509    0.0015357       4.6728       0.4207
Cluster374     COVAR   16076      -4.7936   -0.0082548       4.4526      0.85916
Cluster375     COVAR   16076      -5.9122    -0.010824       4.1069      0.92499
Cluster376     COVAR   16076       2.8329     0.004295       5.0603       0.2878
Cluster377     COVAR   16076       -4.309   -0.0070983       4.5696      0.82714
Cluster378     COVAR   16076        3.382    0.0057588       4.5665      0.22947
Cluster379     COVAR   16076      0.41679   0.00078191       3.9215      0.45768
Cluster38      COVAR   16076       1.5157    0.0051385       2.1758      0.24303
Cluster380     COVAR   16076      -1.8793   -0.0032371       4.5117      0.66149
Cluster381     COVAR   16076      -4.7676    -0.008766        4.043      0.88084
Cluster382     COVAR   16076       5.0876    0.0090225       4.4067      0.12416
Cluster383     COVAR   16076      -6.9679     -0.01293       4.0059      0.95901
Cluster384     COVAR   16076      -5.0139   -0.0074622       5.2936      0.82822
Cluster385     COVAR   16076      -1.0381   -0.0014187       5.7329      0.57184
Cluster386     COVAR   16076       2.0134    0.0037351       4.1084      0.31205
Cluster387     COVAR   16076     -0.32767  -0.00061926       3.7387      0.53492
Cluster388     COVAR   16076      -3.6922   -0.0072092       3.9227       0.8267
Cluster389     COVAR   16076      -7.6708    -0.011434        5.236      0.92853
Cluster39      COVAR   16076     -0.25419   -0.0011597       1.5798      0.56391
Cluster390     COVAR   16076      -7.4034   -0.0099844       5.6656      0.90434
Cluster391     COVAR   16076      -1.7614   -0.0030946       4.2757      0.65981
Cluster392     COVAR   16076      -2.7939   -0.0041099       5.2505      0.70267
Cluster393     COVAR   16076      -4.3492   -0.0059277       5.6753      0.77826
Cluster394     COVAR   16076      -3.6069   -0.0065064       4.1907      0.80529
Cluster395     COVAR   16076     -0.54849   -0.0013538       3.1516      0.56908
Cluster396     COVAR   16076      -4.2741   -0.0074764       4.2713      0.84149
Cluster397     COVAR   16076      -2.0181   -0.0045014       3.4652      0.71984
Cluster398     COVAR   16076       2.2495    0.0053883       3.1808      0.23972
Cluster399     COVAR   16076     -0.24076  -0.00079014        2.378      0.54032
Cluster4       COVAR   16076     -0.59657   -0.0052871       0.8234      0.76562
Cluster40      COVAR   16076       2.2779    0.0070164       2.4177      0.17306
Cluster400     COVAR   16076      -1.8109   -0.0055981       2.5507      0.76114
Cluster401     COVAR   16076      -1.5717   -0.0035888       3.2509      0.68561
Cluster402     COVAR   16076       -2.874   -0.0056903       3.8956      0.76967
Cluster403     COVAR   16076      -2.3514   -0.0042739       4.0586      0.71883
Cluster404     COVAR   16076       5.6793    0.0065989       6.4077      0.18773
Cluster405     COVAR   16076       4.9046     0.006079       6.3205      0.21889
Cluster406     COVAR   16076      -7.3887    -0.013042       4.8496      0.93618
Cluster407     COVAR   16076     -0.87202   -0.0011418       5.8245       0.5595
Cluster408     COVAR   16076    -0.033825  -0.00010113        2.433      0.50555
Cluster409     COVAR   16076       6.3216     0.017418       2.8531     0.013365
Cluster41      COVAR   16076       5.6958     0.014172       2.9779     0.027905
Cluster410     COVAR   16076       3.3989    0.0078968       3.1463      0.14001
Cluster411     COVAR   16076      -4.1466   -0.0097656       3.2414      0.89959
Cluster412     COVAR   16076       1.6602    0.0043034       3.3002      0.30747
Cluster413     COVAR   16076      0.93011    0.0021098       3.6613      0.39973
Cluster414     COVAR   16076       1.6526    0.0039488       3.1684      0.30098
Cluster415     COVAR   16076      -11.105    -0.018467        4.388      0.99431
Cluster416     COVAR   16076      -5.0144   -0.0090461       4.3522      0.87536
Cluster417     COVAR   16076        1.447    0.0023211       4.8996      0.38387
Cluster418     COVAR   16076        -1.01   -0.0020857       3.6722      0.60835
Cluster419     COVAR   16076       10.897     0.014237       5.9267     0.032991
Cluster42      COVAR   16076       5.2105     0.012821       2.9908     0.040749
Cluster420     COVAR   16076       2.0296    0.0032074       4.6381      0.33084
Cluster421     COVAR   16076       1.3164    0.0020996       4.7854      0.39163
Cluster422     COVAR   16076       3.7722    0.0048484        6.126      0.26903
Cluster423     COVAR   16076       4.0779    0.0045428       7.0167      0.28057
Cluster424     COVAR   16076       3.6218    0.0042149       6.5758       0.2909
Cluster425     COVAR   16076       7.7926    0.0096318       6.1717      0.10337
Cluster426     COVAR   16076       6.9059    0.0076753        7.007      0.16218
Cluster427     COVAR   16076     0.027969   3.6913e-05       5.9261      0.49812
Cluster428     COVAR   16076      -7.8409    -0.010074       6.0988      0.90071
Cluster429     COVAR   16076       3.9908    0.0060155        5.097      0.21683
Cluster43      COVAR   16076       5.1291     0.015436       2.3938     0.016078
Cluster430     COVAR   16076       2.7674    0.0044619       4.8775      0.28523
Cluster431     COVAR   16076       1.8321    0.0050629       2.8172      0.25775
Cluster432     COVAR   16076       2.9251     0.010512       2.3131      0.10302
Cluster433     COVAR   16076      0.89086    0.0017978       3.7938      0.40718
Cluster434     COVAR   16076      -4.0575   -0.0070715         4.41      0.82122
Cluster435     COVAR   16076       -3.812   -0.0086279       3.2684      0.87825
Cluster436     COVAR   16076      -2.8656   -0.0048396       4.4612      0.73967
Cluster437     COVAR   16076    -0.091942  -0.00015866       4.3834      0.50837
Cluster438     COVAR   16076     -0.16645   -0.0002807       4.5791       0.5145
Cluster439     COVAR   16076    0.0068178   1.2458e-05        4.184      0.49935
Cluster44      COVAR   16076       2.4902    0.0086617       2.0897      0.11671
Cluster440     COVAR   16076      -3.4733   -0.0054171        4.975      0.75746
Cluster441     COVAR   16076      -6.2897   -0.0099739       4.9097      0.89991
Cluster442     COVAR   16076        -5.33   -0.0090541        4.637       0.8748
Cluster443     COVAR   16076      -1.0909    -0.002033       4.0382      0.60647
Cluster444     COVAR   16076      -1.4165   -0.0027935       3.8607      0.64315
Cluster445     COVAR   16076      0.63452    0.0016465       2.8645      0.41235
Cluster446     COVAR   16076     -0.10341  -0.00021521       3.7399      0.51103
Cluster447     COVAR   16076        1.035    0.0020369       3.9791      0.39739
Cluster448     COVAR   16076       1.2384    0.0035244       2.5991      0.31687
Cluster449     COVAR   16076     -0.57485   -0.0011135       3.9961      0.55719
Cluster45      COVAR   16076        2.935     0.011043       1.9431     0.065477
Cluster450     COVAR   16076     -0.27883  -0.00059577       3.7063      0.52998
Cluster451     COVAR   16076       2.1967    0.0045262       3.8189      0.28258
Cluster452     COVAR   16076      0.77353    0.0017379       3.3676      0.40917
Cluster453     COVAR   16076       1.9792    0.0043217       3.5854      0.29047
Cluster454     COVAR   16076      0.60325    0.0010463       4.5132      0.44684
Cluster455     COVAR   16076      -1.3436   -0.0026845       3.7998      0.63818
Cluster456     COVAR   16076       1.1044    0.0016424       5.0792      0.41394
Cluster457     COVAR   16076       1.3305    0.0023789       4.2797      0.37795
Cluster458     COVAR   16076      0.80192    0.0016566       3.7197      0.41466
Cluster459     COVAR   16076       1.1425    0.0020817       4.3069       0.3954
Cluster46      COVAR   16076       3.2575        0.011       2.1752     0.067137
Cluster460     COVAR   16076     -0.25144   -0.0015737        1.468        0.568
Cluster47      COVAR   16076       3.1465     0.010227       2.2694     0.082812
Cluster48      COVAR   16076       2.3811    0.0095521       1.8441     0.098327
Cluster49      COVAR   16076       2.9414     0.011017       1.9496       0.0657
Cluster5       COVAR   16076     -0.14773    -0.001157      0.94637      0.56202
Cluster50      COVAR   16076       1.1269    0.0055559         1.51      0.22774
Cluster51      COVAR   16076       3.6638     0.016647       1.7377     0.017507
Cluster52      COVAR   16076       5.2761     0.017998       2.2337     0.009093
Cluster53      COVAR   16076       3.5762     0.012547       2.1655      0.04933
Cluster54      COVAR   16076       4.7074     0.014284        2.517     0.030734
Cluster55      COVAR   16076       5.4839     0.018217       2.3194    0.0090374
Cluster56      COVAR   16076       5.8209     0.015495        2.858     0.020849
Cluster57      COVAR   16076        4.653     0.014333       2.4837     0.030514
Cluster58      COVAR   16076       3.9482     0.014253       2.1517     0.033267
Cluster59      COVAR   16076       2.9333     0.012106       1.8656     0.057949
Cluster6       COVAR   16076    -0.085463   -0.0005968       1.0675       0.5319
Cluster60      COVAR   16076       4.1533     0.015217       2.0995     0.023962
Cluster61      COVAR   16076      0.83119    0.0033747       1.9249      0.33294
Cluster62      COVAR   16076       2.6644     0.010208       2.0228     0.093903
Cluster63      COVAR   16076       1.5943    0.0066916       1.8284      0.19162
Cluster64      COVAR   16076       1.4382    0.0071086       1.5052      0.16968
Cluster65      COVAR   16076       3.5048      0.01433       1.7917     0.025232
Cluster66      COVAR   16076       1.8562     0.012517       1.0803     0.042881
Cluster67      COVAR   16076       2.3488     0.013519       1.2567     0.030825
Cluster68      COVAR   16076       1.0591    0.0079013      0.97857      0.13957
Cluster69      COVAR   16076       1.2412    0.0075808        1.171      0.14459
Cluster7       COVAR   16076     -0.34101   -0.0024722       1.0088      0.63233
Cluster70      COVAR   16076        3.043     0.015301       1.4124      0.01561
Cluster71      COVAR   16076       1.9215    0.0096556       1.4415      0.09128
Cluster72      COVAR   16076       3.4355     0.016195       1.5412     0.012912
Cluster73      COVAR   16076       2.7618     0.013576        1.475     0.030589
Cluster74      COVAR   16076       2.9941     0.014251       1.5174     0.024251
Cluster75      COVAR   16076      0.87996    0.0031977       1.9817      0.32851
Cluster76      COVAR   16076       2.8298     0.012028       1.6711     0.045201
Cluster77      COVAR   16076       1.6106     0.007294       1.6122       0.1589
Cluster78      COVAR   16076       2.1883     0.009716        1.623     0.088783
Cluster79      COVAR   16076       2.4815     0.011013       1.6201     0.062813
Cluster8       COVAR   16076     -0.62207    -0.004052       1.1434       0.7068
Cluster80      COVAR   16076       1.5904    0.0070068       1.6345      0.16528
Cluster81      COVAR   16076       3.5268     0.015292       1.6759     0.017682
Cluster82      COVAR   16076      0.93734    0.0049185       1.3885      0.24982
Cluster83      COVAR   16076      -4.7407   -0.0095246       3.6746      0.90148
Cluster84      COVAR   16076      -8.9521    -0.014945       4.6576      0.97269
Cluster85      COVAR   16076      -11.298    -0.018962       4.3986      0.99489
Cluster86      COVAR   16076      -4.4032   -0.0073687       4.5278      0.83459
Cluster87      COVAR   16076      -9.4262    -0.017858       4.0881      0.98943
Cluster88      COVAR   16076      -7.8177    -0.012713       4.7273       0.9509
Cluster89      COVAR   16076      -4.1188   -0.0069998       4.5981       0.8148
Cluster9       COVAR   16076     -0.50782   -0.0036419       1.0298      0.68903
Cluster90      COVAR   16076      -5.9839    -0.010241       4.5351      0.90648
Cluster91      COVAR   16076      -10.709     -0.01937       4.2045      0.99456
Cluster92      COVAR   16076      -8.2623    -0.013233        4.892      0.95437
Cluster93      COVAR   16076      -7.9392    -0.012212       5.0492      0.94205
Cluster94      COVAR   16076      -8.2673    -0.013056       4.9931       0.9511
Cluster95      COVAR   16076      -5.5939    -0.010819       3.9875      0.91966
Cluster96      COVAR   16076      -4.0195   -0.0088579       3.3518      0.88476
Cluster97      COVAR   16076      -2.0024   -0.0045431       3.2273      0.73251
Cluster98      COVAR   16076       -5.817    -0.010211       4.5964      0.89715
Cluster99      COVAR   16076      -4.3031    -0.007926       4.2568      0.84395
