# TOTAL_GENES = 16076
# TEST_DIRECTION = one-sided, positive (set), one-sided, positive (covar)
# CONDITIONED_INTERNAL = gene size, gene density, inverse mac, log(gene size), log(gene density), log(inverse mac)
VARIABLE        TYPE  NGENES         BETA     BETA_STD           SE            P
Cluster0       COVAR   16076     -0.54237   -0.0068448       0.5694      0.82958
Cluster1       COVAR   16076      0.14275    0.0018977      0.54188      0.39611
Cluster10      COVAR   16076       -0.521   -0.0034594       1.1167      0.67958
Cluster100     COVAR   16076      -3.7416   -0.0077883        3.717      0.84294
Cluster101     COVAR   16076      0.59725    0.0014064       3.4418      0.43112
Cluster102     COVAR   16076      -3.0612   -0.0053137       4.4281      0.75531
Cluster103     COVAR   16076      -4.7735    -0.010286       3.5074      0.91323
Cluster104     COVAR   16076     -0.75518   -0.0016498       3.5537      0.58414
Cluster105     COVAR   16076      -2.9415   -0.0052558       4.4009      0.74805
Cluster106     COVAR   16076     0.074152   0.00011792       4.9711      0.49405
Cluster107     COVAR   16076      0.36713   0.00074275       3.8004      0.46152
Cluster108     COVAR   16076       2.7281     0.003541       6.0341       0.3256
Cluster109     COVAR   16076       4.4521    0.0060115       5.8144      0.22193
Cluster11      COVAR   16076     -0.45118   -0.0029527       1.1279      0.65543
Cluster110     COVAR   16076       2.2422    0.0039496       4.2765      0.30004
Cluster111     COVAR   16076       3.4428    0.0064359        3.942      0.19124
Cluster112     COVAR   16076       3.0051    0.0045408       5.2055      0.28187
Cluster113     COVAR   16076      0.46627    0.0011815       3.1262      0.44072
Cluster114     COVAR   16076       1.9544    0.0041394       3.6954      0.29845
Cluster115     COVAR   16076       1.0117    0.0022521       3.4642      0.38512
Cluster116     COVAR   16076       2.0757    0.0038589        4.245      0.31243
Cluster117     COVAR   16076     -0.31202  -0.00063657       3.8154      0.53259
Cluster118     COVAR   16076      -3.0114   -0.0059497       3.8121      0.78521
Cluster119     COVAR   16076       2.1428    0.0050985       3.3749      0.26275
Cluster12      COVAR   16076      0.36123     0.003117       0.8744      0.33976
Cluster120     COVAR   16076      -2.5594   -0.0035594       5.5173      0.67863
Cluster121     COVAR   16076      -3.9246    -0.006251       4.8461      0.79097
Cluster122     COVAR   16076     -0.44009  -0.00059655       5.8731      0.52987
Cluster123     COVAR   16076      -2.5403   -0.0033704       6.0264      0.66331
Cluster124     COVAR   16076      -3.5323    -0.005689       4.8561       0.7665
Cluster125     COVAR   16076      -1.8184   -0.0025236        5.655       0.6261
Cluster126     COVAR   16076      -3.1762   -0.0070287       3.6048      0.81085
Cluster127     COVAR   16076      -3.3589   -0.0067886       3.7843      0.81261
Cluster128     COVAR   16076      0.47217   0.00066136        5.722      0.46712
Cluster129     COVAR   16076     -0.99979   -0.0014062       5.6281       0.5705
Cluster13      COVAR   16076     -0.45033   -0.0037703      0.85798      0.70016
Cluster130     COVAR   16076      -3.9894    -0.005296       5.8848      0.75108
Cluster131     COVAR   16076       2.5768    0.0035999       5.6767      0.32495
Cluster132     COVAR   16076      -5.7917   -0.0092295       4.8819      0.88225
Cluster133     COVAR   16076      -6.8535   -0.0088121       6.1462      0.86758
Cluster134     COVAR   16076        2.131    0.0033577       5.0973      0.33796
Cluster135     COVAR   16076      -1.3269   -0.0026371       4.0201      0.62933
Cluster136     COVAR   16076      0.33083   0.00059919       4.1754      0.46842
Cluster137     COVAR   16076      0.56089   0.00089715        4.935      0.45476
Cluster138     COVAR   16076      -1.6657   -0.0028333       4.5274      0.64353
Cluster139     COVAR   16076      -1.0149    -0.001549       5.1538      0.57806
Cluster14      COVAR   16076      0.57178    0.0041728       1.0481       0.2927
Cluster140     COVAR   16076        2.134    0.0029523       5.6925      0.35388
Cluster141     COVAR   16076      -1.4254   -0.0020536       5.5533      0.60129
Cluster142     COVAR   16076      -2.7816   -0.0056219       4.0977      0.75137
Cluster143     COVAR   16076     -0.90335   -0.0014188       5.0235      0.57135
Cluster144     COVAR   16076       1.0084    0.0014744        5.511      0.42741
Cluster145     COVAR   16076      -5.0351   -0.0084849        4.595       0.8634
Cluster146     COVAR   16076       -2.371   -0.0032572       5.7583      0.65974
Cluster147     COVAR   16076      -4.7346   -0.0060489       6.0993      0.78119
Cluster148     COVAR   16076      -6.2437   -0.0085042       5.7376      0.86174
Cluster149     COVAR   16076      -3.9409   -0.0053388        5.722      0.75449
Cluster15      COVAR   16076      0.38318    0.0029634       1.0125      0.35255
Cluster150     COVAR   16076       2.3739    0.0048654       3.6966      0.26038
Cluster151     COVAR   16076    -0.014563  -2.8142e-05       3.9492      0.50147
Cluster152     COVAR   16076      -3.5858   -0.0086094       3.2691      0.86364
Cluster153     COVAR   16076     0.072527   0.00013233        4.117      0.49297
Cluster154     COVAR   16076       1.0489     0.001847       4.3106      0.40388
Cluster155     COVAR   16076       1.1503     0.001543       5.8913       0.4226
Cluster156     COVAR   16076      -3.1701   -0.0048571        5.013      0.73642
Cluster157     COVAR   16076      -3.5899   -0.0067985       4.4282      0.79122
Cluster158     COVAR   16076      -7.2042    -0.010319       5.4433      0.90715
Cluster159     COVAR   16076      -4.0038    -0.006105       5.0311      0.78692
Cluster16      COVAR   16076      0.53353    0.0033807       1.2142      0.33019
Cluster160     COVAR   16076      -2.5917   -0.0054859       3.3324      0.78163
Cluster161     COVAR   16076      -1.2746    -0.002626       3.5283      0.64104
Cluster162     COVAR   16076      -3.6755   -0.0058672       4.8573      0.77538
Cluster163     COVAR   16076       -5.126   -0.0097061       4.0883      0.89504
Cluster164     COVAR   16076       -1.929   -0.0036952       3.9268      0.68836
Cluster165     COVAR   16076      -5.7937    -0.011116       3.9709      0.92771
Cluster166     COVAR   16076      -2.8658   -0.0054876       4.0166      0.76223
Cluster167     COVAR   16076      -2.7684   -0.0045347       4.8321      0.71665
Cluster168     COVAR   16076      -4.2318   -0.0080844       4.3158      0.83658
Cluster169     COVAR   16076      -2.1679   -0.0038634       4.2545      0.69481
Cluster17      COVAR   16076     0.017384   0.00015448      0.85147      0.49186
Cluster170     COVAR   16076       -2.475    -0.003808       5.0233      0.68888
Cluster171     COVAR   16076     -0.16263   -0.0003494       3.5961      0.51804
Cluster172     COVAR   16076      -1.0095   -0.0016955       4.6877      0.58525
Cluster173     COVAR   16076      -2.6452   -0.0055248       3.6171       0.7677
Cluster174     COVAR   16076      -1.2649   -0.0021801       4.5521      0.60944
Cluster175     COVAR   16076     -0.16425  -0.00027085       4.8464      0.51352
Cluster176     COVAR   16076       -1.816   -0.0037188       3.7435       0.6862
Cluster177     COVAR   16076      -1.5886   -0.0022362       5.6254      0.61118
Cluster178     COVAR   16076       3.4413    0.0055697       4.6754      0.23086
Cluster179     COVAR   16076      0.26436    0.0004166       4.8599      0.47831
Cluster18      COVAR   16076      0.83531    0.0076403       0.8349      0.15855
Cluster180     COVAR   16076      -3.3586    -0.007709       3.3737      0.84025
Cluster181     COVAR   16076      -4.2541    -0.008044       4.0741      0.85179
Cluster182     COVAR   16076      -3.5269   -0.0077684       3.4432      0.84715
Cluster183     COVAR   16076     -0.55869   -0.0010121       4.2669      0.55209
Cluster184     COVAR   16076      -2.2526   -0.0056686       2.8911      0.78205
Cluster185     COVAR   16076      0.96012    0.0016806       4.3116      0.41189
Cluster186     COVAR   16076      -8.2299    -0.016633       3.7739      0.98539
Cluster187     COVAR   16076      -4.1778   -0.0066722        4.854      0.80529
Cluster188     COVAR   16076     -0.39711   -0.0006447       4.5513      0.53476
Cluster189     COVAR   16076       -2.313   -0.0050277       3.4847      0.74657
Cluster19      COVAR   16076     -0.12571  -0.00087926       1.0598      0.54721
Cluster190     COVAR   16076     -0.31574  -0.00080178       2.9288      0.54292
Cluster191     COVAR   16076      0.39044   0.00079456       3.6956      0.45793
Cluster192     COVAR   16076       0.3455   0.00086794       2.9814      0.45387
Cluster193     COVAR   16076     -0.75706   -0.0013791       4.0884      0.57345
Cluster194     COVAR   16076       3.3361    0.0071539       3.4683      0.16806
Cluster195     COVAR   16076      -1.8485    -0.003711        3.509      0.70083
Cluster196     COVAR   16076     -0.41573  -0.00075163       4.1379      0.54001
Cluster197     COVAR   16076      -5.3101    -0.009642       4.2381      0.89488
Cluster198     COVAR   16076      -2.5915   -0.0048084       4.1409      0.73428
Cluster199     COVAR   16076     -0.73965    -0.001911       2.8834      0.60122
Cluster2       COVAR   16076      0.67252     0.010538      0.47654     0.079097
Cluster20      COVAR   16076      -1.0524    -0.006801       1.1533      0.81923
Cluster200     COVAR   16076      -1.9127   -0.0039588       3.6496      0.69989
Cluster201     COVAR   16076      -2.5224   -0.0038959       5.0817      0.69018
Cluster202     COVAR   16076     -0.86961   -0.0014451       4.6897      0.57355
Cluster203     COVAR   16076      -5.5315   -0.0091923       4.6937      0.88069
Cluster204     COVAR   16076      -4.8493   -0.0094828       3.9712      0.88897
Cluster205     COVAR   16076      -6.2418    -0.010693       4.6723       0.9092
Cluster206     COVAR   16076       4.5878    0.0092571        3.818      0.11477
Cluster207     COVAR   16076       2.7947     0.004992       4.4039      0.26285
Cluster208     COVAR   16076       3.0983    0.0054282        4.483      0.24475
Cluster209     COVAR   16076       2.6674    0.0064967       3.1427      0.19801
Cluster21      COVAR   16076     -0.16887   -0.0010205       1.2288      0.55465
Cluster210     COVAR   16076     -0.64646   -0.0013256       3.7709      0.56806
Cluster211     COVAR   16076      0.62501    0.0014984       3.1546      0.42147
Cluster212     COVAR   16076        6.795     0.012544       4.1941     0.052614
Cluster213     COVAR   16076     -0.14551   -0.0002449         4.67      0.51243
Cluster214     COVAR   16076       2.2932    0.0036735       4.9085      0.32019
Cluster215     COVAR   16076      0.89183    0.0019307       3.5633      0.40119
Cluster216     COVAR   16076       5.1181    0.0076171       5.3174       0.1679
Cluster217     COVAR   16076     -0.16175  -0.00019466       6.6553      0.50969
Cluster218     COVAR   16076       2.3342    0.0036572       4.9076      0.31717
Cluster219     COVAR   16076       2.2738    0.0030527       5.8301      0.34827
Cluster22      COVAR   16076      0.42317    0.0023278       1.3612      0.37795
Cluster220     COVAR   16076     -0.56265  -0.00086334       5.1233      0.54372
Cluster221     COVAR   16076       7.6977     0.014258       4.2119     0.033815
Cluster222     COVAR   16076       4.8501     0.008851        4.242      0.12646
Cluster223     COVAR   16076       3.7736    0.0067384       4.1739      0.18298
Cluster224     COVAR   16076       3.3562    0.0047728       5.4743      0.26992
Cluster225     COVAR   16076      -1.3749   -0.0021608       4.9193      0.61007
Cluster226     COVAR   16076      -2.8453   -0.0039446       5.6641      0.69228
Cluster227     COVAR   16076       1.2439    0.0018318       5.2826      0.40692
Cluster228     COVAR   16076     -0.56511  -0.00072176       6.1855       0.5364
Cluster229     COVAR   16076      0.70355   0.00097144       5.5715      0.44976
Cluster23      COVAR   16076      0.22815    0.0011949       1.4533      0.43763
Cluster230     COVAR   16076     -0.74571  -0.00099438       5.9223       0.5501
Cluster231     COVAR   16076      -2.3433   -0.0031399       5.8617      0.65533
Cluster232     COVAR   16076      -8.3828    -0.011467       5.7432      0.92779
Cluster233     COVAR   16076      -9.1399     -0.01227       6.0465      0.93467
Cluster234     COVAR   16076      -1.0619    -0.001324       6.3644      0.56626
Cluster235     COVAR   16076       3.5901     0.008847       2.9509      0.11189
Cluster236     COVAR   16076       1.8146    0.0027243       5.2849      0.36567
Cluster237     COVAR   16076       11.075      0.01404       6.2904     0.039164
Cluster238     COVAR   16076      0.63483   0.00090472        5.514      0.45417
Cluster239     COVAR   16076      -2.9124   -0.0038929       5.9098      0.68892
Cluster24      COVAR   16076      0.99951    0.0061721       1.2339      0.20896
Cluster240     COVAR   16076       4.7806    0.0063626          5.9       0.2089
Cluster241     COVAR   16076       4.8587    0.0072071       5.3304      0.18102
Cluster242     COVAR   16076        11.17     0.014398       6.1609     0.034918
Cluster243     COVAR   16076       9.7509     0.013929       5.6129     0.041185
Cluster244     COVAR   16076      -2.2562    -0.003377       5.1657      0.66886
Cluster245     COVAR   16076       7.6432     0.011047        5.481     0.081599
Cluster246     COVAR   16076      -2.6389   -0.0047114       4.5199      0.72033
Cluster247     COVAR   16076      0.18412   0.00028782       4.9238      0.48509
Cluster248     COVAR   16076      -1.0066   -0.0014948        5.356      0.57454
Cluster249     COVAR   16076       3.2532    0.0043006       6.0406       0.2951
Cluster25      COVAR   16076       1.6639    0.0081727       1.5521      0.14186
Cluster250     COVAR   16076      -2.9687   -0.0050521       4.8146      0.73124
Cluster251     COVAR   16076      -4.4575   -0.0070229       5.1108      0.80844
Cluster252     COVAR   16076      -3.8931   -0.0057664       5.4738      0.76152
Cluster253     COVAR   16076      -1.5748   -0.0023868       5.2139      0.61869
Cluster254     COVAR   16076      -2.5797   -0.0048983       4.0438      0.73824
Cluster255     COVAR   16076      -1.7327   -0.0027195       4.9567      0.63666
Cluster256     COVAR   16076       0.4399   0.00066679       5.1816      0.46617
Cluster257     COVAR   16076      0.51391   0.00069044       5.9355       0.4655
Cluster258     COVAR   16076      -4.7416   -0.0070576       5.2089      0.81866
Cluster259     COVAR   16076       -1.111   -0.0014669       6.0944      0.57232
Cluster26      COVAR   16076       1.8806    0.0097175        1.466     0.099782
Cluster260     COVAR   16076      0.47327   0.00066441       5.6137      0.46641
Cluster261     COVAR   16076      -2.4068   -0.0034984       5.4493      0.67063
Cluster262     COVAR   16076       4.8487    0.0064833       5.9917       0.2092
Cluster263     COVAR   16076       2.3541    0.0033806        5.513      0.33469
Cluster264     COVAR   16076       7.5965     0.011177       5.3737     0.078745
Cluster265     COVAR   16076       4.9889    0.0077094        5.067      0.16242
Cluster266     COVAR   16076       9.9549     0.014495       5.3882     0.032344
Cluster267     COVAR   16076       1.6458    0.0023815       5.3938      0.38014
Cluster268     COVAR   16076      0.48506   0.00072689       5.3968      0.46419
Cluster269     COVAR   16076       2.9499    0.0039091       6.0016      0.31153
Cluster27      COVAR   16076       1.9136    0.0087775       1.6561      0.12397
Cluster270     COVAR   16076      -3.7998   -0.0057684        5.277      0.76425
Cluster271     COVAR   16076      -0.3528   -0.0005087       5.5172      0.52549
Cluster272     COVAR   16076      -1.6664   -0.0030274       4.4734      0.64524
Cluster273     COVAR   16076      0.92668    0.0012452       5.9391      0.43801
Cluster274     COVAR   16076      -5.1362    -0.007521       5.4483      0.82708
Cluster275     COVAR   16076      -2.1011    -0.003224       5.2377      0.65584
Cluster276     COVAR   16076     -0.62947  -0.00099779       4.5632      0.55486
Cluster277     COVAR   16076     -0.27854  -0.00044553       4.7134      0.52356
Cluster278     COVAR   16076     0.015325   2.2379e-05        5.322      0.49885
Cluster279     COVAR   16076         -1.5   -0.0023981        4.827        0.622
Cluster28      COVAR   16076      0.86666    0.0051792       1.2812      0.24938
Cluster280     COVAR   16076      0.38474   0.00060672       4.9095      0.46877
Cluster281     COVAR   16076       2.2668    0.0042299       4.0611      0.28837
Cluster282     COVAR   16076        2.932    0.0057326       3.9933      0.23141
Cluster283     COVAR   16076       4.9007    0.0067147       5.7138      0.19554
Cluster284     COVAR   16076       3.4922    0.0051015       5.3664      0.25761
Cluster285     COVAR   16076       2.5277    0.0036428       5.3224      0.31742
Cluster286     COVAR   16076      0.53259    0.0007615       5.5777      0.46197
Cluster287     COVAR   16076      -7.9591    -0.013151        4.677      0.95559
Cluster288     COVAR   16076      -5.7398   -0.0081334       5.6012      0.84725
Cluster289     COVAR   16076      -5.6033   -0.0097547       4.4846      0.89424
Cluster29      COVAR   16076       1.5861     0.011765      0.98698     0.054038
Cluster290     COVAR   16076      -8.9921    -0.014017       5.0411      0.96276
Cluster291     COVAR   16076      -5.8146   -0.0084488        5.338      0.86197
Cluster292     COVAR   16076      -3.5052   -0.0053274       5.1642      0.75135
Cluster293     COVAR   16076      -4.5135   -0.0088688       3.8094      0.88195
Cluster294     COVAR   16076     0.074962   0.00010685        5.612      0.49467
Cluster295     COVAR   16076      -5.4695    -0.010034       4.2848       0.8991
Cluster296     COVAR   16076       2.4535    0.0039091       4.8668      0.30709
Cluster297     COVAR   16076       0.6247    0.0055631      0.77772      0.21092
Cluster298     COVAR   16076      -10.027     -0.02098       3.6599      0.99692
Cluster299     COVAR   16076      -7.6562    -0.015083        3.955      0.97355
Cluster3       COVAR   16076     -0.30495   -0.0046346      0.50208      0.72819
Cluster30      COVAR   16076       1.7678    0.0083694       1.5464       0.1265
Cluster300     COVAR   16076      -6.2731    -0.014671       3.2285      0.97398
Cluster301     COVAR   16076      -4.9687    -0.011205       3.3406      0.93153
Cluster302     COVAR   16076      -6.7647    -0.021435       2.3174      0.99824
Cluster303     COVAR   16076      -4.5618    -0.014091       2.4276      0.96988
Cluster304     COVAR   16076      -5.4629    -0.013343       3.0482      0.96344
Cluster305     COVAR   16076      -2.5505   -0.0064445       2.9915      0.80305
Cluster306     COVAR   16076      -3.6963   -0.0080435       3.3907      0.86217
Cluster307     COVAR   16076      -3.9239   -0.0080155        3.607      0.86166
Cluster308     COVAR   16076       1.0767    0.0027618       3.0102      0.36029
Cluster309     COVAR   16076      0.30974   0.00062745       3.9221      0.46853
Cluster31      COVAR   16076       2.3031     0.014783       1.1505      0.02266
Cluster310     COVAR   16076      0.50512    0.0012618       3.2094      0.43747
Cluster311     COVAR   16076     -0.20497  -0.00060884       2.6821      0.53046
Cluster312     COVAR   16076      -1.1324   -0.0036584       2.5374       0.6723
Cluster313     COVAR   16076      -2.2866   -0.0081873       2.0637      0.86606
Cluster314     COVAR   16076       0.1797    0.0010662       1.2373      0.44226
Cluster315     COVAR   16076      -2.8738   -0.0054291       4.0263       0.7623
Cluster316     COVAR   16076       1.3709    0.0037052       2.8948       0.3179
Cluster317     COVAR   16076      0.43671    0.0010807       3.2694      0.44687
Cluster318     COVAR   16076      -2.8401   -0.0062091       3.5538       0.7879
Cluster319     COVAR   16076      -3.6938   -0.0078712       3.6135      0.84666
Cluster32      COVAR   16076        1.707    0.0049088       2.7844      0.26992
Cluster320     COVAR   16076      -1.7742   -0.0042133       3.3227      0.70331
Cluster321     COVAR   16076      0.32063    0.0006379       3.8582      0.46689
Cluster322     COVAR   16076       -0.241  -0.00066656       2.7551      0.53485
Cluster323     COVAR   16076       1.8503    0.0035373       4.0041      0.32201
Cluster324     COVAR   16076       2.1849    0.0042121       4.0461       0.2946
Cluster325     COVAR   16076     -0.76416   -0.0014272       4.2037      0.57212
Cluster326     COVAR   16076      -2.5632   -0.0049381       4.1165      0.73324
Cluster327     COVAR   16076       5.3231    0.0091062       4.5299      0.11999
Cluster328     COVAR   16076       5.9902     0.010274       4.4824     0.090727
Cluster329     COVAR   16076       7.6437     0.011639       5.1182     0.067674
Cluster33      COVAR   16076       1.9424    0.0049417       3.0659      0.26319
Cluster330     COVAR   16076       1.3239    0.0024606        4.069      0.37246
Cluster331     COVAR   16076     -0.14124  -0.00024925       4.2927      0.51312
Cluster332     COVAR   16076      -2.0889   -0.0033843       4.8188      0.66766
Cluster333     COVAR   16076      0.93858    0.0019763       3.7533      0.40127
Cluster334     COVAR   16076      0.73363    0.0024001       2.4699      0.38323
Cluster335     COVAR   16076      -3.7996    -0.010587         2.77      0.91491
Cluster336     COVAR   16076      -2.9556   -0.0077772       2.9248      0.84387
Cluster337     COVAR   16076      0.34867   0.00090612       2.8744      0.45173
Cluster338     COVAR   16076      -5.3394    -0.014004       3.1075      0.95711
Cluster339     COVAR   16076      0.11995   0.00020599       4.2919      0.48885
Cluster34      COVAR   16076       3.5732    0.0087078       3.1408      0.12764
Cluster340     COVAR   16076       -0.511   -0.0012331       3.1395      0.56465
Cluster341     COVAR   16076      -2.8695   -0.0062575       3.2984      0.80783
Cluster342     COVAR   16076      -2.2692    -0.006277       2.8971      0.78325
Cluster343     COVAR   16076      -1.7015   -0.0049342        2.778      0.72989
Cluster344     COVAR   16076       5.3073     0.011047       4.0728     0.096283
Cluster345     COVAR   16076      -2.5646   -0.0072133       2.8991      0.81181
Cluster346     COVAR   16076      -1.1776   -0.0034307       2.6759      0.67005
Cluster347     COVAR   16076      -2.4645     -0.00494       4.0161      0.73028
Cluster348     COVAR   16076      -2.0457   -0.0056094       3.1658      0.74092
Cluster349     COVAR   16076        -2.79   -0.0056832       4.1013      0.75183
Cluster35      COVAR   16076       2.6042    0.0063624       3.1378       0.2033
Cluster350     COVAR   16076      -6.0106    -0.010135       4.7414      0.89753
Cluster351     COVAR   16076      -4.9435   -0.0087815       4.2851      0.87567
Cluster352     COVAR   16076      -7.4986    -0.012517       4.6373      0.94705
Cluster353     COVAR   16076       -4.228   -0.0073651       4.4003      0.83168
Cluster354     COVAR   16076       -8.221    -0.011114       5.6917      0.92567
Cluster355     COVAR   16076      -8.7869    -0.010658       6.4006      0.91508
Cluster356     COVAR   16076      -6.2659   -0.0082008       5.9289       0.8547
Cluster357     COVAR   16076      -9.0644    -0.015258       4.6316      0.97482
Cluster358     COVAR   16076      -3.9276   -0.0053461       5.7052       0.7544
Cluster359     COVAR   16076      -4.4126   -0.0072698       4.6341      0.82949
Cluster36      COVAR   16076       2.1145     0.005352       2.9814      0.23909
Cluster360     COVAR   16076      -3.3901   -0.0056825       4.7039      0.76445
Cluster361     COVAR   16076      -3.7351   -0.0065801       4.3493      0.80476
Cluster362     COVAR   16076      -11.012    -0.017098       4.8971      0.98773
Cluster363     COVAR   16076      -3.9703   -0.0083071       3.4972      0.87186
Cluster364     COVAR   16076      -4.0668   -0.0068461       4.3423       0.8255
Cluster365     COVAR   16076       -2.672   -0.0036735       5.5455      0.68504
Cluster366     COVAR   16076      -3.3954   -0.0059108        4.433      0.77813
Cluster367     COVAR   16076      -3.1749   -0.0039653        6.157      0.69695
Cluster368     COVAR   16076      -3.5353   -0.0072023       3.4055      0.85038
Cluster369     COVAR   16076      -6.5077   -0.0088811       5.6354       0.8759
Cluster37      COVAR   16076       2.4042     0.007628       2.3168      0.14971
Cluster370     COVAR   16076      -6.8609   -0.0095651       5.6629      0.88715
Cluster371     COVAR   16076      -4.4498   -0.0086897       3.9324      0.87108
Cluster372     COVAR   16076       6.5349     0.010691       4.7421     0.084104
Cluster373     COVAR   16076     -0.71019   -0.0011663       4.6987      0.56007
Cluster374     COVAR   16076       -6.409    -0.011037       4.4772      0.92384
Cluster375     COVAR   16076      -5.3309   -0.0097596       4.1298      0.90161
Cluster376     COVAR   16076       1.4372     0.002179       5.0884       0.3888
Cluster377     COVAR   16076      -4.8923   -0.0080592       4.5949      0.85649
Cluster378     COVAR   16076       1.8243    0.0031064       4.5919      0.34558
Cluster379     COVAR   16076       1.1176    0.0020966       3.9433      0.38843
Cluster38      COVAR   16076      -0.2403  -0.00081469       2.1879      0.54373
Cluster380     COVAR   16076      -2.4535   -0.0042262       4.5367      0.70568
Cluster381     COVAR   16076      -4.6656   -0.0085783       4.0654      0.87443
Cluster382     COVAR   16076      0.56586    0.0010035       4.4314       0.4492
Cluster383     COVAR   16076      -9.8608    -0.018298       4.0277      0.99282
Cluster384     COVAR   16076      -6.2953   -0.0093692       5.3228      0.88152
Cluster385     COVAR   16076      -2.5854   -0.0035335       5.7646       0.6731
Cluster386     COVAR   16076       1.5017    0.0027859       4.1312      0.35812
Cluster387     COVAR   16076     -0.43176  -0.00081597       3.7595      0.54572
Cluster388     COVAR   16076      -4.2497   -0.0082978       3.9444      0.85934
Cluster389     COVAR   16076      -7.8328    -0.011675        5.265      0.93157
Cluster39      COVAR   16076      -1.6477    -0.007517       1.5885      0.85017
Cluster390     COVAR   16076      -8.5879    -0.011582       5.6969      0.93414
Cluster391     COVAR   16076      -2.9029   -0.0051003       4.2994      0.75022
Cluster392     COVAR   16076      -6.9868    -0.010278       5.2793      0.90714
Cluster393     COVAR   16076      -5.1538   -0.0070243       5.7067      0.81676
Cluster394     COVAR   16076      -4.7784   -0.0086198       4.2139      0.87159
Cluster395     COVAR   16076      -2.9529   -0.0072883       3.1689      0.82428
Cluster396     COVAR   16076      -6.1856     -0.01082       4.2948      0.92509
Cluster397     COVAR   16076      -3.6968   -0.0082458       3.4843      0.85564
Cluster398     COVAR   16076      0.10568   0.00025314       3.1985      0.48682
Cluster399     COVAR   16076     -0.32329    -0.001061       2.3911      0.55377
Cluster4       COVAR   16076     -0.86513   -0.0076673      0.82795      0.85196
Cluster40      COVAR   16076      0.94942    0.0029245       2.4311      0.34808
Cluster400     COVAR   16076      -1.5521    -0.004798       2.5649      0.72745
Cluster401     COVAR   16076     0.085654   0.00019558       3.2689      0.48955
Cluster402     COVAR   16076      -1.8159   -0.0035952       3.9171      0.67852
Cluster403     COVAR   16076      -3.6887   -0.0067044        4.081      0.81696
Cluster404     COVAR   16076       7.2339    0.0084052       6.4431      0.13078
Cluster405     COVAR   16076       4.5485    0.0056375       6.3556      0.23711
Cluster406     COVAR   16076      -7.6675    -0.013535       4.8768      0.94204
Cluster407     COVAR   16076      -7.6146   -0.0099703       5.8564      0.90323
Cluster408     COVAR   16076      -0.3798   -0.0011355       2.4464      0.56168
Cluster409     COVAR   16076       3.6116    0.0099513       2.8693      0.10408
Cluster41      COVAR   16076       4.2107     0.010477       2.9946     0.079862
Cluster410     COVAR   16076       1.4389    0.0033431       3.1639      0.32463
Cluster411     COVAR   16076      -2.6296    -0.006193       3.2595      0.79009
Cluster412     COVAR   16076       1.9875    0.0051518       3.3185      0.27462
Cluster413     COVAR   16076      0.35914   0.00081467       3.6816      0.46115
Cluster414     COVAR   16076       1.0669    0.0025494        3.186      0.36886
Cluster415     COVAR   16076      -12.063    -0.020059       4.4121      0.99687
Cluster416     COVAR   16076      -6.2413    -0.011259       4.3762      0.92308
Cluster417     COVAR   16076     -0.86643   -0.0013898       4.9268       0.5698
Cluster418     COVAR   16076     -0.51353   -0.0010605       3.6926       0.5553
Cluster419     COVAR   16076        8.021     0.010479       5.9599      0.08919
Cluster42      COVAR   16076       4.2634     0.010491       3.0075     0.078168
Cluster420     COVAR   16076      0.26542   0.00041943       4.6639      0.47731
Cluster421     COVAR   16076      0.55594    0.0008867       4.8119      0.45401
Cluster422     COVAR   16076       2.9367    0.0037745         6.16      0.31678
Cluster423     COVAR   16076     -0.71107  -0.00079214       7.0557      0.54014
Cluster424     COVAR   16076     -0.22892  -0.00026641       6.6122      0.51381
Cluster425     COVAR   16076       2.2487    0.0027794       6.2062      0.35856
Cluster426     COVAR   16076       5.3312    0.0059252        7.046      0.22464
Cluster427     COVAR   16076      -3.2102   -0.0042368        5.959      0.70496
Cluster428     COVAR   16076      -8.2371    -0.010583       6.1326      0.91038
Cluster429     COVAR   16076       3.0732    0.0046324       5.1253      0.27439
Cluster43      COVAR   16076        3.792     0.011412       2.4072     0.057609
Cluster430     COVAR   16076       2.2847    0.0036835       4.9045      0.32067
Cluster431     COVAR   16076       2.2822    0.0063067       2.8328      0.21024
Cluster432     COVAR   16076       2.0175    0.0072504        2.326      0.19287
Cluster433     COVAR   16076      0.81992    0.0016547       3.8149      0.41491
Cluster434     COVAR   16076      -4.6587   -0.0081193       4.4344      0.85326
Cluster435     COVAR   16076      -3.3528   -0.0075885       3.2865      0.84617
Cluster436     COVAR   16076      -2.3007   -0.0038855       4.4859      0.69597
Cluster437     COVAR   16076     -0.14957   -0.0002581       4.4077      0.51353
Cluster438     COVAR   16076      -2.4628   -0.0041532       4.6044      0.70363
Cluster439     COVAR   16076     -0.88777   -0.0016223       4.2072      0.58356
Cluster44      COVAR   16076       1.2383    0.0043071       2.1014      0.27785
Cluster440     COVAR   16076      -4.3822   -0.0068347       5.0025      0.80948
Cluster441     COVAR   16076      -6.3628     -0.01009       4.9369      0.90126
Cluster442     COVAR   16076      -5.3552    -0.009097       4.6627      0.87461
Cluster443     COVAR   16076     -0.46038  -0.00085801       4.0606      0.54513
Cluster444     COVAR   16076     -0.61972   -0.0012221       3.8822      0.56341
Cluster445     COVAR   16076      0.31183   0.00080914       2.8804       0.4569
Cluster446     COVAR   16076      0.72044    0.0014994       3.7607      0.42404
Cluster447     COVAR   16076       0.3906   0.00076867       4.0011      0.46112
Cluster448     COVAR   16076     0.083038   0.00023631       2.6135      0.48733
Cluster449     COVAR   16076       -2.643   -0.0051194       4.0182      0.74465
Cluster45      COVAR   16076       1.8506    0.0069629        1.954       0.1718
Cluster450     COVAR   16076      -1.3964   -0.0029837       3.7268      0.64605
Cluster451     COVAR   16076       1.0546     0.002173       3.8402       0.3918
Cluster452     COVAR   16076     -0.05509  -0.00012377       3.3863      0.50649
Cluster453     COVAR   16076      0.59257    0.0012939       3.6053      0.43472
Cluster454     COVAR   16076      -1.7828   -0.0030921       4.5382      0.65277
Cluster455     COVAR   16076      -3.1325   -0.0062584       3.8208      0.79384
Cluster456     COVAR   16076     -0.38641  -0.00057465       5.1074      0.53015
Cluster457     COVAR   16076      0.16111   0.00028807       4.3035      0.48507
Cluster458     COVAR   16076     -0.66679   -0.0013774       3.7403      0.57074
Cluster459     COVAR   16076      -2.9741   -0.0054187       4.3307      0.75387
Cluster46      COVAR   16076       2.0463      0.00691       2.1874      0.17477
Cluster460     COVAR   16076      0.94716     0.005928       1.4761      0.26055
Cluster47      COVAR   16076       1.7934    0.0058294       2.2821      0.21598
Cluster48      COVAR   16076       1.6577    0.0066501       1.8544      0.18568
Cluster49      COVAR   16076       1.4552    0.0054503       1.9606      0.22898
Cluster5       COVAR   16076     -0.25435   -0.0019921      0.95161      0.60537
Cluster50      COVAR   16076      0.13478   0.00066449       1.5184      0.46463
Cluster51      COVAR   16076       3.9311     0.017861       1.7473     0.012238
Cluster52      COVAR   16076       5.2069     0.017762        2.246     0.010225
Cluster53      COVAR   16076       3.6419     0.012777       2.1774     0.047218
Cluster54      COVAR   16076       4.8104     0.014597       2.5309     0.028686
Cluster55      COVAR   16076        5.306     0.017626       2.3323      0.01146
Cluster56      COVAR   16076        7.958     0.021184       2.8735    0.0028111
Cluster57      COVAR   16076       5.3502      0.01648       2.4973     0.016091
Cluster58      COVAR   16076       4.3886     0.015842       2.1635     0.021267
Cluster59      COVAR   16076       4.5256     0.018677       1.8757    0.0079232
Cluster6       COVAR   16076    -0.033356  -0.00023293       1.0734      0.51239
Cluster60      COVAR   16076       5.2555     0.019255        2.111    0.0064005
Cluster61      COVAR   16076       2.0376    0.0082728       1.9355      0.14623
Cluster62      COVAR   16076       4.1422     0.015871       2.0338     0.020852
Cluster63      COVAR   16076       2.2757    0.0095514       1.8385      0.10791
Cluster64      COVAR   16076       1.6343     0.008078       1.5135      0.14012
Cluster65      COVAR   16076       3.5799     0.014637       1.8016     0.023466
Cluster66      COVAR   16076       2.1388     0.014422       1.0862     0.024484
Cluster67      COVAR   16076       2.4395     0.014041       1.2637     0.026785
Cluster68      COVAR   16076       1.1274    0.0084108      0.98399      0.12596
Cluster69      COVAR   16076       1.2502    0.0076356       1.1775      0.14418
Cluster7       COVAR   16076     -0.27161   -0.0019691       1.0144      0.60556
Cluster70      COVAR   16076       3.0713     0.015443       1.4202     0.015297
Cluster71      COVAR   16076       1.7282    0.0086845       1.4495      0.11658
Cluster72      COVAR   16076       3.4357     0.016196       1.5498     0.013322
Cluster73      COVAR   16076       2.7588     0.013561       1.4832     0.031451
Cluster74      COVAR   16076       3.4356     0.016352       1.5258      0.01218
Cluster75      COVAR   16076       2.3237    0.0084439       1.9926      0.12179
Cluster76      COVAR   16076       3.3051     0.014048       1.6802     0.024595
Cluster77      COVAR   16076       2.2637     0.010251        1.621     0.081296
Cluster78      COVAR   16076       2.6411     0.011726       1.6317     0.052777
Cluster79      COVAR   16076       2.7556     0.012229       1.6289     0.045368
Cluster8       COVAR   16076     -0.86132   -0.0056104       1.1497      0.77312
Cluster80      COVAR   16076       1.7519    0.0077185       1.6433      0.14319
Cluster81      COVAR   16076       3.9717     0.017221        1.685    0.0092176
Cluster82      COVAR   16076       1.3538    0.0071038       1.3961      0.16611
Cluster83      COVAR   16076      -3.4163   -0.0068638       3.6951      0.82239
Cluster84      COVAR   16076      -7.7237    -0.012894       4.6836      0.95042
Cluster85      COVAR   16076      -10.494    -0.017611       4.4232      0.99116
Cluster86      COVAR   16076       -2.967   -0.0049653        4.553      0.74269
Cluster87      COVAR   16076      -7.3379    -0.013902       4.1111      0.96285
Cluster88      COVAR   16076      -4.3152   -0.0070176       4.7538      0.81798
Cluster89      COVAR   16076       -1.321   -0.0022449       4.6238      0.61244
Cluster9       COVAR   16076     -0.25761   -0.0018475       1.0355      0.59823
Cluster90      COVAR   16076      -1.2687   -0.0021712       4.5605      0.60956
Cluster91      COVAR   16076      -6.8347    -0.012362       4.2284      0.94698
Cluster92      COVAR   16076      -5.0804   -0.0081368       4.9194      0.84912
Cluster93      COVAR   16076      -1.9296   -0.0029682       5.0776      0.64803
Cluster94      COVAR   16076      -2.6795   -0.0042316       5.0213       0.7032
Cluster95      COVAR   16076      -5.3821    -0.010409       4.0096      0.91024
Cluster96      COVAR   16076       -1.974   -0.0043503       3.3706      0.72095
Cluster97      COVAR   16076      -3.8247   -0.0086776       3.2451      0.88072
Cluster98      COVAR   16076      -3.9091   -0.0068622        4.622      0.80115
Cluster99      COVAR   16076      -3.2173    -0.005926       4.2805      0.77385
