# MEAN_SAMPLE_SIZE = 26052
# TOTAL_GENES = 16076
# TEST_DIRECTION = one-sided, positive (set), one-sided, positive (covar)
# CONDITIONED_INTERNAL = gene size, gene density, inverse mac, log(gene size), log(gene density), log(inverse mac)
VARIABLE        TYPE  NGENES         BETA     BETA_STD           SE            P
Cluster0       COVAR   16076     -0.68908   -0.0086962      0.51765      0.90842
Cluster1       COVAR   16076      0.16067    0.0021358      0.49357       0.3724
Cluster10      COVAR   16076     -0.47322   -0.0031421       1.0173      0.67909
Cluster100     COVAR   16076       2.3123     0.004813       3.3791       0.2469
Cluster101     COVAR   16076       1.1713    0.0027582       3.1364      0.35441
Cluster102     COVAR   16076       7.1487     0.012409       4.0385     0.038362
Cluster103     COVAR   16076       6.8117     0.014678       3.1909     0.016401
Cluster104     COVAR   16076       4.7117     0.010293       3.2372     0.072781
Cluster105     COVAR   16076       2.7118    0.0048453       3.9995      0.24888
Cluster106     COVAR   16076        5.317    0.0084552       4.5121      0.11933
Cluster107     COVAR   16076      0.90122    0.0018233       3.4563      0.39714
Cluster108     COVAR   16076       7.2507    0.0094111       5.4828     0.093021
Cluster109     COVAR   16076       4.4385    0.0059932       5.2853      0.20052
Cluster11      COVAR   16076     -0.13239  -0.00086642       1.0262      0.55132
Cluster110     COVAR   16076        1.449    0.0025525        3.884      0.35455
Cluster111     COVAR   16076     -0.75512   -0.0014116        3.585      0.58341
Cluster112     COVAR   16076       1.2672    0.0019149         4.72      0.39417
Cluster113     COVAR   16076      -1.2356   -0.0031309       2.8425       0.6681
Cluster114     COVAR   16076      -1.3362     -0.00283       3.3636       0.6544
Cluster115     COVAR   16076      -0.5085   -0.0011319       3.1408      0.56431
Cluster116     COVAR   16076      -3.8607   -0.0071773       3.8544      0.84173
Cluster117     COVAR   16076       4.3982    0.0089732       3.4625      0.10201
Cluster118     COVAR   16076        1.106    0.0021852       3.4627      0.37471
Cluster119     COVAR   16076     0.089819   0.00021371       3.0527      0.48826
Cluster12      COVAR   16076      -0.4377   -0.0037769       0.7943       0.7092
Cluster120     COVAR   16076       5.7784    0.0080359       5.0168      0.12471
Cluster121     COVAR   16076       1.9923    0.0031734       4.4113      0.32577
Cluster122     COVAR   16076       4.8417    0.0065629       5.3339      0.18202
Cluster123     COVAR   16076       5.2046    0.0069053       5.4687      0.17063
Cluster124     COVAR   16076       4.7116    0.0075884       4.4115      0.14276
Cluster125     COVAR   16076       8.4868     0.011778       5.1379       0.0493
Cluster126     COVAR   16076      0.67056    0.0014839       3.2751      0.41889
Cluster127     COVAR   16076       11.791      0.02383       3.4783   0.00035068
Cluster128     COVAR   16076       8.1492     0.011414        5.196     0.058409
Cluster129     COVAR   16076       6.2363    0.0087713       5.1067      0.11102
Cluster13      COVAR   16076     -0.44773   -0.0037486      0.76947      0.71967
Cluster130     COVAR   16076       3.5267    0.0046818       5.3592      0.25525
Cluster131     COVAR   16076       3.3453    0.0046737       5.1658      0.25863
Cluster132     COVAR   16076       1.2022    0.0019158       4.4365      0.39321
Cluster133     COVAR   16076       7.1669    0.0092151        5.581     0.099552
Cluster134     COVAR   16076        11.19     0.017631       4.6301    0.0078372
Cluster135     COVAR   16076       5.4734     0.010878       3.6525     0.067008
Cluster136     COVAR   16076       6.4642     0.011708       3.7919     0.044131
Cluster137     COVAR   16076       3.1262    0.0050005       4.4886      0.24307
Cluster138     COVAR   16076        6.961     0.011841       4.1338     0.046107
Cluster139     COVAR   16076       4.8104    0.0073418       4.6696      0.15148
Cluster14      COVAR   16076      0.27725    0.0020233      0.94112      0.38415
Cluster140     COVAR   16076       8.1453     0.011269       5.1966      0.05852
Cluster141     COVAR   16076       15.401     0.022187       5.0371    0.0011183
Cluster142     COVAR   16076      0.42417   0.00085728       3.7182      0.45459
Cluster143     COVAR   16076       10.887       0.0171       4.5932    0.0088943
Cluster144     COVAR   16076       11.384     0.016645       4.9865     0.011221
Cluster145     COVAR   16076       2.6604    0.0044832       4.1698      0.26174
Cluster146     COVAR   16076        3.526    0.0048438       5.2315      0.25016
Cluster147     COVAR   16076       5.8535    0.0074784       5.5422      0.14545
Cluster148     COVAR   16076        6.044    0.0082323       5.2424      0.12448
Cluster149     COVAR   16076        6.847    0.0092758       5.2018     0.094053
Cluster15      COVAR   16076      0.22148    0.0017129      0.90871      0.40372
Cluster150     COVAR   16076      -1.2684   -0.0025997       3.3576       0.6472
Cluster151     COVAR   16076         -2.4    -0.004638       3.6205       0.7463
Cluster152     COVAR   16076        0.277   0.00066507       2.9469      0.46256
Cluster153     COVAR   16076      -3.0972   -0.0056509       3.7146      0.79779
Cluster154     COVAR   16076      -2.2921   -0.0040362       3.9139      0.72093
Cluster155     COVAR   16076      -1.2404   -0.0016639       5.3463      0.59173
Cluster156     COVAR   16076      -7.2908    -0.011171       4.5627      0.94496
Cluster157     COVAR   16076       -6.204    -0.011749       4.0307      0.93811
Cluster158     COVAR   16076      -3.5075   -0.0050241       4.9518      0.76063
Cluster159     COVAR   16076      -3.6555    -0.005574       4.5876      0.78722
Cluster16      COVAR   16076    -0.025876  -0.00016396        1.092      0.50945
Cluster160     COVAR   16076      -1.7646   -0.0037353       3.0801      0.71665
Cluster161     COVAR   16076      -1.6934   -0.0034888       3.2391      0.69944
Cluster162     COVAR   16076      -5.9686   -0.0095276       4.4144      0.91181
Cluster163     COVAR   16076       1.0431    0.0019751       3.7206       0.3896
Cluster164     COVAR   16076        5.367     0.010281       3.5713     0.066456
Cluster165     COVAR   16076       3.6411    0.0069857       3.6144      0.15689
Cluster166     COVAR   16076       6.0589     0.011602       3.6556     0.048729
Cluster167     COVAR   16076       1.0078    0.0016508       4.3924      0.40927
Cluster168     COVAR   16076       6.4555     0.012332       3.9249      0.05002
Cluster169     COVAR   16076      -2.8938    -0.005157       3.8322      0.77491
Cluster17      COVAR   16076      0.74188    0.0065923      0.77079      0.16791
Cluster170     COVAR   16076       3.7008    0.0056941        4.576      0.20934
Cluster171     COVAR   16076       3.5585    0.0076451       3.2726      0.13844
Cluster172     COVAR   16076       11.392     0.019133       4.2603    0.0037525
Cluster173     COVAR   16076       6.0603     0.012658       3.2893     0.032716
Cluster174     COVAR   16076       3.5925     0.006192       4.1317       0.1923
Cluster175     COVAR   16076       8.6139     0.014204       4.4075     0.025339
Cluster176     COVAR   16076       1.8301    0.0037477       3.4044      0.29544
Cluster177     COVAR   16076       11.815     0.016632       5.1129      0.01043
Cluster178     COVAR   16076       6.9653     0.011273       4.2486     0.050573
Cluster179     COVAR   16076      0.42988   0.00067744       4.3986      0.46107
Cluster18      COVAR   16076      0.20537    0.0018785      0.75826      0.39326
Cluster180     COVAR   16076      0.52417    0.0012031       3.0633      0.43207
Cluster181     COVAR   16076       2.1452    0.0040564       3.6972      0.28089
Cluster182     COVAR   16076      -1.5393   -0.0033904       3.1532      0.68728
Cluster183     COVAR   16076       1.5349    0.0027807       3.8777      0.34612
Cluster184     COVAR   16076     -0.82129   -0.0020667       2.6284      0.62265
Cluster185     COVAR   16076      0.50548   0.00088477       3.9229      0.44874
Cluster186     COVAR   16076      0.99034    0.0020016       3.4219      0.38614
Cluster187     COVAR   16076      0.48221   0.00077011       4.3993      0.45636
Cluster188     COVAR   16076      -2.0907   -0.0033942       4.2411      0.68898
Cluster189     COVAR   16076       -1.584    -0.003443       3.1665      0.69154
Cluster19      COVAR   16076    -0.060766  -0.00042502       0.9625      0.52517
Cluster190     COVAR   16076      -3.2165   -0.0081678       2.6603      0.88667
Cluster191     COVAR   16076      -1.3427   -0.0027324       3.3612      0.65522
Cluster192     COVAR   16076      -1.6805   -0.0042217       2.7111      0.73232
Cluster193     COVAR   16076      -5.3367   -0.0097215       3.7191      0.92434
Cluster194     COVAR   16076      -2.2417    -0.004807       3.1539      0.76138
Cluster195     COVAR   16076      -1.1978   -0.0024047       3.1876      0.64645
Cluster196     COVAR   16076       -1.275   -0.0023051       3.7539      0.63293
Cluster197     COVAR   16076      -2.0225   -0.0036724       3.8395      0.70082
Cluster198     COVAR   16076      -2.3191    -0.004303       3.7603      0.73128
Cluster199     COVAR   16076      -1.1366   -0.0029365       2.6196      0.66781
Cluster2       COVAR   16076    -0.014866  -0.00023294      0.43477      0.51364
Cluster20      COVAR   16076      0.60561    0.0039138       1.0486      0.28179
Cluster200     COVAR   16076        1.122    0.0023224       3.3162      0.36755
Cluster201     COVAR   16076       5.7026    0.0088078       4.6188      0.10849
Cluster202     COVAR   16076        3.908    0.0064945       4.2607      0.17952
Cluster203     COVAR   16076       3.5592    0.0059148       4.2615      0.20181
Cluster204     COVAR   16076      0.78072    0.0015267        3.606       0.4143
Cluster205     COVAR   16076       4.3518     0.007455       4.2394      0.15233
Cluster206     COVAR   16076      0.11093   0.00022383       3.4798      0.48728
Cluster207     COVAR   16076        2.834    0.0050622       4.0141      0.24009
Cluster208     COVAR   16076       5.1979    0.0091066       4.0714      0.10087
Cluster209     COVAR   16076       1.2692    0.0030912       2.8646      0.32886
Cluster21      COVAR   16076    -0.081287  -0.00049124       1.1158      0.52904
Cluster210     COVAR   16076       2.6881    0.0055122       3.4387       0.2172
Cluster211     COVAR   16076       2.3033    0.0055219         2.87      0.21112
Cluster212     COVAR   16076       3.7751    0.0069691       3.8334      0.16238
Cluster213     COVAR   16076       7.9867     0.013442       4.2547     0.030261
Cluster214     COVAR   16076       4.9387    0.0079113       4.4732      0.13479
Cluster215     COVAR   16076       4.7217     0.010222       3.2436     0.072749
Cluster216     COVAR   16076       4.9512    0.0073687        4.837      0.15302
Cluster217     COVAR   16076       9.8922     0.011905       6.0508     0.051051
Cluster218     COVAR   16076       4.6481    0.0072827       4.4586       0.1486
Cluster219     COVAR   16076       4.0588    0.0054492       5.3006      0.22193
Cluster22      COVAR   16076      0.25176    0.0013849       1.2365      0.41933
Cluster220     COVAR   16076       2.4069    0.0036932       4.6822      0.30361
Cluster221     COVAR   16076     -0.73776   -0.0013665       3.8771      0.57546
Cluster222     COVAR   16076       1.2482    0.0022778       3.8843      0.37398
Cluster223     COVAR   16076      -2.0205   -0.0036079       3.8181      0.70166
Cluster224     COVAR   16076       1.6285    0.0023159       4.9871      0.37201
Cluster225     COVAR   16076       1.8475    0.0029036       4.4817      0.34008
Cluster226     COVAR   16076       3.7802    0.0052406       5.1569      0.23177
Cluster227     COVAR   16076       5.1937    0.0076481       4.8017      0.13972
Cluster228     COVAR   16076       8.3288     0.010638       5.6197     0.069171
Cluster229     COVAR   16076        6.165    0.0085125       5.0627      0.11167
Cluster23      COVAR   16076       1.7277    0.0090484        1.319     0.095134
Cluster230     COVAR   16076       8.8574     0.011811       5.3948     0.050323
Cluster231     COVAR   16076       9.9962     0.013394        5.334     0.030471
Cluster232     COVAR   16076        4.012    0.0054881       5.2368      0.22181
Cluster233     COVAR   16076       8.9598     0.012028       5.4991     0.051634
Cluster234     COVAR   16076       10.754     0.013408       5.7895     0.031631
Cluster235     COVAR   16076      -1.7233   -0.0042467       2.6836      0.73961
Cluster236     COVAR   16076       4.8061    0.0072154       4.7867      0.15768
Cluster237     COVAR   16076       8.9437     0.011338       5.6825     0.057767
Cluster238     COVAR   16076       4.7256    0.0067346        5.018      0.17317
Cluster239     COVAR   16076       6.8216    0.0091181       5.3708      0.10203
Cluster24      COVAR   16076    -0.064717  -0.00039964        1.121      0.52302
Cluster240     COVAR   16076       6.1466    0.0081807       5.3441      0.12505
Cluster241     COVAR   16076       10.031     0.014879       4.8449     0.019218
Cluster242     COVAR   16076       11.933     0.015382       5.5996     0.016548
Cluster243     COVAR   16076       8.1654     0.011664       5.1034     0.054812
Cluster244     COVAR   16076       8.1952     0.012266       4.6969     0.040521
Cluster245     COVAR   16076        7.095     0.010254       4.9914     0.077604
Cluster246     COVAR   16076        1.525    0.0027226       4.1115      0.35536
Cluster247     COVAR   16076        4.585    0.0071675       4.4753      0.15281
Cluster248     COVAR   16076       7.3863     0.010968       4.8631     0.064411
Cluster249     COVAR   16076       10.544     0.013939       5.4882     0.027358
Cluster25      COVAR   16076       1.3103    0.0064356       1.4097      0.17634
Cluster250     COVAR   16076       9.8696     0.016796        4.376     0.012062
Cluster251     COVAR   16076       9.0666     0.014285       4.6415     0.025397
Cluster252     COVAR   16076       8.4713     0.012548       4.9728     0.044246
Cluster253     COVAR   16076       3.3968    0.0051482       4.7446      0.23702
Cluster254     COVAR   16076       3.3324    0.0063274       3.6598      0.18128
Cluster255     COVAR   16076        6.355    0.0099745       4.5094     0.079386
Cluster256     COVAR   16076       8.2988     0.012579       4.7053       0.0389
Cluster257     COVAR   16076       9.9618     0.013384       5.3893      0.03228
Cluster258     COVAR   16076       7.2843     0.010842       4.7351     0.061993
Cluster259     COVAR   16076       8.2512     0.010895       5.5149     0.067318
Cluster26      COVAR   16076       1.5713     0.008119       1.3313      0.11896
Cluster260     COVAR   16076       9.1316      0.01282       5.0983     0.036648
Cluster261     COVAR   16076       4.4952     0.006534       4.9551      0.18216
Cluster262     COVAR   16076       7.5547     0.010102       5.4484     0.082793
Cluster263     COVAR   16076       9.0845     0.013046       5.0117     0.034952
Cluster264     COVAR   16076       15.332     0.022558       4.8759   0.00083391
Cluster265     COVAR   16076       14.941     0.023089       4.6048   0.00058931
Cluster266     COVAR   16076       8.0068     0.011658       4.8851     0.050617
Cluster267     COVAR   16076       5.6298    0.0081463       4.9346      0.12697
Cluster268     COVAR   16076       1.8769    0.0028127       4.9026      0.35092
Cluster269     COVAR   16076       5.7882    0.0076704       5.4651      0.14478
Cluster27      COVAR   16076       1.8972    0.0087022        1.502      0.10328
Cluster270     COVAR   16076       9.5331     0.014472       4.8005     0.023533
Cluster271     COVAR   16076       7.9606     0.011478       5.0311     0.056804
Cluster272     COVAR   16076         9.87     0.017932       4.0697    0.0076555
Cluster273     COVAR   16076       16.051     0.021568       5.4033    0.0014888
Cluster274     COVAR   16076       12.978     0.019004       4.9569    0.0044258
Cluster275     COVAR   16076       10.588     0.016246       4.7632     0.013123
Cluster276     COVAR   16076      -1.7879    -0.002834       4.1512      0.66665
Cluster277     COVAR   16076       5.0047    0.0080051       4.2852      0.12143
Cluster278     COVAR   16076        6.028    0.0088025       4.8539      0.10715
Cluster279     COVAR   16076       3.2239    0.0051543       4.3982      0.23179
Cluster28      COVAR   16076       1.1362      0.00679       1.1617      0.16403
Cluster280     COVAR   16076      -1.8537   -0.0029232       4.4629      0.66105
Cluster281     COVAR   16076      -1.0993   -0.0020513       3.6988      0.61684
Cluster282     COVAR   16076     0.094035   0.00018386       3.6336      0.48968
Cluster283     COVAR   16076        5.257    0.0072029       5.1871      0.15542
Cluster284     COVAR   16076        1.079    0.0015763       4.8774      0.41246
Cluster285     COVAR   16076      -2.2231   -0.0032037       4.8211      0.67764
Cluster286     COVAR   16076       10.243     0.014646       5.0732     0.021748
Cluster287     COVAR   16076       10.252     0.016941       4.2547    0.0079904
Cluster288     COVAR   16076       12.025      0.01704       5.0957    0.0091473
Cluster289     COVAR   16076      -1.9055   -0.0033173       4.0747      0.67998
Cluster29      COVAR   16076      0.95073    0.0070523      0.89418      0.14384
Cluster290     COVAR   16076       1.0959    0.0017083       4.6145      0.40614
Cluster291     COVAR   16076      -3.0642   -0.0044523       4.8542      0.73605
Cluster292     COVAR   16076      0.73162     0.001112       4.6985      0.43813
Cluster293     COVAR   16076       3.3274    0.0065381       3.5113      0.17167
Cluster294     COVAR   16076       5.0339    0.0071753       5.0999      0.16182
Cluster295     COVAR   16076       1.2797    0.0023478        3.896      0.37128
Cluster296     COVAR   16076       3.0878    0.0049199       4.4252      0.24266
Cluster297     COVAR   16076       1.0778     0.009598       0.7072     0.063764
Cluster298     COVAR   16076      0.92011    0.0019253       3.3475      0.39171
Cluster299     COVAR   16076      -2.8739   -0.0056615       3.5957      0.78793
Cluster3       COVAR   16076     -0.87463    -0.013293      0.45836      0.97181
Cluster30      COVAR   16076       1.4809     0.007011       1.4024      0.14549
Cluster300     COVAR   16076     -0.10336  -0.00024174       2.9361      0.51404
Cluster301     COVAR   16076       5.5764     0.012575       3.0355      0.03311
Cluster302     COVAR   16076    -0.011547  -3.6587e-05       2.1091      0.50218
Cluster303     COVAR   16076       1.3067    0.0040363       2.2088      0.27706
Cluster304     COVAR   16076       1.4429    0.0035241       2.7799      0.30187
Cluster305     COVAR   16076       1.4408    0.0036406       2.7167      0.29794
Cluster306     COVAR   16076        2.471    0.0053771       3.0873      0.21175
Cluster307     COVAR   16076       2.3984    0.0048992       3.2864      0.23277
Cluster308     COVAR   16076       2.3078    0.0059194       2.7363      0.19951
Cluster309     COVAR   16076      0.58491    0.0011849       3.5607      0.43476
Cluster31      COVAR   16076      0.43355    0.0027829       1.0408       0.3385
Cluster310     COVAR   16076       2.8865    0.0072104       2.9286      0.16217
Cluster311     COVAR   16076        2.472    0.0073429       2.4541       0.1569
Cluster312     COVAR   16076        1.499    0.0048429       2.3163      0.25877
Cluster313     COVAR   16076      -1.8561    -0.006646       1.8781      0.83848
Cluster314     COVAR   16076      0.25595    0.0015186       1.1257      0.41007
Cluster315     COVAR   16076       3.3513    0.0063313       3.6615      0.18003
Cluster316     COVAR   16076       2.8651    0.0077437        2.632      0.13818
Cluster317     COVAR   16076     -0.91091   -0.0022542       2.9721      0.62038
Cluster318     COVAR   16076        -2.14   -0.0046784       3.2295      0.74621
Cluster319     COVAR   16076      -1.9578   -0.0041719       3.2943      0.72384
Cluster32      COVAR   16076       3.7244      0.01071       2.5286     0.070404
Cluster320     COVAR   16076      -2.5113   -0.0059637       3.0194      0.79721
Cluster321     COVAR   16076      -2.2589   -0.0044942       3.4859      0.74151
Cluster322     COVAR   16076      -1.9719   -0.0054539       2.5047      0.78443
Cluster323     COVAR   16076       2.4818    0.0047446       3.6524      0.24841
Cluster324     COVAR   16076       4.7444    0.0091462       3.6882     0.099164
Cluster325     COVAR   16076       4.1191    0.0076931       3.8493       0.1423
Cluster326     COVAR   16076       6.5457      0.01261       3.7505     0.040479
Cluster327     COVAR   16076       6.3888     0.010929       4.1248     0.060718
Cluster328     COVAR   16076       5.6671    0.0097196       4.0516      0.08096
Cluster329     COVAR   16076       9.8238     0.014958       4.6555     0.017433
Cluster33      COVAR   16076       3.1506    0.0080156       2.7866      0.12912
Cluster330     COVAR   16076       3.0781    0.0057211       3.7029      0.20292
Cluster331     COVAR   16076       8.3847     0.014797       3.8972     0.015728
Cluster332     COVAR   16076        4.798    0.0077736       4.3589      0.13552
Cluster333     COVAR   16076        3.291    0.0069295       3.4128      0.16746
Cluster334     COVAR   16076        1.376    0.0045017       2.2523      0.27062
Cluster335     COVAR   16076        1.187    0.0033073       2.5242      0.31909
Cluster336     COVAR   16076       1.1294     0.002972       2.6775      0.33658
Cluster337     COVAR   16076      0.49326    0.0012819       2.6164      0.42524
Cluster338     COVAR   16076      -1.3643   -0.0035784       2.8232      0.68553
Cluster339     COVAR   16076      -3.2234   -0.0055356       3.9475      0.79291
Cluster34      COVAR   16076       4.0402    0.0098457       2.8533     0.078406
Cluster340     COVAR   16076     -0.44874   -0.0010829       2.8569       0.5624
Cluster341     COVAR   16076      -1.9342    -0.004218       3.0103      0.73973
Cluster342     COVAR   16076      0.32597    0.0009017       2.5859      0.44984
Cluster343     COVAR   16076      -5.9064    -0.017128       2.5238      0.99036
Cluster344     COVAR   16076      -7.2484    -0.015087       3.7109       0.9746
Cluster345     COVAR   16076      -4.6422    -0.013057       2.6378      0.96077
Cluster346     COVAR   16076      -2.5561   -0.0074468       2.4339      0.85318
Cluster347     COVAR   16076      -5.1391    -0.010301       3.6493      0.92046
Cluster348     COVAR   16076     -0.98305   -0.0026955       2.8765      0.63373
Cluster349     COVAR   16076      0.83782    0.0017066        3.783      0.41236
Cluster35      COVAR   16076        4.527      0.01106        2.851      0.05617
Cluster350     COVAR   16076      -1.3131    -0.002214       4.3086      0.61972
Cluster351     COVAR   16076       6.1904     0.010996       3.9018      0.05632
Cluster352     COVAR   16076       3.6236    0.0060485       4.2246      0.19553
Cluster353     COVAR   16076       4.0074    0.0069808       4.0139      0.15906
Cluster354     COVAR   16076       8.3676     0.011312       5.1804      0.05314
Cluster355     COVAR   16076       4.8049    0.0058279       5.8355      0.20515
Cluster356     COVAR   16076       9.8175     0.012849       5.3977     0.034481
Cluster357     COVAR   16076         3.69    0.0062115       4.2185      0.19087
Cluster358     COVAR   16076       2.6253    0.0035734       5.2005      0.30685
Cluster359     COVAR   16076       3.7847    0.0062354       4.2141      0.18458
Cluster36      COVAR   16076       2.3924    0.0060555        2.711      0.18876
Cluster360     COVAR   16076      -3.4882   -0.0058469       4.2791      0.79251
Cluster361     COVAR   16076    0.0051874   9.1386e-06       3.9122      0.49947
Cluster362     COVAR   16076       4.0917    0.0063531       4.4598      0.17946
Cluster363     COVAR   16076       1.5693    0.0032835       3.1679      0.31017
Cluster364     COVAR   16076       1.6603     0.002795       3.9577      0.33742
Cluster365     COVAR   16076       -3.415    -0.004695       5.0879      0.74895
Cluster366     COVAR   16076      0.89927    0.0015655        4.029      0.41169
Cluster367     COVAR   16076      -3.5023   -0.0043742       5.6177       0.7335
Cluster368     COVAR   16076      0.31457   0.00064085       3.1834      0.46064
Cluster369     COVAR   16076       3.6337     0.004959       5.1249      0.23916
Cluster37      COVAR   16076       1.3278     0.004213       2.0921      0.26282
Cluster370     COVAR   16076      -6.6259   -0.0092375       5.1575      0.90054
Cluster371     COVAR   16076      -3.3324   -0.0065077       3.5481      0.82618
Cluster372     COVAR   16076       5.0784    0.0083081       4.3106      0.11938
Cluster373     COVAR   16076      0.68661    0.0011276       4.2881      0.43639
Cluster374     COVAR   16076       -2.613   -0.0044997       4.0762      0.73925
Cluster375     COVAR   16076      -1.0092   -0.0018477       3.7585      0.60585
Cluster376     COVAR   16076       4.7108    0.0071422        4.628      0.15437
Cluster377     COVAR   16076      -3.3442   -0.0055089       4.1706      0.78867
Cluster378     COVAR   16076       3.5746    0.0060869       4.1814      0.19631
Cluster379     COVAR   16076       2.7166    0.0050964       3.5906      0.22466
Cluster38      COVAR   16076       -2.252   -0.0076348       1.9923      0.87082
Cluster380     COVAR   16076       4.1583    0.0071626       4.1318      0.15711
Cluster381     COVAR   16076      -2.3461   -0.0043136       3.7066      0.73661
Cluster382     COVAR   16076     0.062286   0.00011046       4.0043      0.49379
Cluster383     COVAR   16076      -1.2272   -0.0022773       3.6617      0.63124
Cluster384     COVAR   16076      -1.4196   -0.0021128       4.8448      0.61524
Cluster385     COVAR   16076        2.609    0.0035659       5.2338      0.30907
Cluster386     COVAR   16076        2.655    0.0049255       3.7565      0.23986
Cluster387     COVAR   16076      -1.9027   -0.0035958       3.4185      0.71109
Cluster388     COVAR   16076       1.7848    0.0034849       3.5874      0.30941
Cluster389     COVAR   16076       4.4745    0.0066694       4.7898      0.17512
Cluster39      COVAR   16076      -1.1317   -0.0051631       1.4458       0.7831
Cluster390     COVAR   16076      0.78213    0.0010548       5.2037      0.44026
Cluster391     COVAR   16076       2.5762    0.0045261       3.9176      0.25541
Cluster392     COVAR   16076      0.87514    0.0012874       4.8091       0.4278
Cluster393     COVAR   16076        5.064    0.0069019       5.1894      0.16458
Cluster394     COVAR   16076       1.5933    0.0028741       3.8341      0.33887
Cluster395     COVAR   16076      0.38601   0.00095273       2.8824      0.44673
Cluster396     COVAR   16076       1.2905    0.0022574        3.907      0.37059
Cluster397     COVAR   16076      -3.8394   -0.0085639       3.1641      0.88751
Cluster398     COVAR   16076      0.57742    0.0013831       2.9056      0.42124
Cluster399     COVAR   16076    -0.012644  -4.1495e-05       2.2009      0.50229
Cluster4       COVAR   16076     -0.96104   -0.0085173      0.75335      0.89896
Cluster40      COVAR   16076     -0.46571   -0.0014345       2.2039      0.58368
Cluster400     COVAR   16076       1.7212    0.0053206       2.3267      0.22974
Cluster401     COVAR   16076      -2.0499   -0.0046806       2.9688      0.75505
Cluster402     COVAR   16076       -4.652   -0.0092105       3.5825      0.90294
Cluster403     COVAR   16076      -3.9132   -0.0071126       3.7095      0.85426
Cluster404     COVAR   16076       11.185     0.012996       5.8473     0.027897
Cluster405     COVAR   16076       3.1529    0.0039078       5.7768      0.29261
Cluster406     COVAR   16076       3.5436    0.0062551        4.435      0.21215
Cluster407     COVAR   16076       1.7718    0.0023199       5.3213      0.36959
Cluster408     COVAR   16076       2.9971    0.0089603       2.2127     0.087795
Cluster409     COVAR   16076       2.7018    0.0074446       2.6322      0.15235
Cluster41      COVAR   16076      -1.7375   -0.0043232       2.7231      0.73828
Cluster410     COVAR   16076        1.289    0.0029947       2.8593      0.32607
Cluster411     COVAR   16076       2.5755    0.0060654       2.9606      0.19218
Cluster412     COVAR   16076       3.4235     0.008874       3.0151      0.12811
Cluster413     COVAR   16076      0.84638    0.0019199       3.3309      0.39971
Cluster414     COVAR   16076       0.5735    0.0013704        2.898      0.42156
Cluster415     COVAR   16076       2.2747    0.0037825        4.041      0.28676
Cluster416     COVAR   16076     0.056477   0.00010189       3.9869      0.49435
Cluster417     COVAR   16076       2.5515    0.0040927       4.4774      0.28439
Cluster418     COVAR   16076       1.3161     0.002718       3.3574      0.34753
Cluster419     COVAR   16076       3.2478    0.0042431       5.4165      0.27439
Cluster42      COVAR   16076      0.41079    0.0010108       2.7357      0.44032
Cluster420     COVAR   16076       8.2737     0.013075       4.2455     0.025668
Cluster421     COVAR   16076       4.4276    0.0070619       4.3775      0.15591
Cluster422     COVAR   16076       7.2864     0.009365       5.6203     0.097423
Cluster423     COVAR   16076       16.268     0.018123       6.3791     0.005388
Cluster424     COVAR   16076       10.577     0.012308       6.0239     0.039577
Cluster425     COVAR   16076       12.868     0.015905       5.6482     0.011364
Cluster426     COVAR   16076       10.401      0.01156       6.4038     0.052182
Cluster427     COVAR   16076       5.6881    0.0075071       5.4273      0.14732
Cluster428     COVAR   16076       1.9128    0.0024577       5.5762      0.36579
Cluster429     COVAR   16076      -3.1952   -0.0048163       4.6589      0.75358
Cluster43      COVAR   16076     -0.31014  -0.00093335       2.1878      0.55636
Cluster430     COVAR   16076       3.2574    0.0052519       4.4642       0.2328
Cluster431     COVAR   16076       2.2897    0.0063276       2.5813      0.18753
Cluster432     COVAR   16076     -0.26841  -0.00096457       2.1054      0.55072
Cluster433     COVAR   16076       2.0048    0.0040457        3.467      0.28155
Cluster434     COVAR   16076       7.3917     0.012882        4.028     0.033257
Cluster435     COVAR   16076       6.2036     0.014041       2.9857     0.018874
Cluster436     COVAR   16076       5.5176    0.0093185       4.0729     0.087766
Cluster437     COVAR   16076       6.3047     0.010879       4.0389     0.059274
Cluster438     COVAR   16076       5.9999     0.010118        4.218     0.077457
Cluster439     COVAR   16076       8.0698     0.014746       3.8217     0.017371
Cluster44      COVAR   16076     -0.45521   -0.0015834       1.9109      0.59414
Cluster440     COVAR   16076       8.5705     0.013367       4.5466     0.029724
Cluster441     COVAR   16076       8.3689     0.013271       4.4783     0.030839
Cluster442     COVAR   16076        5.581    0.0094806       4.2359      0.09384
Cluster443     COVAR   16076       4.3986    0.0081976        3.689      0.11657
Cluster444     COVAR   16076       1.1867    0.0023404       3.5291      0.36833
Cluster445     COVAR   16076      -1.9667   -0.0051032       2.6565      0.77044
Cluster446     COVAR   16076      -2.2047   -0.0045884       3.4204       0.7404
Cluster447     COVAR   16076       -2.346   -0.0046168       3.6431      0.74019
Cluster448     COVAR   16076    -0.014853  -4.2271e-05       2.4115      0.50246
Cluster449     COVAR   16076       0.7543     0.001461       3.6487      0.41811
Cluster45      COVAR   16076     -0.54985   -0.0020688       1.7767      0.62152
Cluster450     COVAR   16076       1.5988     0.003416       3.3807      0.31815
Cluster451     COVAR   16076        4.477    0.0092246       3.4814      0.09924
Cluster452     COVAR   16076      -2.5372   -0.0057003       3.0793      0.79501
Cluster453     COVAR   16076       1.5029    0.0032817       3.2696      0.32288
Cluster454     COVAR   16076     -0.19608   -0.0003401       4.1283      0.51894
Cluster455     COVAR   16076     -0.37044   -0.0007401        3.481      0.54237
Cluster456     COVAR   16076       5.9035    0.0087794       4.6457      0.10192
Cluster457     COVAR   16076      0.23007   0.00041139       3.9132      0.47656
Cluster458     COVAR   16076       8.7047     0.017982       3.4089     0.005337
Cluster459     COVAR   16076       8.0701     0.014704       3.9358     0.020171
Cluster46      COVAR   16076     -0.55461   -0.0018728       1.9889      0.60982
Cluster460     COVAR   16076        -1.89    -0.011829       1.3423      0.92043
Cluster47      COVAR   16076      -1.7179    -0.005584       2.0749      0.79615
Cluster48      COVAR   16076      0.41159    0.0016512       1.6866       0.4036
Cluster49      COVAR   16076     -0.25093  -0.00093985       1.7825      0.55598
Cluster5       COVAR   16076     -0.85991   -0.0067348      0.86757      0.83919
Cluster50      COVAR   16076      0.83265     0.004105       1.3806      0.27322
Cluster51      COVAR   16076       1.5125    0.0068721       1.5871       0.1703
Cluster52      COVAR   16076      0.13422   0.00045784       2.0409      0.47378
Cluster53      COVAR   16076     -0.15567  -0.00054617       1.9784      0.53136
Cluster54      COVAR   16076     -0.63193   -0.0019175       2.3001      0.60824
Cluster55      COVAR   16076     -0.23822  -0.00079135        2.117       0.5448
Cluster56      COVAR   16076      -1.2543    -0.003339       2.6117      0.68448
Cluster57      COVAR   16076     -0.30183  -0.00092975       2.2699      0.55289
Cluster58      COVAR   16076      0.36192    0.0013065       1.9654      0.42695
Cluster59      COVAR   16076     -0.63284   -0.0026118       1.7048      0.64475
Cluster6       COVAR   16076     -0.43508   -0.0030382      0.97681      0.67198
Cluster60      COVAR   16076      -2.1248   -0.0077845       1.9184      0.86596
Cluster61      COVAR   16076      -1.2744   -0.0051743       1.7586      0.76567
Cluster62      COVAR   16076      -1.7843   -0.0068362       1.8486      0.83277
Cluster63      COVAR   16076      -1.0106   -0.0042417       1.6697       0.7275
Cluster64      COVAR   16076      -1.7282   -0.0085419       1.3744      0.89569
Cluster65      COVAR   16076     -0.79338   -0.0032439       1.6382      0.68591
Cluster66      COVAR   16076    -0.028229  -0.00019035      0.98754       0.5114
Cluster67      COVAR   16076      0.10217   0.00058807       1.1489      0.46457
Cluster68      COVAR   16076      0.99746    0.0074414      0.89458      0.13243
Cluster69      COVAR   16076    -0.079439  -0.00048518       1.0709      0.52956
Cluster7       COVAR   16076     -0.87741   -0.0063611      0.92431      0.82875
Cluster70      COVAR   16076     -0.42141    -0.002119       1.2924      0.62781
Cluster71      COVAR   16076    -0.051856  -0.00026059        1.318      0.51569
Cluster72      COVAR   16076      0.36549    0.0017229       1.4105      0.39778
Cluster73      COVAR   16076     -0.48895   -0.0024034       1.3507      0.64132
Cluster74      COVAR   16076     -0.72502   -0.0034509       1.3899      0.69903
Cluster75      COVAR   16076     -0.26444  -0.00096095       1.8114      0.55803
Cluster76      COVAR   16076      -2.0481   -0.0087052       1.5298      0.90967
Cluster77      COVAR   16076      -1.3162   -0.0059606        1.476      0.81372
Cluster78      COVAR   16076      -1.0718   -0.0047585       1.4877      0.76436
Cluster79      COVAR   16076      -0.9813   -0.0043551       1.4855      0.74555
Cluster8       COVAR   16076     -0.17035   -0.0011096       1.0461      0.56468
Cluster80      COVAR   16076     -0.60194    -0.002652       1.4987      0.65603
Cluster81      COVAR   16076      -0.8658   -0.0037541       1.5318      0.71404
Cluster82      COVAR   16076      -1.0378   -0.0054454       1.2712      0.79285
Cluster83      COVAR   16076       4.5006    0.0090422       3.3668     0.090662
Cluster84      COVAR   16076       1.6352    0.0027298       4.2589      0.35051
Cluster85      COVAR   16076       4.3271    0.0072622       4.0308      0.14153
Cluster86      COVAR   16076       3.1708    0.0053062       4.1509      0.22248
Cluster87      COVAR   16076       1.7994     0.003409       3.7432      0.31537
Cluster88      COVAR   16076       7.8176     0.012713       4.3057     0.034724
Cluster89      COVAR   16076       3.9865    0.0067749       4.2138      0.17207
Cluster9       COVAR   16076     -0.14663   -0.0010516      0.94338      0.56176
Cluster90      COVAR   16076       8.3187     0.014237       4.1483     0.022474
Cluster91      COVAR   16076       3.1942    0.0057773       3.8504       0.2034
Cluster92      COVAR   16076       2.0086     0.003217       4.4857      0.32716
Cluster93      COVAR   16076       2.9159    0.0044853        4.634       0.2646
Cluster94      COVAR   16076       6.6352     0.010479       4.5615     0.072899
Cluster95      COVAR   16076     -0.62242   -0.0012038       3.6374      0.56793
Cluster96      COVAR   16076     -0.29874  -0.00065834       3.0685      0.53878
Cluster97      COVAR   16076      0.72461     0.001644       2.9748      0.40378
Cluster98      COVAR   16076       7.3591     0.012919       4.2026     0.039978
Cluster99      COVAR   16076      0.87186    0.0016059       3.8917      0.41137
