Welcome to MAGMA v1.10 (linux/s)
Using flags:
	--bfile auxfiles/g1000_eur
	--pval results/INS_UKB/insomnia_ukb.no_heading use=ID,PVAL ncol=NEFF
	--gene-annot results/INS_UKB/insomnia_ukb.no_heading.step1.genes.annot
	--out results/INS_UKB/insomnia_ukb.no_heading.step2

Start time is 04:58:31, Wednesday 13 May 2026

Loading PLINK-format data...
Reading file auxfiles/g1000_eur.fam... 503 individuals read
Reading file auxfiles/g1000_eur.bim... 22665064 SNPs read
Preparing file auxfiles/g1000_eur.bed... 

Reading SNP synonyms from file auxfiles/g1000_eur.synonyms (auto-detected)
	read 6016767 mapped synonyms from file, mapping to 3921040 SNPs in the data
	WARNING: detected 133 synonymous SNP pairs in the data
	         skipped all synonym entries involved, synonymous SNPs are kept in analysis
	         writing list of detected synonyms in data to supplementary log file
Reading SNP p-values from file results/INS_UKB/insomnia_ukb.no_heading... 
	detected 7 variables in file
	using variable: ID (SNP id)
	using variable: PVAL (p-value)
	using variable: NEFF (sample size; discarding SNPs with N < 50)
	read 7733840 lines from file, containing valid SNP p-values for 7646039 SNPs in data (98.86% of lines, 33.73% of SNPs in data)
Loading gene annotation from file results/INS_UKB/insomnia_ukb.no_heading.step1.genes.annot... 
	18409 gene definitions read from file
	found 18381 genes containing valid SNPs in genotype data


Starting gene analysis... 
	using model: SNPwise-mean
	writing gene analysis results to file results/INS_UKB/insomnia_ukb.no_heading.step2.genes.out
	writing intermediate output to file results/INS_UKB/insomnia_ukb.no_heading.step2.genes.raw


End time is 05:08:57, Wednesday 13 May 2026 (elapsed: 00:10:26)
