# TOTAL_GENES = 16076
# TEST_DIRECTION = one-sided, positive (set), one-sided, positive (covar)
# CONDITIONED_INTERNAL = gene size, gene density, inverse mac, log(gene size), log(gene density), log(inverse mac)
VARIABLE        TYPE  NGENES         BETA     BETA_STD           SE            P
Cluster0       COVAR   16076    -0.017333  -0.00021874      0.54174      0.51276
Cluster1       COVAR   16076     -0.35964    -0.004781      0.51537      0.75736
Cluster10      COVAR   16076     -0.12303   -0.0008169       1.0623       0.5461
Cluster100     COVAR   16076       3.0467    0.0063417       3.5351      0.19439
Cluster101     COVAR   16076       8.3525     0.019668       3.2765    0.0054038
Cluster102     COVAR   16076       6.6989     0.011628        4.213     0.055923
Cluster103     COVAR   16076        1.395    0.0030059       3.3325      0.33776
Cluster104     COVAR   16076       2.4055    0.0052551       3.3794       0.2383
Cluster105     COVAR   16076       10.387      0.01856       4.1857    0.0065452
Cluster106     COVAR   16076        10.78     0.017142       4.7196     0.011193
Cluster107     COVAR   16076       7.0256     0.014214       3.6127     0.025916
Cluster108     COVAR   16076       10.547      0.01369        5.735     0.032964
Cluster109     COVAR   16076       8.7287     0.011786       5.5311     0.057281
Cluster11      COVAR   16076      0.58476    0.0038268       1.0729      0.29287
Cluster110     COVAR   16076       6.2248     0.010965       4.0645     0.062837
Cluster111     COVAR   16076       6.2571     0.011697       3.7504     0.047629
Cluster112     COVAR   16076       4.4418    0.0067117       4.9418      0.18438
Cluster113     COVAR   16076      -2.6991   -0.0068393       2.9739      0.81795
Cluster114     COVAR   16076       3.4256    0.0072556       3.5145      0.16486
Cluster115     COVAR   16076       1.9006    0.0042306       3.2882      0.28164
Cluster116     COVAR   16076       1.7447    0.0032434       4.0383      0.33286
Cluster117     COVAR   16076       3.1487     0.006424       3.6294      0.19283
Cluster118     COVAR   16076      0.92386    0.0018253       3.6255      0.39943
Cluster119     COVAR   16076      -1.2982   -0.0030888       3.2095      0.65707
Cluster12      COVAR   16076     -0.97445   -0.0084085      0.83171      0.87932
Cluster120     COVAR   16076       4.3234    0.0060125       5.2472      0.20499
Cluster121     COVAR   16076       1.0839    0.0017264       4.6177      0.40721
Cluster122     COVAR   16076       7.4936     0.010158       5.5821     0.089739
Cluster123     COVAR   16076       8.1945     0.010872         5.73     0.076357
Cluster124     COVAR   16076       5.0537    0.0081395       4.6174      0.13688
Cluster125     COVAR   16076       3.2183    0.0044663       5.3722      0.27457
Cluster126     COVAR   16076        1.273     0.002817       3.4289      0.35523
Cluster127     COVAR   16076        2.995    0.0060531       3.6406      0.20535
Cluster128     COVAR   16076       5.0652    0.0070947       5.4386      0.17585
Cluster129     COVAR   16076       7.0391    0.0099004       5.3489     0.094101
Cluster13      COVAR   16076       -0.962   -0.0080542      0.81503      0.88105
Cluster130     COVAR   16076       1.3277    0.0017625       5.6133      0.40652
Cluster131     COVAR   16076       4.3343    0.0060553       5.4102      0.21153
Cluster132     COVAR   16076       2.0373    0.0032465       4.6397       0.3303
Cluster133     COVAR   16076       4.9191    0.0063248       5.8406      0.19984
Cluster134     COVAR   16076       3.7058    0.0058392       4.8449      0.22218
Cluster135     COVAR   16076       3.7353    0.0074235       3.8211      0.16416
Cluster136     COVAR   16076       4.6763    0.0084696       3.9718      0.11954
Cluster137     COVAR   16076       6.5099     0.010413       4.6967     0.082877
Cluster138     COVAR   16076       2.8871     0.004911       4.3254      0.25224
Cluster139     COVAR   16076       9.5385     0.014558       4.8955     0.025693
Cluster14      COVAR   16076     -0.49921   -0.0036432      0.99555      0.69197
Cluster140     COVAR   16076       6.1998    0.0085772       5.4369      0.12709
Cluster141     COVAR   16076       12.643     0.018214       5.2775    0.0083033
Cluster142     COVAR   16076       5.3103     0.010733       3.8901     0.086125
Cluster143     COVAR   16076       7.3777     0.011588       4.8061     0.062393
Cluster144     COVAR   16076       11.293     0.016512       5.2332     0.015476
Cluster145     COVAR   16076       3.2713    0.0055126       4.3689      0.22701
Cluster146     COVAR   16076       12.536     0.017221       5.4743      0.01102
Cluster147     COVAR   16076       8.0176     0.010243          5.8     0.083447
Cluster148     COVAR   16076       5.2823    0.0071947       5.4864      0.16783
Cluster149     COVAR   16076       7.4005     0.010026       5.4426     0.086969
Cluster15      COVAR   16076      0.15233    0.0011781      0.96195      0.43709
Cluster150     COVAR   16076       7.5038     0.015379       3.5147     0.016391
Cluster151     COVAR   16076       7.8828     0.015233       3.7963     0.018936
Cluster152     COVAR   16076       8.8731     0.021304       3.0831    0.0020042
Cluster153     COVAR   16076       3.8253    0.0069793       3.9065      0.16375
Cluster154     COVAR   16076       6.0402     0.010636       4.0956     0.070143
Cluster155     COVAR   16076       4.4283    0.0059402       5.5951      0.21434
Cluster156     COVAR   16076       4.0913    0.0062687        4.765      0.19528
Cluster157     COVAR   16076      -2.0944   -0.0039664       4.2097      0.69058
Cluster158     COVAR   16076       3.4844     0.004991       5.1763      0.25043
Cluster159     COVAR   16076       6.7713     0.010325       4.7841     0.078488
Cluster16      COVAR   16076      0.65764    0.0041671       1.1541       0.2844
Cluster160     COVAR   16076      -0.8316   -0.0017603        3.223       0.6018
Cluster161     COVAR   16076       1.4344    0.0029553       3.3912      0.33615
Cluster162     COVAR   16076       7.5741     0.012091       4.6187     0.050525
Cluster163     COVAR   16076        3.999    0.0075722       3.8904        0.152
Cluster164     COVAR   16076       3.9579    0.0075819       3.7213      0.14377
Cluster165     COVAR   16076      0.58186    0.0011163       3.7745      0.43874
Cluster166     COVAR   16076      -2.1218    -0.004063       3.8184      0.71078
Cluster167     COVAR   16076       4.6104     0.007552       4.5887      0.15752
Cluster168     COVAR   16076       -1.453   -0.0027758       4.1014      0.63843
Cluster169     COVAR   16076       1.1346     0.002022       4.0442      0.38953
Cluster17      COVAR   16076       0.4285    0.0038076      0.80968      0.29833
Cluster170     COVAR   16076       4.6115    0.0070953       4.7747      0.16707
Cluster171     COVAR   16076        6.815     0.014641        3.419     0.023125
Cluster172     COVAR   16076       3.1097    0.0052229       4.4527      0.24248
Cluster173     COVAR   16076       7.9116     0.016524       3.4382       0.0107
Cluster174     COVAR   16076      -2.1645   -0.0037307       4.3255       0.6916
Cluster175     COVAR   16076     -0.97613   -0.0016096       4.6073      0.58389
Cluster176     COVAR   16076      -1.1503   -0.0023557       3.5588      0.62674
Cluster177     COVAR   16076       1.0975     0.001545       5.3452      0.41866
Cluster178     COVAR   16076       2.9235    0.0047316       4.4439      0.25532
Cluster179     COVAR   16076       1.5378    0.0024234       4.6212      0.36965
Cluster18      COVAR   16076     -0.25854   -0.0023648      0.79388      0.62766
Cluster180     COVAR   16076    -0.038322  -8.7959e-05       3.2083      0.50476
Cluster181     COVAR   16076       1.4449    0.0027321       3.8747      0.35461
Cluster182     COVAR   16076      -1.7834   -0.0039281       3.2611      0.70776
Cluster183     COVAR   16076      -4.2361   -0.0076742       4.0593      0.85165
Cluster184     COVAR   16076      -1.0647   -0.0026792       2.7492      0.65072
Cluster185     COVAR   16076      -3.7205   -0.0065123       4.1002      0.81789
Cluster186     COVAR   16076       1.0609    0.0021442       3.5899       0.3838
Cluster187     COVAR   16076      -0.4251   -0.0006789       4.6129      0.53671
Cluster188     COVAR   16076     -0.86326   -0.0014015       4.3258      0.57909
Cluster189     COVAR   16076       1.7739    0.0038559       3.3153       0.2963
Cluster19      COVAR   16076     -0.60105    -0.004204       1.0077      0.72456
Cluster190     COVAR   16076       1.8339     0.004657       2.7854      0.25514
Cluster191     COVAR   16076     -0.71733   -0.0014598       3.5136      0.58088
Cluster192     COVAR   16076     -0.70393   -0.0017684       2.8358      0.59802
Cluster193     COVAR   16076      -2.8381     -0.00517       3.8876      0.76731
Cluster194     COVAR   16076      -2.0632   -0.0044242       3.2992      0.73413
Cluster195     COVAR   16076      0.90285    0.0018126       3.3346      0.39329
Cluster196     COVAR   16076       1.9888    0.0035956       3.9348      0.30663
Cluster197     COVAR   16076      -1.0702   -0.0019433       4.0315      0.60467
Cluster198     COVAR   16076       6.3846     0.011847       3.9372     0.052456
Cluster199     COVAR   16076     -0.45722   -0.0011813       2.7409      0.56624
Cluster2       COVAR   16076    -0.087691    -0.001374      0.45344      0.57667
Cluster20      COVAR   16076       0.3555    0.0022974       1.0971      0.37295
Cluster200     COVAR   16076     -0.29234  -0.00060508       3.4694      0.53358
Cluster201     COVAR   16076      -0.1326   -0.0002048       4.8313      0.51095
Cluster202     COVAR   16076       1.9394    0.0032229       4.4576      0.33176
Cluster203     COVAR   16076      -3.7158    -0.006175       4.4596      0.79763
Cluster204     COVAR   16076      -4.6146    -0.009024       3.7726      0.88936
Cluster205     COVAR   16076     -0.15444  -0.00026457       4.4394      0.51388
Cluster206     COVAR   16076       4.7925    0.0096701       3.6401     0.094003
Cluster207     COVAR   16076       10.018     0.017895        4.202    0.0085669
Cluster208     COVAR   16076       8.3714     0.014667       4.2645      0.02483
Cluster209     COVAR   16076       5.5471      0.01351       2.9972     0.032115
Cluster21      COVAR   16076    -0.022195  -0.00013413       1.1687      0.50758
Cluster210     COVAR   16076       5.9516     0.012204       3.5923     0.048797
Cluster211     COVAR   16076       5.8441      0.01401       3.0032     0.025839
Cluster212     COVAR   16076       7.2936     0.013465       4.0037     0.034259
Cluster213     COVAR   16076       4.9008    0.0082482       4.4472      0.13524
Cluster214     COVAR   16076       4.4834     0.007182       4.6791      0.16899
Cluster215     COVAR   16076        3.889    0.0084189       3.3948        0.126
Cluster216     COVAR   16076       7.8498     0.011683       5.0589     0.060383
Cluster217     COVAR   16076       16.137      0.01942       6.3336    0.0054249
Cluster218     COVAR   16076       1.0476    0.0016413       4.6675      0.41121
Cluster219     COVAR   16076       8.8185      0.01184       5.5431     0.055827
Cluster22      COVAR   16076      0.28317    0.0015577       1.2948      0.41344
Cluster220     COVAR   16076       10.885     0.016702       4.8721     0.012746
Cluster221     COVAR   16076       7.7936     0.014435       4.0279     0.026512
Cluster222     COVAR   16076        5.623     0.010261       4.0586     0.082971
Cluster223     COVAR   16076       6.8586     0.012247       3.9915     0.042881
Cluster224     COVAR   16076        9.633     0.013699       5.2091     0.032221
Cluster225     COVAR   16076       1.8935    0.0029758       4.6814      0.34294
Cluster226     COVAR   16076       7.0295    0.0097452        5.384     0.095851
Cluster227     COVAR   16076       8.8285     0.013001       5.0192     0.039307
Cluster228     COVAR   16076   -0.0025893  -3.3071e-06       5.8791      0.50018
Cluster229     COVAR   16076       3.6622    0.0050567       5.2965      0.24465
Cluster23      COVAR   16076      -1.2445   -0.0065179       1.3822      0.81603
Cluster230     COVAR   16076       5.5062    0.0073423       5.6308      0.16408
Cluster231     COVAR   16076       1.9884    0.0026643       5.5725      0.36062
Cluster232     COVAR   16076       2.6178    0.0035809         5.46      0.31581
Cluster233     COVAR   16076     -0.69848  -0.00093765       5.7484      0.54836
Cluster234     COVAR   16076      -1.5304   -0.0019081       6.0536      0.59979
Cluster235     COVAR   16076      -1.4258   -0.0035136       2.8072      0.69424
Cluster236     COVAR   16076     -0.41574  -0.00062416       5.0278      0.53295
Cluster237     COVAR   16076       6.6747    0.0084615       5.9835      0.13233
Cluster238     COVAR   16076      -1.4009   -0.0019964       5.2465      0.60527
Cluster239     COVAR   16076        4.544    0.0060737       5.6193      0.20937
Cluster24      COVAR   16076     -0.84782   -0.0052354       1.1735      0.76499
Cluster240     COVAR   16076        5.657    0.0075291       5.6113       0.1567
Cluster241     COVAR   16076       6.6989    0.0099368       5.0694     0.093186
Cluster242     COVAR   16076       9.1601     0.011807       5.8595     0.059003
Cluster243     COVAR   16076       11.311     0.016158       5.3382      0.01706
Cluster244     COVAR   16076       1.4501    0.0021705       4.9148      0.38398
Cluster245     COVAR   16076       5.5798    0.0080644       5.2132      0.14225
Cluster246     COVAR   16076      -5.1088   -0.0091211       4.2984      0.88268
Cluster247     COVAR   16076      -1.9998   -0.0031261       4.6833      0.66531
Cluster248     COVAR   16076       1.4744    0.0021894       5.0937      0.38612
Cluster249     COVAR   16076       9.1785     0.012134       5.7461     0.055106
Cluster25      COVAR   16076      -1.8587   -0.0091293       1.4761        0.896
Cluster250     COVAR   16076       5.6421    0.0096018       4.5789      0.10895
Cluster251     COVAR   16076      0.91069    0.0014348       4.8588      0.42566
Cluster252     COVAR   16076       3.3282    0.0049297       5.2032      0.26121
Cluster253     COVAR   16076       5.2653    0.0079801       4.9608      0.14426
Cluster254     COVAR   16076       4.7823    0.0090805       3.8458      0.10685
Cluster255     COVAR   16076       -2.695   -0.0042299       4.7141      0.71623
Cluster256     COVAR   16076      -5.4737   -0.0082968       4.9283      0.86663
Cluster257     COVAR   16076      -2.6577   -0.0035706        5.647      0.68105
Cluster258     COVAR   16076      -3.3321   -0.0049596        4.954       0.7494
Cluster259     COVAR   16076       -4.425   -0.0058426       5.7956      0.77741
Cluster26      COVAR   16076     -0.63656   -0.0032892       1.3938      0.67606
Cluster260     COVAR   16076      -1.5373   -0.0021582       5.3383      0.61332
Cluster261     COVAR   16076      -4.3537   -0.0063283       5.1841      0.79949
Cluster262     COVAR   16076      -1.4239   -0.0019039       5.6995      0.59864
Cluster263     COVAR   16076      0.60549   0.00086951       5.2442      0.45404
Cluster264     COVAR   16076       1.4905     0.002193       5.1105      0.38528
Cluster265     COVAR   16076       2.3116    0.0035722       4.8191      0.31573
Cluster266     COVAR   16076       7.1015      0.01034       5.1256     0.082962
Cluster267     COVAR   16076        3.386    0.0048995       5.1327      0.25473
Cluster268     COVAR   16076       4.7847    0.0071701       5.1322       0.1756
Cluster269     COVAR   16076       2.8406    0.0037643       5.7083      0.30938
Cluster27      COVAR   16076     -0.95262   -0.0043696       1.5749      0.72736
Cluster270     COVAR   16076      0.26995   0.00040981        5.018      0.47855
Cluster271     COVAR   16076      0.87897    0.0012674       5.2469      0.43348
Cluster272     COVAR   16076        1.565    0.0028432       4.2545       0.3565
Cluster273     COVAR   16076       2.9541    0.0039695        5.649      0.30051
Cluster274     COVAR   16076       5.9022    0.0086427       5.1812      0.12733
Cluster275     COVAR   16076     -0.48765  -0.00074825       4.9817      0.53899
Cluster276     COVAR   16076       5.0081    0.0079385       4.3407      0.12431
Cluster277     COVAR   16076      0.93804    0.0015004       4.4817      0.41711
Cluster278     COVAR   16076       2.1113     0.003083       5.0605      0.33827
Cluster279     COVAR   16076       1.6948    0.0027096        4.592      0.35604
Cluster28      COVAR   16076       -1.271   -0.0075953       1.2182      0.85159
Cluster280     COVAR   16076       6.5606     0.010346       4.6671     0.079917
Cluster281     COVAR   16076       5.5553     0.010366       3.8617     0.075147
Cluster282     COVAR   16076       3.6202    0.0070783       3.8044      0.17066
Cluster283     COVAR   16076      0.24186   0.00033138       5.4329      0.48225
Cluster284     COVAR   16076       5.3982    0.0078859       5.1036       0.1451
Cluster285     COVAR   16076       1.3275    0.0019131       5.0608      0.39654
Cluster286     COVAR   16076         3.66    0.0052331       5.3044       0.2451
Cluster287     COVAR   16076       4.9927    0.0082499       4.4489      0.13089
Cluster288     COVAR   16076        4.619    0.0065453       5.3286      0.19302
Cluster289     COVAR   16076       7.2386     0.012602       4.2661     0.044879
Cluster29      COVAR   16076     -0.38213   -0.0028346      0.93876      0.65801
Cluster290     COVAR   16076       10.023     0.015624       4.8298     0.018992
Cluster291     COVAR   16076       7.1471     0.010385       5.0792     0.079705
Cluster292     COVAR   16076       6.6982      0.01018       4.9126     0.086378
Cluster293     COVAR   16076       9.2761     0.018227       3.6745    0.0057998
Cluster294     COVAR   16076       17.654     0.025165       5.3386   0.00047282
Cluster295     COVAR   16076       11.572      0.02123       4.0751    0.0022614
Cluster296     COVAR   16076       6.4991     0.010355       4.6299     0.080212
Cluster297     COVAR   16076     -0.93883   -0.0083605       0.7401      0.89768
Cluster298     COVAR   16076      -3.2265   -0.0067512       3.4824       0.8229
Cluster299     COVAR   16076     -0.60886   -0.0011994       3.7639      0.56425
Cluster3       COVAR   16076     -0.32649   -0.0049621      0.47787      0.75276
Cluster30      COVAR   16076      0.76588    0.0036259       1.4707      0.30127
Cluster300     COVAR   16076     -0.53955   -0.0012619        3.072      0.56971
Cluster301     COVAR   16076       2.9234    0.0065924       3.1772      0.17877
Cluster302     COVAR   16076      -3.3937    -0.010753       2.2049      0.93811
Cluster303     COVAR   16076      -2.0152   -0.0062249       2.3092      0.80858
Cluster304     COVAR   16076      -1.3924   -0.0034008       2.8998      0.68444
Cluster305     COVAR   16076      -1.7584   -0.0044431       2.8447      0.73176
Cluster306     COVAR   16076       -1.578   -0.0034339       3.2217      0.68786
Cluster307     COVAR   16076      -2.8463   -0.0058142       3.4316      0.79656
Cluster308     COVAR   16076      -2.2619   -0.0058016        2.863      0.78524
Cluster309     COVAR   16076      -1.1762   -0.0023827       3.7292      0.62377
Cluster31      COVAR   16076      0.10805   0.00069357       1.0944      0.46068
Cluster310     COVAR   16076       2.9448    0.0073561       3.0534      0.16742
Cluster311     COVAR   16076       2.4794    0.0073649       2.5514      0.16559
Cluster312     COVAR   16076       1.1203    0.0036194       2.4148      0.32135
Cluster313     COVAR   16076    -0.083544  -0.00029914        1.964      0.51696
Cluster314     COVAR   16076    -0.023543  -0.00013969       1.1768      0.50798
Cluster315     COVAR   16076       2.1248    0.0040143       3.8297      0.28951
Cluster316     COVAR   16076       7.4087     0.020024       2.7528    0.0035632
Cluster317     COVAR   16076       1.9108    0.0047286        3.109      0.26941
Cluster318     COVAR   16076        2.376    0.0051944       3.3795      0.24102
Cluster319     COVAR   16076     -0.10231  -0.00021802        3.447      0.51184
Cluster32      COVAR   16076      0.62336    0.0017925        2.648      0.40695
Cluster320     COVAR   16076     -0.51718   -0.0012282       3.1609      0.56498
Cluster321     COVAR   16076        1.501    0.0029863       3.6703      0.34129
Cluster322     COVAR   16076     -0.22416     -0.00062       2.6205      0.53408
Cluster323     COVAR   16076       -1.335   -0.0025522       3.8087      0.63702
Cluster324     COVAR   16076      -3.8886   -0.0074964       3.8479      0.84388
Cluster325     COVAR   16076       -3.594   -0.0067124       3.9969      0.81572
Cluster326     COVAR   16076      -4.2371   -0.0081629       3.9135      0.86052
Cluster327     COVAR   16076      -3.9644   -0.0067819       4.3029      0.82155
Cluster328     COVAR   16076      -4.9431   -0.0084779       4.2456      0.87784
Cluster329     COVAR   16076      -4.0069    -0.006101       4.8625      0.79503
Cluster33      COVAR   16076      0.54781    0.0013937        2.916      0.42549
Cluster330     COVAR   16076      -4.6508   -0.0086442       3.8685      0.88535
Cluster331     COVAR   16076       3.9231    0.0069234       4.0814      0.16823
Cluster332     COVAR   16076      -1.4069   -0.0022795       4.5829      0.62057
Cluster333     COVAR   16076      -2.8089   -0.0059144       3.5688      0.78437
Cluster334     COVAR   16076      0.46703    0.0015279       2.3567      0.42146
Cluster335     COVAR   16076       -2.099   -0.0058483       2.6411      0.78662
Cluster336     COVAR   16076      0.55418    0.0014582       2.7831      0.42108
Cluster337     COVAR   16076      -3.9059     -0.01015        2.736      0.92328
Cluster338     COVAR   16076       1.7206     0.004513        2.955      0.28019
Cluster339     COVAR   16076       4.6859    0.0080472       4.0805      0.12542
Cluster34      COVAR   16076      0.30922   0.00075356       2.9876      0.45878
Cluster340     COVAR   16076       2.5207     0.006083       2.9867      0.19935
Cluster341     COVAR   16076      -1.1157   -0.0024331       3.1321      0.63916
Cluster342     COVAR   16076        1.092    0.0030208       2.7549      0.34591
Cluster343     COVAR   16076      0.40338    0.0011698       2.6428      0.43934
Cluster344     COVAR   16076       4.5109    0.0093891       3.8767       0.1223
Cluster345     COVAR   16076      0.49848    0.0014021       2.7588      0.42831
Cluster346     COVAR   16076       2.3227    0.0067668       2.5444      0.18066
Cluster347     COVAR   16076      -1.0073   -0.0020191       3.8194      0.60401
Cluster348     COVAR   16076       1.6262    0.0044591       3.0089      0.29444
Cluster349     COVAR   16076      -3.1311   -0.0063781       3.9839      0.78404
Cluster35      COVAR   16076      0.52433     0.001281       2.9848      0.43028
Cluster350     COVAR   16076      -2.3674   -0.0039918       4.5031      0.70046
Cluster351     COVAR   16076     -0.52903  -0.00093975       4.0727      0.55167
Cluster352     COVAR   16076       2.7336    0.0045629       4.4105      0.26771
Cluster353     COVAR   16076      -1.1742   -0.0020454       4.1948      0.61023
Cluster354     COVAR   16076      -1.6204   -0.0021906       5.4144      0.61763
Cluster355     COVAR   16076      0.49506   0.00060046        6.089       0.4676
Cluster356     COVAR   16076       1.4992    0.0019621       5.6365      0.39513
Cluster357     COVAR   16076      -2.7752   -0.0046716        4.407      0.73556
Cluster358     COVAR   16076       1.4704    0.0020015        5.429      0.39326
Cluster359     COVAR   16076      0.44691   0.00073629       4.4071      0.45961
Cluster36      COVAR   16076      -3.1851   -0.0080617       2.8358      0.86931
Cluster360     COVAR   16076       4.7959    0.0080388       4.4736      0.14186
Cluster361     COVAR   16076       3.4783    0.0061276       4.1385      0.20033
Cluster362     COVAR   16076      -1.9484   -0.0030253       4.6624      0.66199
Cluster363     COVAR   16076      -2.0477   -0.0042845       3.3153      0.73159
Cluster364     COVAR   16076       4.9892    0.0083988       4.1308      0.11358
Cluster365     COVAR   16076       2.2106    0.0030392       5.3126      0.33867
Cluster366     COVAR   16076      -3.2149   -0.0055967       4.2254      0.77662
Cluster367     COVAR   16076       3.9245    0.0049015       5.8576      0.25144
Cluster368     COVAR   16076       2.3916    0.0048723       3.2916      0.23375
Cluster369     COVAR   16076       1.7548    0.0023947       5.3606      0.37171
Cluster37      COVAR   16076       1.0596    0.0033618       2.2034       0.3153
Cluster370     COVAR   16076       5.7639    0.0080358       5.3883      0.14238
Cluster371     COVAR   16076       6.9298     0.013533       3.7407     0.031986
Cluster372     COVAR   16076       3.3138    0.0054212       4.5145      0.23147
Cluster373     COVAR   16076      -1.4246   -0.0023396       4.4714      0.62498
Cluster374     COVAR   16076       1.9891    0.0034254       4.2598      0.32027
Cluster375     COVAR   16076       5.8763     0.010758       3.9277     0.067326
Cluster376     COVAR   16076      -2.0576   -0.0031196       4.8362      0.66475
Cluster377     COVAR   16076      -5.4926   -0.0090482       4.3641       0.8959
Cluster378     COVAR   16076       2.2316    0.0037999       4.3659      0.30463
Cluster379     COVAR   16076      0.01746   3.2755e-05       3.7513      0.49814
Cluster38      COVAR   16076      0.46585    0.0015793       2.0815      0.41146
Cluster380     COVAR   16076      -7.3878    -0.012725       4.3145      0.95657
Cluster381     COVAR   16076      -7.3425      -0.0135       3.8649      0.97126
Cluster382     COVAR   16076       3.4778    0.0061677       4.2044      0.20407
Cluster383     COVAR   16076      -6.6606     -0.01236       3.8268       0.9591
Cluster384     COVAR   16076        1.147     0.001707        5.061      0.41036
Cluster385     COVAR   16076       4.7938    0.0065518       5.4706      0.19045
Cluster386     COVAR   16076       3.6641    0.0067974       3.9287      0.17551
Cluster387     COVAR   16076       5.3392      0.01009       3.5755     0.067694
Cluster388     COVAR   16076       3.4092    0.0066567       3.7527      0.18182
Cluster389     COVAR   16076       7.0035     0.010439       5.0067     0.080943
Cluster39      COVAR   16076     -0.43051   -0.0019641       1.5119      0.61208
Cluster390     COVAR   16076      -1.8359    -0.002476        5.432      0.63231
Cluster391     COVAR   16076       1.6612    0.0029186       4.0949      0.34249
Cluster392     COVAR   16076      -3.0233   -0.0044474       5.0211      0.72645
Cluster393     COVAR   16076       4.4563    0.0060737       5.4271       0.2058
Cluster394     COVAR   16076       4.3586    0.0078625       4.0071      0.13837
Cluster395     COVAR   16076       3.9076    0.0096445       3.0132      0.09736
Cluster396     COVAR   16076       2.9679    0.0051915       4.0837      0.23369
Cluster397     COVAR   16076      0.12943   0.00028869       3.3082       0.4844
Cluster398     COVAR   16076       1.7259    0.0041339       3.0412       0.2852
Cluster399     COVAR   16076       1.2954    0.0042514        2.303      0.28689
Cluster4       COVAR   16076     -0.31773   -0.0028159      0.78813      0.65658
Cluster40      COVAR   16076      -3.0221    -0.009309       2.3127      0.90434
Cluster400     COVAR   16076     -0.38481   -0.0011896       2.4361      0.56276
Cluster401     COVAR   16076        -3.84    -0.008768       3.1082      0.89165
Cluster402     COVAR   16076      -1.3353   -0.0026438       3.7469      0.63922
Cluster403     COVAR   16076       3.5229    0.0064031       3.8808      0.18201
Cluster404     COVAR   16076       2.7834    0.0032341       6.1275      0.32483
Cluster405     COVAR   16076       5.3706    0.0066564       6.0463      0.18722
Cluster406     COVAR   16076       0.6159    0.0010872       4.6335      0.44713
Cluster407     COVAR   16076       3.5538    0.0046532       5.5856      0.26231
Cluster408     COVAR   16076      -3.8962    -0.011648       2.3163      0.95371
Cluster409     COVAR   16076       -3.368     -0.00928       2.7515      0.88952
Cluster41      COVAR   16076       -2.417   -0.0060139       2.8486      0.80191
Cluster410     COVAR   16076       2.0915    0.0048593       2.9908      0.24218
Cluster411     COVAR   16076      -3.4729   -0.0081789       3.0994      0.86874
Cluster412     COVAR   16076      -3.2227   -0.0083534       3.1532      0.84661
Cluster413     COVAR   16076      -6.6611     -0.01511       3.4816      0.97213
Cluster414     COVAR   16076      -3.8956   -0.0093083       3.0302      0.90069
Cluster415     COVAR   16076      -1.6251   -0.0027023        4.223      0.64981
Cluster416     COVAR   16076      -4.0371   -0.0072829       4.1614        0.834
Cluster417     COVAR   16076      -3.9284   -0.0063014       4.6839      0.79918
Cluster418     COVAR   16076       -3.018   -0.0062324       3.5109      0.80498
Cluster419     COVAR   16076       5.9368    0.0077563       5.6642       0.1473
Cluster42      COVAR   16076     -0.66805   -0.0016438       2.8619      0.59229
Cluster420     COVAR   16076      0.12976   0.00020505       4.4386      0.48834
Cluster421     COVAR   16076      0.26009   0.00041484       4.5758      0.47734
Cluster422     COVAR   16076      -2.1187   -0.0027232       5.8567      0.64123
Cluster423     COVAR   16076       7.8728    0.0087704       6.7105      0.12037
Cluster424     COVAR   16076       8.5293     0.009926       6.2888     0.087518
Cluster425     COVAR   16076       2.7489    0.0033977       5.9028      0.32072
Cluster426     COVAR   16076       3.1084    0.0034547       6.7053      0.32148
Cluster427     COVAR   16076        4.296    0.0056698       5.6704      0.22435
Cluster428     COVAR   16076        7.315    0.0093987       5.8327       0.1049
Cluster429     COVAR   16076       10.423     0.015711       4.8734     0.016237
Cluster43      COVAR   16076     -0.31766  -0.00095599       2.2902      0.55516
Cluster430     COVAR   16076       3.9682    0.0063979       4.6664      0.19756
Cluster431     COVAR   16076      -1.0026   -0.0027708       2.6999      0.64481
Cluster432     COVAR   16076      -1.1001   -0.0039534       2.2019      0.69132
Cluster433     COVAR   16076      -1.2572   -0.0025371       3.6276      0.63554
Cluster434     COVAR   16076      -1.3693   -0.0023865       4.2178      0.62728
Cluster435     COVAR   16076       1.6332    0.0036965       3.1258      0.30067
Cluster436     COVAR   16076       2.2134    0.0037382       4.2669      0.30198
Cluster437     COVAR   16076       1.9055    0.0032881       4.2263      0.32605
Cluster438     COVAR   16076      -3.2561    -0.005491        4.417      0.76949
Cluster439     COVAR   16076     -0.75181   -0.0013738       4.0017      0.57451
Cluster44      COVAR   16076      -2.5935   -0.0090211        1.999      0.90274
Cluster440     COVAR   16076     -0.91825   -0.0014321       4.7578      0.57652
Cluster441     COVAR   16076       2.0584    0.0032641       4.6932      0.33048
Cluster442     COVAR   16076       1.0228    0.0017375       4.4353      0.40881
Cluster443     COVAR   16076       2.0578    0.0038351       3.8624      0.29709
Cluster444     COVAR   16076       2.0724    0.0040869       3.6925      0.28732
Cluster445     COVAR   16076       0.9057    0.0023501       2.7398      0.37049
Cluster446     COVAR   16076       5.4692     0.011382        3.575      0.06304
Cluster447     COVAR   16076       4.5097    0.0088748       3.8057      0.11802
Cluster448     COVAR   16076       2.1295    0.0060603       2.5246      0.19948
Cluster449     COVAR   16076       0.6761    0.0013096       3.8174      0.42971
Cluster45      COVAR   16076      -2.8464     -0.01071       1.8587      0.93716
Cluster450     COVAR   16076      0.33868   0.00072365       3.5392      0.46188
Cluster451     COVAR   16076      -2.3464   -0.0048346       3.6533      0.73964
Cluster452     COVAR   16076       3.4444    0.0077385       3.2216      0.14251
Cluster453     COVAR   16076       1.6699    0.0036463       3.4285      0.31311
Cluster454     COVAR   16076       2.7404    0.0047531       4.3189      0.26288
Cluster455     COVAR   16076       2.9544    0.0059027       3.6299      0.20785
Cluster456     COVAR   16076       8.0251     0.011935       4.8504      0.04902
Cluster457     COVAR   16076       2.8095    0.0050235       4.0883      0.24599
Cluster458     COVAR   16076       1.8777    0.0038789       3.5521      0.29854
Cluster459     COVAR   16076     -0.19905  -0.00036266       4.1144      0.51929
Cluster46      COVAR   16076      -2.5894   -0.0087438       2.0809      0.89331
Cluster460     COVAR   16076      0.95508    0.0059776       1.4039      0.24817
Cluster47      COVAR   16076      -3.1023    -0.010084       2.1708       0.9235
Cluster48      COVAR   16076      -1.8894   -0.0075798       1.7646      0.85785
Cluster49      COVAR   16076      -2.0048    -0.007509        1.865       0.8588
Cluster5       COVAR   16076     -0.32633   -0.0025558       0.9053      0.64075
Cluster50      COVAR   16076      -1.7392   -0.0085742       1.4447      0.88565
Cluster51      COVAR   16076      -2.0754   -0.0094297        1.662       0.8941
Cluster52      COVAR   16076       1.0029     0.003421       2.1369      0.31943
Cluster53      COVAR   16076     -0.76959      -0.0027       2.0716      0.64486
Cluster54      COVAR   16076      0.65423    0.0019852       2.4077      0.39292
Cluster55      COVAR   16076       2.1189    0.0070386        2.219      0.16982
Cluster56      COVAR   16076      0.72535    0.0019309       2.7341      0.39539
Cluster57      COVAR   16076    -0.085636  -0.00026379        2.376      0.51438
Cluster58      COVAR   16076     -0.18559  -0.00066996        2.058      0.53593
Cluster59      COVAR   16076     0.039802   0.00016427       1.7848       0.4911
Cluster6       COVAR   16076     -0.89875   -0.0062761        1.021      0.81063
Cluster60      COVAR   16076      0.58762    0.0021529       2.0086      0.38494
Cluster61      COVAR   16076     -0.21721  -0.00088189       1.8411      0.54696
Cluster62      COVAR   16076     -0.54047   -0.0020707        1.935         0.61
Cluster63      COVAR   16076       -1.047   -0.0043942       1.7479      0.72541
Cluster64      COVAR   16076       -2.122    -0.010488       1.4396      0.92975
Cluster65      COVAR   16076      -1.6613   -0.0067926       1.7137      0.83382
Cluster66      COVAR   16076     -0.65327   -0.0044051       1.0333      0.73638
Cluster67      COVAR   16076       1.0212    0.0058776       1.2017      0.19774
Cluster68      COVAR   16076     -0.26762   -0.0019965      0.93597      0.61253
Cluster69      COVAR   16076     -0.39619   -0.0024198         1.12      0.63823
Cluster7       COVAR   16076      0.19074    0.0013828      0.96497      0.42166
Cluster70      COVAR   16076     -0.46937   -0.0023602        1.351      0.63586
Cluster71      COVAR   16076      -0.1338  -0.00067235       1.3783      0.53866
Cluster72      COVAR   16076      0.38437    0.0018119       1.4744      0.39716
Cluster73      COVAR   16076     -0.19133  -0.00094046       1.4109      0.55393
Cluster74      COVAR   16076     -0.98972   -0.0047108       1.4514      0.75235
Cluster75      COVAR   16076       -2.195   -0.0079763       1.8946      0.87666
Cluster76      COVAR   16076      -2.6659    -0.011331       1.5981      0.95234
Cluster77      COVAR   16076       -2.616    -0.011847       1.5422      0.95507
Cluster78      COVAR   16076      -2.2427   -0.0099573       1.5525       0.9257
Cluster79      COVAR   16076      -1.5301   -0.0067905       1.5499      0.83821
Cluster8       COVAR   16076      0.36742    0.0023932       1.0937      0.36846
Cluster80      COVAR   16076      -1.6886   -0.0074394       1.5636       0.8599
Cluster81      COVAR   16076      -1.9537    -0.008471       1.6027      0.88857
Cluster82      COVAR   16076      -2.0463    -0.010738       1.3277      0.93837
Cluster83      COVAR   16076      0.15093   0.00030324       3.5166      0.48288
Cluster84      COVAR   16076       1.9636     0.003278       4.4536      0.32965
Cluster85      COVAR   16076       4.2561    0.0071429       4.2074      0.15588
Cluster86      COVAR   16076       5.6758    0.0094984       4.3309     0.095016
Cluster87      COVAR   16076       3.5456    0.0067172       3.9118      0.18238
Cluster88      COVAR   16076       3.1134     0.005063       4.5244      0.24569
Cluster89      COVAR   16076       3.9678    0.0067432       4.3979      0.18348
Cluster9       COVAR   16076       0.3469    0.0024878      0.98533       0.3624
Cluster90      COVAR   16076       5.1313    0.0087818       4.3343      0.11824
Cluster91      COVAR   16076       7.6987     0.013924       4.0217     0.027802
Cluster92      COVAR   16076       7.6076     0.012184       4.6798     0.052026
Cluster93      COVAR   16076       5.2111     0.008016       4.8303      0.14034
Cluster94      COVAR   16076       6.3453     0.010021       4.7771     0.092054
Cluster95      COVAR   16076       4.0588    0.0078499       3.8166       0.1438
Cluster96      COVAR   16076       0.9343     0.002059       3.2062      0.38538
Cluster97      COVAR   16076      -1.4722   -0.0033403       3.0858      0.68335
Cluster98      COVAR   16076       5.1903    0.0091114       4.3953      0.11884
Cluster99      COVAR   16076       6.9287     0.012762       4.0689      0.04431
