# TOTAL_GENES = 16361
# TEST_DIRECTION = one-sided, positive (set), one-sided, positive (covar)
# CONDITIONED_INTERNAL = gene size, gene density, inverse mac, log(gene size), log(gene density), log(inverse mac)
VARIABLE        TYPE  NGENES         BETA     BETA_STD           SE            P
Cluster0       COVAR   16361      -1.7001    -0.021502      0.68227      0.99364
Cluster1       COVAR   16361     -0.70408   -0.0092568      0.66405      0.85548
Cluster10      COVAR   16361       -3.671     -0.02428       1.2889       0.9978
Cluster100     COVAR   16361      -1.5209   -0.0031439       4.5444      0.63106
Cluster101     COVAR   16361      0.10168   0.00023697       3.5705      0.48864
Cluster102     COVAR   16361     -0.46176  -0.00079956       4.9028      0.53752
Cluster103     COVAR   16361      0.48032    0.0010312       4.0351      0.45262
Cluster104     COVAR   16361      -3.6939   -0.0080117       3.9805      0.82329
Cluster105     COVAR   16361       3.5269    0.0062748       4.8626      0.23414
Cluster106     COVAR   16361       4.4367    0.0070219       5.5058      0.21018
Cluster107     COVAR   16361       8.0287     0.016141       4.2028     0.028057
Cluster108     COVAR   16361       14.049     0.018139       6.8973     0.020842
Cluster109     COVAR   16361        13.17     0.017726       6.6055     0.023093
Cluster11      COVAR   16361      -3.2311    -0.021047       1.2926      0.99378
Cluster110     COVAR   16361       4.5817    0.0080165       4.6105      0.16018
Cluster111     COVAR   16361     -0.94802   -0.0017607       4.6354      0.58102
Cluster112     COVAR   16361       4.6894    0.0070524       5.8636      0.21194
Cluster113     COVAR   16361      -1.7879   -0.0044882       3.4958      0.69548
Cluster114     COVAR   16361       1.8791    0.0039532       4.1805      0.32654
Cluster115     COVAR   16361       3.5735    0.0079055       3.8904      0.17917
Cluster116     COVAR   16361       6.8321     0.012647        4.933     0.083041
Cluster117     COVAR   16361       4.6569      0.00944       4.4705      0.14878
Cluster118     COVAR   16361       7.9457     0.015693       4.3377     0.033501
Cluster119     COVAR   16361       1.1486    0.0027032       3.7338      0.37919
Cluster12      COVAR   16361      -3.4429    -0.029621      0.98393      0.99977
Cluster120     COVAR   16361       18.805     0.025983       6.5466    0.0020394
Cluster121     COVAR   16361       4.7514    0.0074701       5.6286       0.1993
Cluster122     COVAR   16361       25.137     0.033937       6.6746   8.3277e-05
Cluster123     COVAR   16361       27.515     0.036426        6.739   2.2353e-05
Cluster124     COVAR   16361       10.012     0.016087       5.4729     0.033675
Cluster125     COVAR   16361       15.991     0.022187        6.411    0.0063167
Cluster126     COVAR   16361       5.7369     0.012312        4.237     0.087882
Cluster127     COVAR   16361     -0.65589   -0.0013198       4.5129      0.55778
Cluster128     COVAR   16361       14.901     0.020868       6.4097     0.010048
Cluster129     COVAR   16361       11.724      0.01647       6.3796     0.033059
Cluster13      COVAR   16361      -3.4167    -0.028552       1.0133      0.99963
Cluster130     COVAR   16361       16.307     0.021671       6.6024    0.0067644
Cluster131     COVAR   16361       10.314     0.014364       6.3581     0.052391
Cluster132     COVAR   16361       35.222     0.056017       5.5483   1.1231e-10
Cluster133     COVAR   16361       32.201     0.041344       6.9793   1.9953e-06
Cluster134     COVAR   16361       15.554      0.02435       5.7983    0.0036584
Cluster135     COVAR   16361       2.4564    0.0049037       4.5322      0.29392
Cluster136     COVAR   16361       19.081      0.03439       4.7491   2.9537e-05
Cluster137     COVAR   16361       10.971     0.017511       5.5384     0.023814
Cluster138     COVAR   16361       14.549     0.024677       5.1991     0.002572
Cluster139     COVAR   16361       10.552     0.016062       5.7584     0.033451
Cluster14      COVAR   16361      -2.5629    -0.018726       1.1946      0.98403
Cluster140     COVAR   16361       19.712     0.027191        6.371   0.00098926
Cluster141     COVAR   16361       16.839     0.024194       6.1986    0.0033021
Cluster142     COVAR   16361     -0.57553   -0.0011557       4.4554      0.55139
Cluster143     COVAR   16361      -2.3141   -0.0036127       5.8243      0.65443
Cluster144     COVAR   16361       5.7978    0.0084042        6.169      0.17366
Cluster145     COVAR   16361     -0.22497  -0.00037825       5.2648      0.51704
Cluster146     COVAR   16361       21.243     0.029076       6.6048   0.00065074
Cluster147     COVAR   16361       14.124     0.017965       6.8883     0.020168
Cluster148     COVAR   16361       16.207     0.021905       6.6449    0.0073707
Cluster149     COVAR   16361       21.955     0.029626       6.5518   0.00040371
Cluster15      COVAR   16361      -2.7277    -0.020927       1.1712      0.99006
Cluster150     COVAR   16361       3.2487    0.0066031       4.3903      0.22967
Cluster151     COVAR   16361     -0.74141   -0.0014256       4.6474      0.56337
Cluster152     COVAR   16361      -4.0267   -0.0095734       3.6923      0.86225
Cluster153     COVAR   16361       9.6956     0.017571        4.741     0.020433
Cluster154     COVAR   16361       9.1654     0.015997        5.026     0.034116
Cluster155     COVAR   16361       24.004     0.031959       6.6835   0.00016489
Cluster156     COVAR   16361       17.348     0.026439       5.5778   0.00093677
Cluster157     COVAR   16361        8.737     0.016434       4.7448     0.032794
Cluster158     COVAR   16361       16.659     0.023762       6.1898    0.0035618
Cluster159     COVAR   16361       6.7369     0.010194       5.8067      0.12299
Cluster16      COVAR   16361      -4.0455    -0.025501         1.41      0.99794
Cluster160     COVAR   16361       1.9887     0.004214       3.9473       0.3072
Cluster161     COVAR   16361       7.0834     0.014468       4.2149     0.046436
Cluster162     COVAR   16361       11.641     0.018529       5.5698     0.018319
Cluster163     COVAR   16361       9.4342     0.017742       4.5529     0.019135
Cluster164     COVAR   16361        7.814     0.014987       4.5505     0.042986
Cluster165     COVAR   16361       1.9546    0.0037326       4.7199       0.3394
Cluster166     COVAR   16361       2.1808    0.0040876       4.7179      0.32195
Cluster167     COVAR   16361       11.354     0.018463       5.4577     0.018751
Cluster168     COVAR   16361       15.022     0.028223       4.6562   0.00062843
Cluster169     COVAR   16361       3.5436    0.0061311       4.9734      0.23808
Cluster17      COVAR   16361      -2.1872     -0.01986      0.96278      0.98844
Cluster170     COVAR   16361       11.493     0.017576       5.6104     0.020268
Cluster171     COVAR   16361       6.1254     0.013006       4.0066     0.063164
Cluster172     COVAR   16361       11.561     0.019223       5.4519     0.016989
Cluster173     COVAR   16361       6.2547     0.013008       4.0343     0.060535
Cluster174     COVAR   16361       3.6403     0.006214       5.2164      0.24264
Cluster175     COVAR   16361        5.048    0.0082586         5.59      0.18326
Cluster176     COVAR   16361       3.5706    0.0072852       4.0569       0.1894
Cluster177     COVAR   16361       19.282     0.026985       6.2974    0.0011019
Cluster178     COVAR   16361        11.66      0.01873        5.446     0.016148
Cluster179     COVAR   16361       15.861      0.02491       5.6525    0.0025118
Cluster18      COVAR   16361      -3.3792    -0.029525       1.0018      0.99963
Cluster180     COVAR   16361       2.7596     0.006217       4.0485      0.24773
Cluster181     COVAR   16361       4.4763    0.0083615       4.8192       0.1765
Cluster182     COVAR   16361       3.2232    0.0069689       4.1367      0.21795
Cluster183     COVAR   16361       6.6886     0.012085       4.8303     0.083078
Cluster184     COVAR   16361      -2.2233   -0.0055584       3.4949      0.73766
Cluster185     COVAR   16361       10.762     0.018905       4.9351      0.01461
Cluster186     COVAR   16361       2.8843    0.0057172       4.3491       0.2536
Cluster187     COVAR   16361       7.1894     0.011405       5.5769     0.098686
Cluster188     COVAR   16361       9.9172     0.015817       5.2704      0.02995
Cluster189     COVAR   16361      -2.5945   -0.0056186       3.9225      0.74583
Cluster19      COVAR   16361      -2.8928    -0.020321       1.2319      0.99056
Cluster190     COVAR   16361      -3.3638   -0.0070368       4.2259      0.78698
Cluster191     COVAR   16361      -2.0284   -0.0041091        4.191       0.6858
Cluster192     COVAR   16361      -1.2489   -0.0030094       3.4548      0.64113
Cluster193     COVAR   16361     -0.61624   -0.0011184        4.657      0.55264
Cluster194     COVAR   16361      -2.6902   -0.0058039       3.8438      0.75799
Cluster195     COVAR   16361      -3.3253   -0.0066457       4.3854      0.77585
Cluster196     COVAR   16361       3.7215    0.0067258       4.8243      0.22024
Cluster197     COVAR   16361      -2.0819   -0.0037723       4.9046      0.66438
Cluster198     COVAR   16361       1.5555     0.002962       4.5637      0.36661
Cluster199     COVAR   16361      0.64256    0.0016427       3.1976      0.42037
Cluster2       COVAR   16361      -1.0176    -0.015875      0.54958      0.96795
Cluster20      COVAR   16361      -2.1214    -0.013774       1.3079      0.94759
Cluster200     COVAR   16361       3.5694    0.0073108       3.9959      0.18586
Cluster201     COVAR   16361       11.069     0.016945       5.7676     0.027488
Cluster202     COVAR   16361       16.442     0.027261       5.2454   0.00086256
Cluster203     COVAR   16361       7.6334     0.012601       5.3745     0.077769
Cluster204     COVAR   16361      0.34022   0.00066114       4.4635      0.46962
Cluster205     COVAR   16361       2.2856    0.0039003       5.2127      0.33053
Cluster206     COVAR   16361       16.229      0.03268       4.2162   5.9495e-05
Cluster207     COVAR   16361       19.813     0.035263        4.876   2.4308e-05
Cluster208     COVAR   16361       16.251     0.028346       5.0287    0.0006167
Cluster209     COVAR   16361         6.98     0.016898       3.5247     0.023846
Cluster21      COVAR   16361      0.17306    0.0010632       1.3626      0.44947
Cluster210     COVAR   16361       11.565     0.023612       4.2386    0.0031846
Cluster211     COVAR   16361       6.9272     0.016586       3.5309     0.024899
Cluster212     COVAR   16361       13.602     0.025035       4.6121     0.001595
Cluster213     COVAR   16361       14.407     0.024102       5.2118    0.0028555
Cluster214     COVAR   16361       11.407     0.018188       5.4416      0.01804
Cluster215     COVAR   16361       8.4984     0.018285       4.0504     0.017955
Cluster216     COVAR   16361       20.689     0.030598       5.9452   0.00025149
Cluster217     COVAR   16361       41.453     0.049698       7.3623   9.1598e-09
Cluster218     COVAR   16361       20.425      0.03212       5.5672   0.00012231
Cluster219     COVAR   16361        25.87      0.04356       5.2233   3.7019e-07
Cluster22      COVAR   16361      0.56604    0.0031654       1.5345      0.35611
Cluster220     COVAR   16361       20.771      0.03181       5.6766   0.00012706
Cluster221     COVAR   16361       16.805     0.031012       4.4758    8.717e-05
Cluster222     COVAR   16361        18.26     0.033217       4.7285   5.6561e-05
Cluster223     COVAR   16361       15.982     0.028251       4.8202   0.00045835
Cluster224     COVAR   16361       27.082     0.038322       6.1786   5.8895e-06
Cluster225     COVAR   16361       26.341     0.041214       5.5668   1.1237e-06
Cluster226     COVAR   16361       27.066     0.037364       6.2667   7.8897e-06
Cluster227     COVAR   16361       20.399     0.029869       5.8799   0.00026174
Cluster228     COVAR   16361       33.929     0.043082       6.9744   5.7907e-07
Cluster229     COVAR   16361       32.572     0.045222       6.3724   1.6209e-07
Cluster23      COVAR   16361      0.21311    0.0011276       1.5932       0.4468
Cluster230     COVAR   16361       20.922     0.031351       5.6427   0.00010493
Cluster231     COVAR   16361       28.489     0.037961       6.6071   8.1496e-06
Cluster232     COVAR   16361       24.212     0.032931       6.5181   0.00010218
Cluster233     COVAR   16361       29.164     0.038833       6.6105   5.1641e-06
Cluster234     COVAR   16361       35.381     0.043844        7.094   3.0962e-07
Cluster235     COVAR   16361       7.9166     0.019289       3.5665     0.013227
Cluster236     COVAR   16361       10.442      0.01568       5.9581     0.039855
Cluster237     COVAR   16361       24.422     0.030816       7.1127   0.00029863
Cluster238     COVAR   16361       14.407     0.020464       6.2585     0.010676
Cluster239     COVAR   16361       23.831      0.03199       6.7023   0.00018911
Cluster24      COVAR   16361      -4.7007    -0.028934        1.389      0.99964
Cluster240     COVAR   16361       18.408     0.024415       6.7388    0.0031548
Cluster241     COVAR   16361       18.682     0.027525       6.1782      0.00125
Cluster242     COVAR   16361       26.987      0.03464       6.9431   5.1012e-05
Cluster243     COVAR   16361       20.903     0.029772       6.4037   0.00055005
Cluster244     COVAR   16361       19.103     0.028515       5.8154   0.00051148
Cluster245     COVAR   16361       15.027     0.021492       5.9532    0.0058039
Cluster246     COVAR   16361       4.1044    0.0073587       5.1789      0.21403
Cluster247     COVAR   16361       11.367     0.017671       5.6964     0.023008
Cluster248     COVAR   16361       15.976     0.023597       5.9717    0.0037379
Cluster249     COVAR   16361        21.88     0.028716       6.6757   0.00052486
Cluster25      COVAR   16361      -5.6334    -0.027593       1.7702      0.99927
Cluster250     COVAR   16361       24.508     0.041395       5.5244   4.6124e-06
Cluster251     COVAR   16361       23.788     0.037247       5.7534   1.7889e-05
Cluster252     COVAR   16361       26.447     0.039051       6.1722   9.2057e-06
Cluster253     COVAR   16361       17.944     0.027224       5.8849    0.0011496
Cluster254     COVAR   16361       11.058     0.020778       4.9848     0.013275
Cluster255     COVAR   16361       15.053     0.023441       5.6219    0.0037115
Cluster256     COVAR   16361       13.754     0.020646       5.7463    0.0083485
Cluster257     COVAR   16361       8.9938      0.01205       6.7746     0.092171
Cluster258     COVAR   16361       11.434      0.01698       6.0597     0.029594
Cluster259     COVAR   16361       17.519     0.023077       6.9102    0.0056249
Cluster26      COVAR   16361       -4.674    -0.023299       1.7513      0.99619
Cluster260     COVAR   16361         16.8      0.02354       6.5029    0.0048954
Cluster261     COVAR   16361       7.9234     0.011472       6.2389      0.10205
Cluster262     COVAR   16361       21.525     0.028732       6.7251   0.00068684
Cluster263     COVAR   16361       12.998     0.018625       6.2819     0.019278
Cluster264     COVAR   16361       15.764     0.023097        6.063    0.0046667
Cluster265     COVAR   16361       15.793     0.024374        5.917    0.0038078
Cluster266     COVAR   16361       14.413     0.021055       6.0369    0.0084878
Cluster267     COVAR   16361       16.387     0.023601       6.3022    0.0046628
Cluster268     COVAR   16361       20.786     0.030792        6.207   0.00040681
Cluster269     COVAR   16361       27.233     0.035942       6.8907   3.8931e-05
Cluster27      COVAR   16361      -5.8104    -0.026544       1.9164      0.99878
Cluster270     COVAR   16361       20.703     0.031249       6.0135    0.0002888
Cluster271     COVAR   16361       24.296     0.034877       6.3623   6.7372e-05
Cluster272     COVAR   16361       21.891     0.039558       5.1695   1.1522e-05
Cluster273     COVAR   16361       31.177     0.041667       6.8482   2.6718e-06
Cluster274     COVAR   16361       21.668     0.031614       6.1935   0.00023468
Cluster275     COVAR   16361       25.399     0.038146       6.0701   1.4397e-05
Cluster276     COVAR   16361       10.612     0.016809       5.5016     0.026886
Cluster277     COVAR   16361       17.459     0.027517        5.534    0.0008044
Cluster278     COVAR   16361       21.053     0.030573       6.0709   0.00026305
Cluster279     COVAR   16361       10.205     0.015903       5.7348     0.037593
Cluster28      COVAR   16361      -3.9062    -0.023249       1.4414      0.99663
Cluster280     COVAR   16361       20.863     0.029129       6.4148   0.00057363
Cluster281     COVAR   16361       16.131     0.029858       4.9311   0.00053651
Cluster282     COVAR   16361        5.652     0.010958       4.5802      0.10861
Cluster283     COVAR   16361       30.471      0.04158       6.6773   2.5386e-06
Cluster284     COVAR   16361       23.611     0.034348       6.2669   8.2778e-05
Cluster285     COVAR   16361       22.329     0.032176       6.0792   0.00012033
Cluster286     COVAR   16361       26.902     0.038349       6.4432   1.4976e-05
Cluster287     COVAR   16361       15.197     0.024917       5.4562    0.0026785
Cluster288     COVAR   16361       20.635      0.02908       6.4744   0.00071991
Cluster289     COVAR   16361       14.202      0.02488       5.0683    0.0025422
Cluster29      COVAR   16361      -2.1069    -0.015679       1.1178      0.97026
Cluster290     COVAR   16361       7.7716     0.012275       5.5021     0.078914
Cluster291     COVAR   16361       9.4085     0.013549       6.2182     0.065145
Cluster292     COVAR   16361       10.277     0.015562       5.8886     0.040483
Cluster293     COVAR   16361        7.646     0.012817       5.3103     0.074969
Cluster294     COVAR   16361       17.851     0.025416       6.2557    0.0021646
Cluster295     COVAR   16361       12.324     0.022868       4.8571    0.0055898
Cluster296     COVAR   16361        15.79      0.02518       5.6003    0.0024077
Cluster297     COVAR   16361       0.1394    0.0012662      0.88402      0.43735
Cluster298     COVAR   16361       5.2265     0.010828       4.1511      0.10402
Cluster299     COVAR   16361       3.4549     0.006795       4.5172      0.22219
Cluster3       COVAR   16361       -1.545    -0.023494       0.5716      0.99656
Cluster30      COVAR   16361      -3.8886    -0.018377       1.7959      0.98481
Cluster300     COVAR   16361        4.316    0.0099441       3.8885      0.13352
Cluster301     COVAR   16361        10.06     0.023093       3.7246    0.0034606
Cluster302     COVAR   16361      -2.3305   -0.0073624       2.7408      0.80242
Cluster303     COVAR   16361       1.0507    0.0032091       2.7786      0.35267
Cluster304     COVAR   16361       8.3308     0.020156       3.4637    0.0080885
Cluster305     COVAR   16361       7.5012      0.01877       3.3911     0.013489
Cluster306     COVAR   16361       12.259     0.026397       4.0835    0.0013428
Cluster307     COVAR   16361       8.5761     0.017356       4.3429     0.024158
Cluster308     COVAR   16361       3.7222    0.0094838       3.4723      0.14188
Cluster309     COVAR   16361       12.365     0.024983       4.2856    0.0019591
Cluster31      COVAR   16361      -4.5024     -0.02812        1.371      0.99949
Cluster310     COVAR   16361       9.1161     0.022758        3.592    0.0055816
Cluster311     COVAR   16361       7.2456     0.021476       3.0251    0.0083124
Cluster312     COVAR   16361       5.2541     0.017283       2.8092     0.030732
Cluster313     COVAR   16361      -1.3232   -0.0051728       2.2338       0.7232
Cluster314     COVAR   16361       -0.363   -0.0021314       1.3971      0.60249
Cluster315     COVAR   16361       3.8638    0.0072594       4.5036      0.19547
Cluster316     COVAR   16361      -2.6706    -0.007145       3.2836      0.79197
Cluster317     COVAR   16361      -3.2043   -0.0078497       3.7075      0.80627
Cluster318     COVAR   16361      -3.4405   -0.0074453       4.0404      0.80276
Cluster319     COVAR   16361     -0.60654   -0.0012818       4.0738      0.55918
Cluster32      COVAR   16361     -0.66328   -0.0019412        3.107      0.58452
Cluster320     COVAR   16361      -1.8714   -0.0044021       3.7685      0.69025
Cluster321     COVAR   16361      0.21569   0.00042467       4.3604      0.48027
Cluster322     COVAR   16361      -1.2354   -0.0033882        3.101      0.65483
Cluster323     COVAR   16361       6.1866     0.011789       4.6642     0.092363
Cluster324     COVAR   16361       1.9818    0.0037914       4.8654      0.34189
Cluster325     COVAR   16361       2.2672    0.0041569       4.9539       0.3236
Cluster326     COVAR   16361       6.1648     0.011777       4.7507      0.09721
Cluster327     COVAR   16361       4.8807    0.0082894       5.2773      0.17753
Cluster328     COVAR   16361       11.594     0.019666        5.262      0.01379
Cluster329     COVAR   16361        16.29       0.0249        5.919    0.0029649
Cluster33      COVAR   16361       5.3276     0.013668       3.4594     0.061789
Cluster330     COVAR   16361       4.0757    0.0075336       4.9688      0.20604
Cluster331     COVAR   16361       14.779     0.025881       4.8151     0.001075
Cluster332     COVAR   16361        12.53     0.020129       5.5996     0.012628
Cluster333     COVAR   16361       8.7442      0.01823       4.2927     0.020834
Cluster334     COVAR   16361       3.7934     0.012305        2.715     0.081188
Cluster335     COVAR   16361       2.5108    0.0069315       3.1902      0.21564
Cluster336     COVAR   16361      -3.8714    -0.010105       3.2481      0.88334
Cluster337     COVAR   16361      -1.8645    -0.004825       3.3073      0.71353
Cluster338     COVAR   16361       -2.589   -0.0067715       3.3988      0.77689
Cluster339     COVAR   16361       7.6712     0.013215       4.9008     0.058769
Cluster34      COVAR   16361       4.9617     0.012171        3.605     0.084373
Cluster340     COVAR   16361         9.49     0.022696       3.5187    0.0035022
Cluster341     COVAR   16361       1.8381    0.0039761       3.9937      0.32267
Cluster342     COVAR   16361       1.0332    0.0028327       3.1962      0.37325
Cluster343     COVAR   16361      0.98695    0.0028292       3.0759      0.37416
Cluster344     COVAR   16361       7.1679     0.014781       4.3538     0.049857
Cluster345     COVAR   16361       1.3064    0.0036288       3.1892      0.34104
Cluster346     COVAR   16361        3.724     0.010715       2.9453      0.10306
Cluster347     COVAR   16361       3.5711    0.0071139       4.5177      0.21463
Cluster348     COVAR   16361      0.11304   0.00030738       3.3591      0.48658
Cluster349     COVAR   16361       4.3957    0.0088859       4.6843      0.17403
Cluster35      COVAR   16361       5.0682     0.012475       3.5333      0.07574
Cluster350     COVAR   16361       10.981     0.018399       5.3239      0.01958
Cluster351     COVAR   16361       3.8132    0.0068299       4.7217      0.20967
Cluster352     COVAR   16361       9.6514     0.016004       5.2135     0.032078
Cluster353     COVAR   16361       8.5091     0.014763       4.7969     0.038052
Cluster354     COVAR   16361       16.134     0.021743       6.3842    0.0057553
Cluster355     COVAR   16361       15.596     0.018863       7.0756     0.013765
Cluster356     COVAR   16361       -2.104   -0.0027291       6.7757      0.62191
Cluster357     COVAR   16361       3.7006    0.0061841       5.1053      0.23428
Cluster358     COVAR   16361       11.401     0.015517        6.258     0.034256
Cluster359     COVAR   16361       3.7868    0.0061961       5.5638      0.24806
Cluster36      COVAR   16361       6.0102     0.015344       3.3667     0.037126
Cluster360     COVAR   16361        14.75     0.024315       5.2197    0.0023619
Cluster361     COVAR   16361       2.8149    0.0049272       5.0475      0.28853
Cluster362     COVAR   16361      0.54782   0.00084624       5.6773      0.46157
Cluster363     COVAR   16361       5.5457     0.011225        4.401      0.10383
Cluster364     COVAR   16361       20.886     0.034846       5.2734   3.7554e-05
Cluster365     COVAR   16361       16.655     0.022784       6.4049    0.0046625
Cluster366     COVAR   16361       7.8268     0.013499       4.6072     0.044688
Cluster367     COVAR   16361       16.736     0.020809       6.9314    0.0078849
Cluster368     COVAR   16361       12.125     0.024482       4.4497    0.0032194
Cluster369     COVAR   16361       17.372     0.023905       6.1484    0.0023647
Cluster37      COVAR   16361         3.15    0.0099911       2.7728      0.12797
Cluster370     COVAR   16361       16.309     0.022671       6.2782    0.0046963
Cluster371     COVAR   16361       8.0954     0.015667       4.4403     0.034151
Cluster372     COVAR   16361       6.6462     0.010789       5.3511      0.10712
Cluster373     COVAR   16361       2.0517    0.0032844        5.665      0.35861
Cluster374     COVAR   16361       6.9976     0.011837       5.0541     0.083107
Cluster375     COVAR   16361       12.089     0.022057       4.6545    0.0047026
Cluster376     COVAR   16361       15.217     0.022913       5.7199    0.0039073
Cluster377     COVAR   16361       23.978      0.03917       5.3416   3.6075e-06
Cluster378     COVAR   16361       22.904     0.038483       4.9905   2.2409e-06
Cluster379     COVAR   16361       12.424     0.023099       4.5912    0.0034089
Cluster38      COVAR   16361       1.9232    0.0065212       2.4808      0.21911
Cluster380     COVAR   16361       8.9489     0.015194       5.2872      0.04528
Cluster381     COVAR   16361       7.2531     0.013218       4.8325     0.066701
Cluster382     COVAR   16361       12.011     0.021127       5.2709     0.011349
Cluster383     COVAR   16361       4.5386    0.0083196       4.5042      0.15682
Cluster384     COVAR   16361       21.045     0.031154       5.7985   0.00014253
Cluster385     COVAR   16361       27.556     0.037395       6.4199   8.8999e-06
Cluster386     COVAR   16361       17.663     0.032551       4.6448   7.1833e-05
Cluster387     COVAR   16361       13.112     0.024641        4.715    0.0027141
Cluster388     COVAR   16361         13.8     0.027012       4.3765   0.00080939
Cluster389     COVAR   16361       15.899     0.023683       5.9174    0.0036104
Cluster39      COVAR   16361       2.9732     0.013555        1.838     0.052888
Cluster390     COVAR   16361       13.049     0.017638       6.3762     0.020359
Cluster391     COVAR   16361       14.528     0.025537       4.8721    0.0014348
Cluster392     COVAR   16361         8.55     0.012598       5.8737     0.072757
Cluster393     COVAR   16361       6.0611    0.0082159       6.5913      0.17891
Cluster394     COVAR   16361       12.858     0.023037       4.7086    0.0031638
Cluster395     COVAR   16361       3.5561    0.0086944       3.4837      0.15368
Cluster396     COVAR   16361       20.018     0.034745       5.2613   7.1279e-05
Cluster397     COVAR   16361       8.3264     0.018412       3.8949     0.016276
Cluster398     COVAR   16361       7.6446     0.018106        3.648      0.01807
Cluster399     COVAR   16361       4.6063     0.014984       2.5596     0.035972
Cluster4       COVAR   16361       -2.605    -0.022898      0.98044      0.99605
Cluster40      COVAR   16361       4.9899     0.015421       2.7595     0.035296
Cluster400     COVAR   16361       2.7649    0.0084523        2.845      0.16557
Cluster401     COVAR   16361       8.8265     0.020084       3.8179       0.0104
Cluster402     COVAR   16361       4.7419    0.0093858       4.2133      0.13021
Cluster403     COVAR   16361       23.047     0.041836       4.7965   7.8219e-07
Cluster404     COVAR   16361       24.429      0.02836        7.409    0.0004894
Cluster405     COVAR   16361       33.314     0.041134       7.2006   1.8757e-06
Cluster406     COVAR   16361       15.913     0.027047       5.5678    0.0021344
Cluster407     COVAR   16361       23.034     0.029962       6.5866   0.00023594
Cluster408     COVAR   16361       1.3769    0.0040769          2.9      0.31747
Cluster409     COVAR   16361        5.611     0.015441       3.0058      0.03098
Cluster41      COVAR   16361       9.1861     0.022865       3.3686       0.0032
Cluster410     COVAR   16361        10.92     0.025104       3.5916    0.0011834
Cluster411     COVAR   16361       7.8138     0.018369       3.7367     0.018269
Cluster412     COVAR   16361       2.0912    0.0053931       3.4576      0.27265
Cluster413     COVAR   16361       2.8492     0.006478       3.7894      0.22606
Cluster414     COVAR   16361       7.3142     0.017542       4.0602     0.035828
Cluster415     COVAR   16361       22.919     0.038057       5.1771   4.8139e-06
Cluster416     COVAR   16361       16.512     0.029859       4.9199   0.00039611
Cluster417     COVAR   16361       16.309     0.025812       5.4569    0.0014032
Cluster418     COVAR   16361       11.182     0.022899       4.1636    0.0036233
Cluster419     COVAR   16361        15.82     0.020775       6.5114    0.0075629
Cluster42      COVAR   16361       9.3645      0.02318       3.3975    0.0029265
Cluster420     COVAR   16361       16.176     0.025552       5.2576    0.0010483
Cluster421     COVAR   16361       14.954     0.023702       5.2718    0.0022836
Cluster422     COVAR   16361       26.527     0.033949       6.9238    6.401e-05
Cluster423     COVAR   16361       25.997     0.028911       7.7389   0.00039181
Cluster424     COVAR   16361       24.035     0.027873       7.5738   0.00075492
Cluster425     COVAR   16361       21.023      0.02584       6.9303    0.0012108
Cluster426     COVAR   16361       44.838     0.049503       7.8732   6.2935e-09
Cluster427     COVAR   16361       33.733     0.044191       6.5306   1.2164e-07
Cluster428     COVAR   16361       29.396      0.03763        6.938   1.1401e-05
Cluster429     COVAR   16361       24.164     0.036165       6.0763   3.5113e-05
Cluster43      COVAR   16361       4.8016     0.014407       2.7715     0.041605
Cluster430     COVAR   16361       20.506     0.032827       5.4417   8.2522e-05
Cluster431     COVAR   16361        3.491     0.009557       3.1393      0.13307
Cluster432     COVAR   16361      0.64972    0.0023148       2.6262       0.4023
Cluster433     COVAR   16361       11.334     0.022839       4.4395    0.0053454
Cluster434     COVAR   16361       6.8497     0.011865       5.1309     0.090948
Cluster435     COVAR   16361       6.1054     0.013655       3.8579     0.056772
Cluster436     COVAR   16361       8.9978     0.015095       5.2564      0.04348
Cluster437     COVAR   16361       8.1418     0.013948       5.0592     0.053785
Cluster438     COVAR   16361       8.0996     0.013578       5.2926     0.062975
Cluster439     COVAR   16361       13.655     0.024749       4.7201    0.0019109
Cluster44      COVAR   16361       3.4375     0.011621       2.5225     0.086494
Cluster440     COVAR   16361       14.149     0.021923       5.7875    0.0072536
Cluster441     COVAR   16361       11.461     0.018035       5.7753     0.023614
Cluster442     COVAR   16361       8.2589     0.013941       5.2787     0.058854
Cluster443     COVAR   16361        5.334    0.0098671       4.7882      0.13265
Cluster444     COVAR   16361       5.6171     0.011006       4.3452     0.098069
Cluster445     COVAR   16361       6.0501     0.016658       3.2417     0.031006
Cluster446     COVAR   16361       7.0991     0.014708       4.2842     0.048766
Cluster447     COVAR   16361       14.385     0.028259       4.4342   0.00059054
Cluster448     COVAR   16361        5.812     0.016385       3.1457     0.032342
Cluster449     COVAR   16361       12.709      0.02454       4.6002    0.0028689
Cluster45      COVAR   16361       2.7874     0.010475       2.2557      0.10829
Cluster450     COVAR   16361       11.242     0.023986        4.181     0.003589
Cluster451     COVAR   16361        13.21     0.027084       4.3518    0.0012031
Cluster452     COVAR   16361       7.8267     0.017539        3.896     0.022283
Cluster453     COVAR   16361       9.5356     0.020632       4.1779     0.011241
Cluster454     COVAR   16361       17.285     0.029922       5.2468   0.00049435
Cluster455     COVAR   16361       8.3005     0.016464       4.2901     0.026516
Cluster456     COVAR   16361       20.669     0.030683       5.9211   0.00024167
Cluster457     COVAR   16361       17.775      0.03171        4.838   0.00011984
Cluster458     COVAR   16361        10.81     0.022207       4.2832     0.005809
Cluster459     COVAR   16361       4.1033    0.0073944        4.924      0.20234
Cluster46      COVAR   16361       3.4741     0.011791       2.4838     0.080964
Cluster460     COVAR   16361      -3.9448    -0.024429       1.7349       0.9885
Cluster47      COVAR   16361         4.51     0.014736       2.5984     0.041325
Cluster48      COVAR   16361       1.9422    0.0078762        2.075      0.17464
Cluster49      COVAR   16361       2.4745    0.0092538       2.2716      0.13802
Cluster5       COVAR   16361      -3.6656    -0.028704       1.0976      0.99958
Cluster50      COVAR   16361    -0.049484  -0.00024184       1.7637      0.51119
Cluster51      COVAR   16361       2.9469     0.013289       1.9815     0.068491
Cluster52      COVAR   16361      0.36201     0.001241       2.5339       0.4432
Cluster53      COVAR   16361      -0.2244  -0.00078729       2.4685      0.53622
Cluster54      COVAR   16361      0.79509    0.0024138       2.8797      0.39124
Cluster55      COVAR   16361       1.3403     0.004469       2.6339      0.30543
Cluster56      COVAR   16361       2.9661    0.0078997        3.208      0.17759
Cluster57      COVAR   16361       1.9702     0.006068       2.8106      0.24166
Cluster58      COVAR   16361     -0.86177   -0.0031102       2.4457      0.63771
Cluster59      COVAR   16361       1.3913    0.0057728       2.0863      0.25243
Cluster6       COVAR   16361      -3.9219    -0.027295       1.2456      0.99918
Cluster60      COVAR   16361       1.6874    0.0062085       2.3717       0.2384
Cluster61      COVAR   16361      -1.9442   -0.0078904       2.1296      0.81935
Cluster62      COVAR   16361      -1.3042   -0.0050302       2.2289      0.72077
Cluster63      COVAR   16361      -2.5722    -0.010767       2.0312       0.8973
Cluster64      COVAR   16361       -4.604    -0.022688        1.743      0.99587
Cluster65      COVAR   16361       -2.554    -0.010634       2.0018      0.89898
Cluster66      COVAR   16361      -2.4806    -0.016833       1.2159      0.97932
Cluster67      COVAR   16361      -2.3791    -0.013856       1.4165      0.95347
Cluster68      COVAR   16361      -2.3605    -0.017715       1.1019      0.98391
Cluster69      COVAR   16361      -2.7819    -0.017036       1.3557       0.9799
Cluster7       COVAR   16361      -3.2163     -0.02321       1.1933      0.99648
Cluster70      COVAR   16361      -2.3783    -0.012033       1.6448       0.9259
Cluster71      COVAR   16361      -3.5884    -0.018028       1.6768      0.98382
Cluster72      COVAR   16361      -3.2317    -0.015244       1.7621      0.96666
Cluster73      COVAR   16361      -2.6952    -0.013268       1.6803      0.94562
Cluster74      COVAR   16361      -4.2737    -0.020402       1.7271      0.99332
Cluster75      COVAR   16361      -3.2726    -0.011868       2.2909      0.92342
Cluster76      COVAR   16361      -5.8492    -0.024742       1.9793      0.99844
Cluster77      COVAR   16361      -5.0023    -0.022523       1.8951      0.99584
Cluster78      COVAR   16361      -4.0699    -0.017888       1.8899      0.98435
Cluster79      COVAR   16361       -3.803    -0.016703       1.9179       0.9763
Cluster8       COVAR   16361      -3.3841    -0.021964       1.3094      0.99512
Cluster80      COVAR   16361      -4.5735    -0.019958       1.9402      0.99079
Cluster81      COVAR   16361      -4.3157    -0.018569       1.9472      0.98666
Cluster82      COVAR   16361      -3.1817    -0.016712        1.596      0.97689
Cluster83      COVAR   16361      -1.1047   -0.0022117       4.3047      0.60127
Cluster84      COVAR   16361       2.1274    0.0035252         5.33       0.3449
Cluster85      COVAR   16361       1.8213    0.0030447       5.2398      0.36408
Cluster86      COVAR   16361       12.602     0.020927       5.5026     0.011012
Cluster87      COVAR   16361       1.9183    0.0036073       4.7878      0.34434
Cluster88      COVAR   16361       8.9545     0.014456       5.4135     0.049063
Cluster89      COVAR   16361       9.2744     0.015657       5.2116     0.037585
Cluster9       COVAR   16361      -3.5584    -0.025385       1.2012      0.99847
Cluster90      COVAR   16361       11.201     0.019016       5.2388     0.016265
Cluster91      COVAR   16361       8.9502     0.016071       5.0328     0.037681
Cluster92      COVAR   16361       10.905     0.017349       5.6133     0.026031
Cluster93      COVAR   16361       15.391     0.023525       5.7717    0.0038351
Cluster94      COVAR   16361       12.179     0.019151       5.6166     0.015077
Cluster95      COVAR   16361       3.3435    0.0063988       4.4976      0.22863
Cluster96      COVAR   16361       4.5209    0.0098862       4.0137      0.13001
Cluster97      COVAR   16361      -4.9359    -0.011111       3.6133      0.91403
Cluster98      COVAR   16361        8.558     0.014879       4.9756     0.042729
Cluster99      COVAR   16361    0.0050831   9.3138e-06       4.6579      0.49956
