# MEAN_SAMPLE_SIZE = 26052
# TOTAL_GENES = 16076
# TEST_DIRECTION = one-sided, positive (set), one-sided, positive (covar)
# CONDITIONED_INTERNAL = gene size, gene density, inverse mac, log(gene size), log(gene density), log(inverse mac)
VARIABLE        TYPE  NGENES         BETA     BETA_STD           SE            P
Cluster0       COVAR   16076      0.82629     0.010428      0.55577      0.06855
Cluster1       COVAR   16076     -0.30385   -0.0040394      0.52898      0.71715
Cluster10      COVAR   16076     -0.30904    -0.002052       1.0958      0.61103
Cluster100     COVAR   16076      -4.6304   -0.0096383        3.647      0.89789
Cluster101     COVAR   16076      -1.2456   -0.0029331       3.3765      0.64389
Cluster102     COVAR   16076      -2.5468   -0.0044208       4.3426      0.72122
Cluster103     COVAR   16076       1.3776    0.0029684        3.438      0.34432
Cluster104     COVAR   16076      -3.6664   -0.0080096       3.4855      0.85356
Cluster105     COVAR   16076      -1.7366   -0.0031029       4.2644      0.65808
Cluster106     COVAR   16076      -4.8802   -0.0077607       4.8157      0.84456
Cluster107     COVAR   16076       1.2597    0.0025485       3.7163      0.36732
Cluster108     COVAR   16076      -2.5143   -0.0032635        5.887      0.66534
Cluster109     COVAR   16076      -1.7424   -0.0023527       5.6976      0.62012
Cluster11      COVAR   16076      0.35584    0.0023287       1.1051      0.37373
Cluster110     COVAR   16076      -1.3905   -0.0024493       4.1742      0.63047
Cluster111     COVAR   16076      -1.5905   -0.0029732       3.8544      0.66006
Cluster112     COVAR   16076      -4.2398   -0.0064066       5.0904      0.79755
Cluster113     COVAR   16076      -1.8474   -0.0046813       3.0642      0.72671
Cluster114     COVAR   16076       2.4032    0.0050901       3.6304        0.254
Cluster115     COVAR   16076      -2.5852   -0.0057545       3.3714      0.77839
Cluster116     COVAR   16076      0.23725   0.00044106       4.1415      0.47716
Cluster117     COVAR   16076      0.39591   0.00080773       3.7274      0.45771
Cluster118     COVAR   16076        1.713    0.0033844       3.7099      0.32214
Cluster119     COVAR   16076      0.64088    0.0015249       3.2821      0.42259
Cluster12      COVAR   16076      0.43181     0.003726       0.8569      0.30716
Cluster120     COVAR   16076       1.2088    0.0016811       5.3995      0.41143
Cluster121     COVAR   16076        1.343    0.0021391       4.7533      0.38877
Cluster122     COVAR   16076     -0.11159  -0.00015126       5.7528      0.50774
Cluster123     COVAR   16076      -1.8416   -0.0024434       5.8813       0.6229
Cluster124     COVAR   16076       5.6769    0.0091431       4.7496      0.11601
Cluster125     COVAR   16076       5.1563    0.0071559       5.5377       0.1759
Cluster126     COVAR   16076       1.7497     0.003872       3.5284      0.30999
Cluster127     COVAR   16076       5.2723     0.010656       3.7317     0.078864
Cluster128     COVAR   16076      -1.4023   -0.0019642       5.5878      0.59908
Cluster129     COVAR   16076       3.6444    0.0051258       5.5006      0.25381
Cluster13      COVAR   16076     -0.59042   -0.0049432      0.82865      0.76192
Cluster130     COVAR   16076      -0.1428  -0.00018957       5.7615      0.50989
Cluster131     COVAR   16076       3.2715    0.0045706       5.5291      0.27703
Cluster132     COVAR   16076      -3.2269   -0.0051424       4.7698      0.75064
Cluster133     COVAR   16076      -4.4705   -0.0057481       5.9948      0.77208
Cluster134     COVAR   16076       -2.361   -0.0037202       4.9766       0.6824
Cluster135     COVAR   16076      -4.0245   -0.0079982       3.9053      0.84861
Cluster136     COVAR   16076       -2.709   -0.0049065       4.0797      0.74666
Cluster137     COVAR   16076       -4.754    -0.007604       4.8059      0.83871
Cluster138     COVAR   16076      -5.2468   -0.0089249       4.4398      0.88134
Cluster139     COVAR   16076      -7.6567    -0.011686       5.0239      0.93624
Cluster14      COVAR   16076      0.15422    0.0011255       1.0127      0.43948
Cluster140     COVAR   16076      -4.2293   -0.0058511       5.5766      0.77589
Cluster141     COVAR   16076      -3.2153   -0.0046323       5.3781      0.72503
Cluster142     COVAR   16076      -7.3094    -0.014773       4.0134       0.9657
Cluster143     COVAR   16076      -8.0944    -0.012713       4.9348      0.94951
Cluster144     COVAR   16076      -3.9964   -0.0058432       5.3378      0.77297
Cluster145     COVAR   16076      -8.0137    -0.013504       4.5155      0.96201
Cluster146     COVAR   16076      -2.3087   -0.0031716       5.6113      0.65962
Cluster147     COVAR   16076      -5.0873   -0.0064996       5.9656       0.8031
Cluster148     COVAR   16076      -4.3742   -0.0059579       5.6415      0.78093
Cluster149     COVAR   16076      -2.3689   -0.0032092       5.5875       0.6642
Cluster15      COVAR   16076      0.29659    0.0022938      0.97752      0.38079
Cluster150     COVAR   16076      0.25393   0.00052043       3.6203      0.47204
Cluster151     COVAR   16076       1.0948    0.0021157       3.8664      0.38853
Cluster152     COVAR   16076      -1.3049   -0.0031332       3.0682      0.66469
Cluster153     COVAR   16076      -3.3985   -0.0062007       4.0027      0.80207
Cluster154     COVAR   16076      -1.4088   -0.0024807       4.1721      0.63219
Cluster155     COVAR   16076      -4.1623   -0.0055834       5.7282      0.76627
Cluster156     COVAR   16076      -4.6181   -0.0070759       4.9072      0.82666
Cluster157     COVAR   16076      -8.2893    -0.015698        4.333      0.97212
Cluster158     COVAR   16076      -2.3265   -0.0033324       5.3317       0.6687
Cluster159     COVAR   16076        -1.31   -0.0019975       4.9412      0.60454
Cluster16      COVAR   16076      0.59495    0.0037699       1.1751      0.30633
Cluster160     COVAR   16076      -4.5131    -0.009553       3.1823      0.92192
Cluster161     COVAR   16076      0.77364    0.0015939       3.4865       0.4122
Cluster162     COVAR   16076      -5.2037   -0.0083066       4.7483      0.86343
Cluster163     COVAR   16076      -1.9932    -0.003774            4      0.69086
Cluster164     COVAR   16076       2.8837    0.0055241       3.8877      0.22913
Cluster165     COVAR   16076       2.4099    0.0046235       3.9161      0.26916
Cluster166     COVAR   16076        2.274    0.0043544       3.9467      0.28225
Cluster167     COVAR   16076       1.3685    0.0022416       4.7297      0.38616
Cluster168     COVAR   16076         4.11    0.0078516       4.2211      0.16512
Cluster169     COVAR   16076      -1.3911   -0.0024791       4.1727      0.63057
Cluster17      COVAR   16076      0.61165    0.0054351      0.82944      0.23044
Cluster170     COVAR   16076       1.0519    0.0016185       4.9567      0.41597
Cluster171     COVAR   16076       5.7302     0.012311       3.5541     0.053464
Cluster172     COVAR   16076       4.3661    0.0073332       4.6332      0.17301
Cluster173     COVAR   16076       3.1417    0.0065618       3.5848      0.19041
Cluster174     COVAR   16076      0.28381   0.00048917        4.455       0.4746
Cluster175     COVAR   16076       6.3379     0.010451       4.7617     0.091605
Cluster176     COVAR   16076      -5.0651    -0.010372       3.6595      0.91682
Cluster177     COVAR   16076       2.7406     0.003858       5.4965      0.30903
Cluster178     COVAR   16076       2.8425    0.0046004       4.5585      0.26647
Cluster179     COVAR   16076       5.3757    0.0084713       4.7358      0.12817
Cluster18      COVAR   16076      0.59395    0.0054327      0.81508       0.2331
Cluster180     COVAR   16076       3.5979    0.0082581       3.3007      0.13786
Cluster181     COVAR   16076       4.1463    0.0078402       3.9921       0.1495
Cluster182     COVAR   16076        1.383    0.0030461       3.4101      0.34254
Cluster183     COVAR   16076       1.7459    0.0031628       4.1888      0.33842
Cluster184     COVAR   16076      -3.9754    -0.010004       2.8483      0.91858
Cluster185     COVAR   16076      -0.6058   -0.0010604       4.2405       0.5568
Cluster186     COVAR   16076     -0.71724   -0.0014496       3.6955      0.57694
Cluster187     COVAR   16076       1.3411    0.0021418       4.7376      0.38856
Cluster188     COVAR   16076       2.0204      0.00328       4.5699      0.32921
Cluster189     COVAR   16076       2.8875    0.0062764       3.3989       0.1978
Cluster19      COVAR   16076      0.16154    0.0011299       1.0308      0.43773
Cluster190     COVAR   16076      -1.3805   -0.0035055       2.8551      0.68563
Cluster191     COVAR   16076       5.9813     0.012172       3.6157     0.049051
Cluster192     COVAR   16076       1.2737    0.0031996       2.9124      0.33094
Cluster193     COVAR   16076      -1.8673   -0.0034014       3.9955      0.67987
Cluster194     COVAR   16076       -1.936   -0.0041516       3.3944      0.71578
Cluster195     COVAR   16076      -2.2207   -0.0044583        3.426      0.74156
Cluster196     COVAR   16076      -1.2748   -0.0023047       4.0384      0.62387
Cluster197     COVAR   16076       -3.957    -0.007185       4.1323      0.83085
Cluster198     COVAR   16076     -0.41778  -0.00077519       4.0458      0.54112
Cluster199     COVAR   16076     -0.33253  -0.00085914        2.816        0.547
Cluster2       COVAR   16076     -0.22501   -0.0035257      0.46691      0.68506
Cluster20      COVAR   16076     -0.12859  -0.00083101       1.1267      0.54543
Cluster200     COVAR   16076       2.0368    0.0042158       3.5607      0.28365
Cluster201     COVAR   16076       1.8368    0.0028369       4.9639      0.35568
Cluster202     COVAR   16076        3.328    0.0055306       4.5867      0.23406
Cluster203     COVAR   16076        1.194    0.0019841       4.5808      0.39718
Cluster204     COVAR   16076      -1.5108   -0.0029543       3.8533      0.65249
Cluster205     COVAR   16076       1.6411    0.0028114        4.559      0.35944
Cluster206     COVAR   16076      -2.2699   -0.0045801        3.732      0.72847
Cluster207     COVAR   16076       3.2292    0.0057681       4.3175      0.22726
Cluster208     COVAR   16076       3.0483    0.0053406       4.3882      0.24364
Cluster209     COVAR   16076       1.5612    0.0038023       3.0817      0.30623
Cluster21      COVAR   16076     -0.64101   -0.0038738       1.2006       0.7033
Cluster210     COVAR   16076       1.3686    0.0028065       3.6947      0.35553
Cluster211     COVAR   16076    -0.086444  -0.00020724       3.0882      0.51117
Cluster212     COVAR   16076        3.601    0.0066477       4.1174      0.19091
Cluster213     COVAR   16076       4.5671    0.0076865       4.5671      0.15867
Cluster214     COVAR   16076       2.9469    0.0047206       4.8082      0.26998
Cluster215     COVAR   16076       1.1458    0.0024804        3.485      0.37116
Cluster216     COVAR   16076        2.123    0.0031596       5.1971      0.34146
Cluster217     COVAR   16076      -1.2786   -0.0015388       6.5001      0.57797
Cluster218     COVAR   16076      -1.0031   -0.0015716        4.804      0.58269
Cluster219     COVAR   16076       2.1469    0.0028823       5.7029      0.35329
Cluster22      COVAR   16076     -0.34628   -0.0019048         1.33      0.60271
Cluster220     COVAR   16076      -3.9299   -0.0060301        5.021      0.78309
Cluster221     COVAR   16076       -1.324   -0.0024522       4.1777      0.62434
Cluster222     COVAR   16076      0.92179    0.0016822       4.1792      0.41272
Cluster223     COVAR   16076       1.5001    0.0026786       4.1054      0.35741
Cluster224     COVAR   16076       3.0545    0.0043439       5.3486      0.28397
Cluster225     COVAR   16076       2.4188    0.0038014       4.8206      0.30792
Cluster226     COVAR   16076       7.5758     0.010503       5.5287     0.085311
Cluster227     COVAR   16076       5.2159    0.0076808       5.1626      0.15618
Cluster228     COVAR   16076       2.9836    0.0038106       6.0413      0.31071
Cluster229     COVAR   16076      0.22152   0.00030587       5.4386      0.48376
Cluster23      COVAR   16076    -0.083083  -0.00043513       1.4181      0.52336
Cluster230     COVAR   16076        7.043    0.0093916       5.8151      0.11293
Cluster231     COVAR   16076      0.52421   0.00070241         5.72      0.46349
Cluster232     COVAR   16076        6.139    0.0083976       5.6154      0.13715
Cluster233     COVAR   16076       5.3593    0.0071943       5.9065      0.18212
Cluster234     COVAR   16076       14.291     0.017817        6.207     0.010665
Cluster235     COVAR   16076      0.80369    0.0019805       2.8835      0.39023
Cluster236     COVAR   16076      -1.3169   -0.0019771        5.147      0.60097
Cluster237     COVAR   16076      -1.7344   -0.0021986        6.111      0.61172
Cluster238     COVAR   16076      -1.3305   -0.0018961       5.3952      0.59739
Cluster239     COVAR   16076      -1.2514   -0.0016727        5.775      0.58578
Cluster24      COVAR   16076      0.34331      0.00212       1.2002      0.38742
Cluster240     COVAR   16076      0.97976     0.001304       5.7424      0.43226
Cluster241     COVAR   16076       1.6445    0.0024394       5.2375      0.37677
Cluster242     COVAR   16076       2.9653    0.0038222       6.0248       0.3113
Cluster243     COVAR   16076      -2.5027   -0.0035751       5.4864      0.67586
Cluster244     COVAR   16076       1.0352    0.0015494       5.0481      0.41876
Cluster245     COVAR   16076      -5.3389   -0.0077162       5.3683      0.84001
Cluster246     COVAR   16076      -1.5024   -0.0026824       4.4215        0.633
Cluster247     COVAR   16076      -2.4459   -0.0038235       4.8229      0.69397
Cluster248     COVAR   16076      0.27502   0.00040839       5.2455      0.47909
Cluster249     COVAR   16076       3.5378    0.0046768       5.9008      0.27441
Cluster25      COVAR   16076      0.63597    0.0031237       1.5142      0.33725
Cluster250     COVAR   16076      0.18948   0.00032246       4.7114      0.48396
Cluster251     COVAR   16076      -2.7579   -0.0043451       4.9919      0.70968
Cluster252     COVAR   16076       1.0569    0.0015654       5.3692      0.42198
Cluster253     COVAR   16076     -0.32975  -0.00049976       5.1323      0.52561
Cluster254     COVAR   16076      -3.5076   -0.0066602       3.9813      0.81084
Cluster255     COVAR   16076      -2.0438   -0.0032079       4.8535      0.66316
Cluster256     COVAR   16076      -4.0947   -0.0062066       5.0652      0.79056
Cluster257     COVAR   16076      -3.8023   -0.0051085       5.8009      0.74391
Cluster258     COVAR   16076     -0.93428   -0.0013906       5.0903      0.57281
Cluster259     COVAR   16076      -1.3493   -0.0017815        5.934      0.58993
Cluster26      COVAR   16076       1.0594    0.0054743       1.4316      0.22965
Cluster260     COVAR   16076      -2.5179   -0.0035348       5.4896      0.67676
Cluster261     COVAR   16076      -3.5161   -0.0051108       5.3365      0.74501
Cluster262     COVAR   16076      -2.7354   -0.0036576       5.8644      0.67955
Cluster263     COVAR   16076      -2.8731   -0.0041259       5.3938      0.70286
Cluster264     COVAR   16076      -3.7407   -0.0055037       5.2419      0.76226
Cluster265     COVAR   16076      -2.4104   -0.0037249       4.9802       0.6858
Cluster266     COVAR   16076      -5.9926   -0.0087253       5.2535      0.87299
Cluster267     COVAR   16076      0.63562   0.00091974       5.3373       0.4526
Cluster268     COVAR   16076       -4.004   -0.0060003        5.272      0.77622
Cluster269     COVAR   16076      -2.6226   -0.0034754       5.8765       0.6723
Cluster27      COVAR   16076       1.2049    0.0055267       1.6165      0.22803
Cluster270     COVAR   16076       1.0641    0.0016153       5.1904      0.41878
Cluster271     COVAR   16076      0.61259   0.00088328       5.4053      0.45488
Cluster272     COVAR   16076       -1.433   -0.0026036       4.3686      0.62855
Cluster273     COVAR   16076       4.2299    0.0056837       5.8218      0.23376
Cluster274     COVAR   16076        1.134    0.0016605       5.3519       0.4161
Cluster275     COVAR   16076     -0.49085  -0.00075316       5.1187       0.5382
Cluster276     COVAR   16076      -7.9013    -0.012525       4.4611      0.96172
Cluster277     COVAR   16076      -8.6074    -0.013768       4.5974       0.9694
Cluster278     COVAR   16076      -4.3269   -0.0063183       5.2304      0.79595
Cluster279     COVAR   16076      -5.1425   -0.0082217       4.6751      0.86432
Cluster28      COVAR   16076      0.17704     0.001058       1.2501      0.44369
Cluster280     COVAR   16076      -4.8413   -0.0076345       4.7948      0.84367
Cluster281     COVAR   16076      -4.5821   -0.0085505       3.9763       0.8754
Cluster282     COVAR   16076      -2.8003   -0.0054752       3.9098      0.76306
Cluster283     COVAR   16076       2.4477    0.0033537       5.5676       0.3301
Cluster284     COVAR   16076       4.9252    0.0071949       5.2435       0.1738
Cluster285     COVAR   16076     -0.73656   -0.0010615       5.1865      0.55647
Cluster286     COVAR   16076       3.8364    0.0054853       5.4458      0.24058
Cluster287     COVAR   16076       2.3476    0.0038792       4.5731      0.30385
Cluster288     COVAR   16076       1.0262    0.0014542       5.4737      0.42564
Cluster289     COVAR   16076       2.4639    0.0042894        4.383      0.28701
Cluster29      COVAR   16076       1.9416     0.014402      0.95743     0.021295
Cluster290     COVAR   16076      0.63956   0.00099694       4.9029      0.44811
Cluster291     COVAR   16076      -3.3474   -0.0048638       5.2203      0.73931
Cluster292     COVAR   16076      -5.7817   -0.0087873       5.0512       0.8738
Cluster293     COVAR   16076        3.928    0.0077182       3.7207      0.14556
Cluster294     COVAR   16076       4.4857    0.0063939       5.4824      0.20663
Cluster295     COVAR   16076      -2.4066   -0.0044152       4.1825      0.71749
Cluster296     COVAR   16076       3.9256    0.0062546       4.7578      0.20467
Cluster297     COVAR   16076       1.0174    0.0090605       0.7603     0.090425
Cluster298     COVAR   16076      -4.0021   -0.0083741       3.5851      0.86785
Cluster299     COVAR   16076      -1.5612   -0.0030754       3.8664      0.65681
Cluster3       COVAR   16076    -0.083095   -0.0012629      0.49334      0.56688
Cluster30      COVAR   16076       1.8392    0.0087075       1.5086       0.1114
Cluster300     COVAR   16076       1.1349    0.0026542       3.1645      0.35994
Cluster301     COVAR   16076      -3.6112   -0.0081434       3.2658      0.86557
Cluster302     COVAR   16076      -2.1601   -0.0068445       2.2647       0.8299
Cluster303     COVAR   16076      -2.8551   -0.0088192        2.375      0.88534
Cluster304     COVAR   16076      -2.2298   -0.0054463       2.9862      0.77238
Cluster305     COVAR   16076       2.2325     0.005641       2.9219      0.22242
Cluster306     COVAR   16076     -0.72676   -0.0015815        3.318      0.58669
Cluster307     COVAR   16076      -1.1056   -0.0022585       3.5189      0.62331
Cluster308     COVAR   16076       1.3114    0.0033637       2.9439        0.328
Cluster309     COVAR   16076      -1.0815   -0.0021908       3.8405      0.61087
Cluster31      COVAR   16076     -0.34305    -0.002202       1.1194      0.62037
Cluster310     COVAR   16076       3.5319    0.0088227       3.1548      0.13147
Cluster311     COVAR   16076       2.0994    0.0062359       2.6456      0.21374
Cluster312     COVAR   16076       1.9206    0.0062048       2.4844      0.21974
Cluster313     COVAR   16076       0.9371    0.0033554       2.0222      0.32154
Cluster314     COVAR   16076          1.2    0.0071197       1.2037      0.15941
Cluster315     COVAR   16076       3.8202    0.0072171        3.935      0.16583
Cluster316     COVAR   16076      0.84303    0.0022785       2.8293      0.38287
Cluster317     COVAR   16076       2.5256    0.0062501       3.1928      0.21447
Cluster318     COVAR   16076       1.6154    0.0035316       3.4716      0.32085
Cluster319     COVAR   16076       1.6183    0.0034485       3.5658      0.32497
Cluster32      COVAR   16076       2.5504    0.0073341       2.7147      0.17375
Cluster320     COVAR   16076       1.4768    0.0035069       3.2529      0.32492
Cluster321     COVAR   16076       1.4922    0.0029687       3.7549      0.34554
Cluster322     COVAR   16076      -2.0225    -0.005594       2.6995      0.77313
Cluster323     COVAR   16076      -1.6345   -0.0031247       3.9231      0.66153
Cluster324     COVAR   16076    -0.074926  -0.00014444       3.9718      0.50753
Cluster325     COVAR   16076     -0.21809  -0.00040732        4.108      0.52117
Cluster326     COVAR   16076       1.5675    0.0030198       4.0065      0.34781
Cluster327     COVAR   16076       0.8254     0.001412       4.4045      0.42567
Cluster328     COVAR   16076     -0.20153  -0.00034565       4.3556      0.51845
Cluster329     COVAR   16076       2.3385    0.0035607       5.0098      0.32033
Cluster33      COVAR   16076        2.513    0.0063935       2.9928      0.20055
Cluster330     COVAR   16076     -0.83531   -0.0015525       3.9394      0.58396
Cluster331     COVAR   16076       6.9817     0.012321       4.2013     0.048291
Cluster332     COVAR   16076       1.5805    0.0025607       4.6906      0.36808
Cluster333     COVAR   16076       1.6149    0.0034004       3.6697      0.32995
Cluster334     COVAR   16076     -0.32421   -0.0010606       2.4233      0.55321
Cluster335     COVAR   16076       -3.268   -0.0091053       2.7156      0.88558
Cluster336     COVAR   16076      -2.2815   -0.0060035        2.873      0.78644
Cluster337     COVAR   16076      -4.6222    -0.012012       2.8231       0.9492
Cluster338     COVAR   16076      -4.1808    -0.010965       3.0323        0.916
Cluster339     COVAR   16076       -11.85     -0.02035       4.2445      0.99738
Cluster34      COVAR   16076       2.7842    0.0067849       3.0629      0.18169
Cluster340     COVAR   16076     -0.77381   -0.0018674       3.0756      0.59932
Cluster341     COVAR   16076       2.3893    0.0052104       3.2336         0.23
Cluster342     COVAR   16076     -0.42036   -0.0011628       2.8015      0.55964
Cluster343     COVAR   16076      -3.6062    -0.010458       2.7194      0.90759
Cluster344     COVAR   16076       1.8251    0.0037989       3.9827      0.32338
Cluster345     COVAR   16076       1.1479    0.0032288       2.8361      0.34283
Cluster346     COVAR   16076     -0.99796   -0.0029074       2.6186      0.64844
Cluster347     COVAR   16076      -1.0394   -0.0020833       3.8684      0.60591
Cluster348     COVAR   16076       5.2163     0.014303       3.0907      0.04574
Cluster349     COVAR   16076       4.7548    0.0096856       3.9302      0.11318
Cluster35      COVAR   16076       2.5788    0.0063003       3.0596      0.19966
Cluster350     COVAR   16076     -0.19665  -0.00033158       4.5784      0.51713
Cluster351     COVAR   16076       3.0504    0.0054186       4.1946      0.23355
Cluster352     COVAR   16076      -5.5941   -0.0093377        4.541        0.891
Cluster353     COVAR   16076      -5.0716   -0.0088346       4.3032      0.88071
Cluster354     COVAR   16076      -1.7066   -0.0023071        5.578      0.62018
Cluster355     COVAR   16076       2.7883    0.0033819       6.2723      0.32833
Cluster356     COVAR   16076      0.43648   0.00057127       5.8041      0.47003
Cluster357     COVAR   16076      -1.9086   -0.0032129       4.5367      0.66301
Cluster358     COVAR   16076      -5.7263   -0.0077944       5.5923      0.84706
Cluster359     COVAR   16076      -2.1927   -0.0036125       4.5251        0.686
Cluster36      COVAR   16076       1.0709    0.0027107       2.9118      0.35652
Cluster360     COVAR   16076      -3.5909    -0.006019       4.6042      0.78228
Cluster361     COVAR   16076     -0.73928   -0.0013024       4.2178      0.56957
Cluster362     COVAR   16076       -2.106     -0.00327       4.8168      0.66902
Cluster363     COVAR   16076      -1.9128   -0.0040022       3.4072      0.71274
Cluster364     COVAR   16076      -3.6376   -0.0061236       4.2578      0.80353
Cluster365     COVAR   16076      -7.0047     -0.00963       5.4522      0.90055
Cluster366     COVAR   16076     -0.26732  -0.00046536       4.3394      0.52456
Cluster367     COVAR   16076      -4.3657   -0.0054524       6.0208       0.7658
Cluster368     COVAR   16076      -1.7282   -0.0035208       3.2706      0.70139
Cluster369     COVAR   16076      -3.5852   -0.0048927       5.5108      0.74233
Cluster37      COVAR   16076     -0.10455  -0.00033173       2.2473      0.51855
Cluster370     COVAR   16076      -8.3528    -0.011645       5.5756      0.93293
Cluster371     COVAR   16076      -3.3951   -0.0066302       3.8157       0.8132
Cluster372     COVAR   16076     -0.32198  -0.00052675       4.6214      0.52777
Cluster373     COVAR   16076      0.17563   0.00028843       4.6113      0.48481
Cluster374     COVAR   16076     -0.62746   -0.0010805       4.3692      0.55709
Cluster375     COVAR   16076     -0.94938   -0.0017381        4.049      0.59269
Cluster376     COVAR   16076       2.1772    0.0033009       4.9743      0.33081
Cluster377     COVAR   16076      -1.6629   -0.0027393       4.5064      0.64393
Cluster378     COVAR   16076       7.4858     0.012747       4.5026     0.048213
Cluster379     COVAR   16076     -0.81829   -0.0015351       3.8393      0.58439
Cluster38      COVAR   16076     -0.33397   -0.0011322       2.1386      0.56205
Cluster380     COVAR   16076       1.2837    0.0022111       4.3856      0.38488
Cluster381     COVAR   16076      -7.0171    -0.012902       3.9959      0.96045
Cluster382     COVAR   16076      -1.1892   -0.0021089       4.3013       0.6089
Cluster383     COVAR   16076      -4.0302   -0.0074788       3.9062       0.8489
Cluster384     COVAR   16076      -6.5031   -0.0096786       5.1483      0.89672
Cluster385     COVAR   16076       2.7804    0.0038001       5.6244      0.31054
Cluster386     COVAR   16076       5.5827     0.010357       4.0348     0.083249
Cluster387     COVAR   16076      -3.5868   -0.0067786        3.679       0.8352
Cluster388     COVAR   16076      -1.9655   -0.0038377       3.8639      0.69451
Cluster389     COVAR   16076      -5.5418   -0.0082602        5.143      0.85937
Cluster39      COVAR   16076      0.69286     0.003161       1.5467      0.32709
Cluster390     COVAR   16076      -2.0509   -0.0027659       5.6037      0.64281
Cluster391     COVAR   16076        2.601    0.0045698       4.2101      0.26836
Cluster392     COVAR   16076      -6.1699   -0.0090762       5.1891      0.88277
Cluster393     COVAR   16076     -0.24099  -0.00032846       5.5896      0.51719
Cluster394     COVAR   16076      -3.5716   -0.0064429       4.1349      0.80614
Cluster395     COVAR   16076       4.7344     0.011685       3.1009     0.063421
Cluster396     COVAR   16076      -4.2411   -0.0074187       4.2002      0.84368
Cluster397     COVAR   16076      -5.9673     -0.01331       3.4046      0.96016
Cluster398     COVAR   16076      -0.5703    -0.001366       3.1222      0.57247
Cluster399     COVAR   16076     -0.84874   -0.0027854       2.3167      0.64295
Cluster4       COVAR   16076       0.6169    0.0054673      0.81302        0.224
Cluster40      COVAR   16076      0.40848    0.0012582       2.3635       0.4314
Cluster400     COVAR   16076      0.39234    0.0012128       2.5017      0.43769
Cluster401     COVAR   16076       2.6319    0.0060095       3.1996      0.20539
Cluster402     COVAR   16076       1.2733     0.002521       3.8532      0.37053
Cluster403     COVAR   16076      -3.1388   -0.0057051       4.0331      0.78179
Cluster404     COVAR   16076      -10.867    -0.012627       6.3574       0.9563
Cluster405     COVAR   16076        -1.71   -0.0021194       6.1829      0.60894
Cluster406     COVAR   16076      -7.5699    -0.013362       4.7849      0.94317
Cluster407     COVAR   16076      -2.0075   -0.0026286       5.7336      0.63688
Cluster408     COVAR   16076       1.2862    0.0038454       2.3674      0.29346
Cluster409     COVAR   16076       4.1089     0.011322       2.8637     0.075679
Cluster41      COVAR   16076    -0.070275  -0.00017486       2.9207       0.5096
Cluster410     COVAR   16076       2.9702    0.0069006       3.0703      0.16669
Cluster411     COVAR   16076      -3.5628   -0.0083906       3.1885      0.86807
Cluster412     COVAR   16076      -2.1178   -0.0054896       3.2274      0.74415
Cluster413     COVAR   16076      -1.5435   -0.0035012       3.5774      0.66693
Cluster414     COVAR   16076      -3.9635   -0.0094707       3.0725      0.90147
Cluster415     COVAR   16076      0.97913    0.0016282       4.3471       0.4109
Cluster416     COVAR   16076       4.3881    0.0079163        4.311      0.15437
Cluster417     COVAR   16076       3.0128    0.0048328       4.8155      0.26578
Cluster418     COVAR   16076       2.1465    0.0044327       3.6236      0.27681
Cluster419     COVAR   16076       7.3805    0.0096424       5.8154      0.10221
Cluster42      COVAR   16076     -0.38497  -0.00094726       2.9361      0.55216
Cluster420     COVAR   16076       7.4468     0.011768       4.5801     0.051998
Cluster421     COVAR   16076         7.91     0.012616       4.7627     0.048384
Cluster422     COVAR   16076      0.67546   0.00086815       6.0568       0.4556
Cluster423     COVAR   16076       12.989      0.01447       6.8684     0.029313
Cluster424     COVAR   16076       15.192      0.01768       6.4897    0.0096252
Cluster425     COVAR   16076       17.249     0.021321       6.0817    0.0022855
Cluster426     COVAR   16076        3.759    0.0041779       6.8803      0.29242
Cluster427     COVAR   16076      -3.6165    -0.004773       5.8275      0.73256
Cluster428     COVAR   16076        4.253    0.0054644       6.0044      0.23938
Cluster429     COVAR   16076       7.6923     0.011595        5.013      0.06247
Cluster43      COVAR   16076     -0.78907   -0.0023747       2.3506      0.63145
Cluster430     COVAR   16076      -4.4641   -0.0071975       4.8005      0.82379
Cluster431     COVAR   16076     -0.78983   -0.0021827       2.7708       0.6122
Cluster432     COVAR   16076     -0.16044  -0.00057656       2.2519       0.5284
Cluster433     COVAR   16076     -0.26991   -0.0005447       3.7289      0.52885
Cluster434     COVAR   16076       4.5376    0.0079082       4.3344      0.14759
Cluster435     COVAR   16076         4.23    0.0095739       3.2338     0.095438
Cluster436     COVAR   16076       4.5571    0.0076964       4.3803      0.14909
Cluster437     COVAR   16076       8.4152     0.014521       4.2898     0.024909
Cluster438     COVAR   16076       7.7938     0.013143       4.5368      0.04292
Cluster439     COVAR   16076       9.7411       0.0178       4.1117    0.0089219
Cluster44      COVAR   16076      -2.3802   -0.0082792       2.0517      0.87699
Cluster440     COVAR   16076       9.5294     0.014862       4.8934     0.025753
Cluster441     COVAR   16076       8.0616     0.012784       4.8232     0.047332
Cluster442     COVAR   16076       7.9631     0.013527       4.5559     0.040254
Cluster443     COVAR   16076       5.1393     0.009578       3.9693     0.097714
Cluster444     COVAR   16076      0.48502   0.00095649       3.7968      0.44918
Cluster445     COVAR   16076      0.21264   0.00055176       2.8551      0.47032
Cluster446     COVAR   16076     -0.02892  -6.0187e-05       3.6782      0.50314
Cluster447     COVAR   16076      0.70439    0.0013862       3.9307      0.42889
Cluster448     COVAR   16076      -1.7709   -0.0050398       2.5097      0.75978
Cluster449     COVAR   16076      0.95193    0.0018439       3.9325      0.40436
Cluster45      COVAR   16076      -1.6119   -0.0060647       1.9068      0.80102
Cluster450     COVAR   16076     -0.25915  -0.00055372       3.6365      0.52841
Cluster451     COVAR   16076       2.4428    0.0050332       3.7447       0.2571
Cluster452     COVAR   16076      -1.2565    -0.002823       3.3104      0.64786
Cluster453     COVAR   16076       3.1392    0.0068546       3.5218      0.18638
Cluster454     COVAR   16076     -0.64037   -0.0011107       4.4405      0.55733
Cluster455     COVAR   16076      -2.1123   -0.0042203       3.7441      0.71368
Cluster456     COVAR   16076      0.70209    0.0010441       4.9999      0.44416
Cluster457     COVAR   16076       1.5605    0.0027902        4.206      0.35532
Cluster458     COVAR   16076       4.5284    0.0093547       3.6596      0.10798
Cluster459     COVAR   16076       1.4974    0.0027283       4.2323      0.36174
Cluster46      COVAR   16076      -1.0792   -0.0036441       2.1397      0.69299
Cluster460     COVAR   16076      -1.6849    -0.010545       1.4465      0.87794
Cluster47      COVAR   16076      -1.9346   -0.0062882       2.2288       0.8073
Cluster48      COVAR   16076      -2.8615     -0.01148       1.8181      0.94224
Cluster49      COVAR   16076      -1.7629   -0.0066029       1.9127      0.82165
Cluster5       COVAR   16076      0.37714    0.0029537      0.93466      0.34329
Cluster50      COVAR   16076      -2.0309    -0.010013       1.4854      0.91421
Cluster51      COVAR   16076       1.6618    0.0075507       1.7033      0.16462
Cluster52      COVAR   16076       3.2411     0.011056       2.1953     0.069936
Cluster53      COVAR   16076       4.0933     0.014361       2.1283     0.027233
Cluster54      COVAR   16076       4.0179     0.012192       2.4732     0.052138
Cluster55      COVAR   16076        3.374     0.011208       2.2762     0.069137
Cluster56      COVAR   16076       5.2315     0.013926       2.8064     0.031161
Cluster57      COVAR   16076       3.6004      0.01109       2.4401     0.070048
Cluster58      COVAR   16076       4.0138     0.014489       2.1146     0.028849
Cluster59      COVAR   16076       2.2039    0.0090954       1.8312      0.11441
Cluster6       COVAR   16076      0.30375    0.0021211       1.0524      0.38644
Cluster60      COVAR   16076       3.3605     0.012312       2.0625     0.051637
Cluster61      COVAR   16076       2.2749    0.0092365       1.8918      0.11459
Cluster62      COVAR   16076       2.6187     0.010033       1.9902     0.094132
Cluster63      COVAR   16076       1.8345    0.0076995       1.8001      0.15409
Cluster64      COVAR   16076       1.5605    0.0077133       1.4802      0.14588
Cluster65      COVAR   16076      0.20613    0.0008428       1.7583      0.45334
Cluster66      COVAR   16076      0.64498    0.0043492       1.0609       0.2716
Cluster67      COVAR   16076     -0.14012  -0.00080649       1.2309      0.54532
Cluster68      COVAR   16076   -0.0082967  -6.1896e-05      0.95937      0.50345
Cluster69      COVAR   16076      0.17514    0.0010697       1.1477      0.43936
Cluster7       COVAR   16076     0.096052   0.00069635      0.99595      0.46159
Cluster70      COVAR   16076     -0.27436   -0.0013796       1.3857      0.57847
Cluster71      COVAR   16076     0.037361   0.00018775       1.4128      0.48945
Cluster72      COVAR   16076      0.84365     0.003977       1.5117      0.28839
Cluster73      COVAR   16076       0.2569    0.0012628       1.4462      0.42951
Cluster74      COVAR   16076      0.26863    0.0012786       1.4908       0.4285
Cluster75      COVAR   16076       2.4135    0.0087703       1.9488      0.10779
Cluster76      COVAR   16076       1.2577    0.0053457       1.6441      0.22215
Cluster77      COVAR   16076      0.81561    0.0036936       1.5874       0.3037
Cluster78      COVAR   16076       1.5446    0.0068578       1.5986      0.16698
Cluster79      COVAR   16076       2.2695     0.010072       1.5948     0.077364
Cluster8       COVAR   16076      0.17979    0.0011711        1.127      0.43663
Cluster80      COVAR   16076       1.8148    0.0079953       1.6102      0.12987
Cluster81      COVAR   16076       1.4661    0.0063572       1.6448      0.18637
Cluster82      COVAR   16076      0.98747    0.0051815       1.3676      0.23514
Cluster83      COVAR   16076      -1.2099   -0.0024308       3.6201      0.63089
Cluster84      COVAR   16076      -4.0835    -0.006817        4.603      0.81249
Cluster85      COVAR   16076      -1.7357    -0.002913       4.3362      0.65552
Cluster86      COVAR   16076      0.97625    0.0016337       4.4409        0.413
Cluster87      COVAR   16076      -3.2477   -0.0061529       4.0259      0.79008
Cluster88      COVAR   16076      -5.0411    -0.008198       4.6256      0.86209
Cluster89      COVAR   16076      -1.9795    -0.003364        4.529      0.66897
Cluster9       COVAR   16076      0.19651    0.0014092       1.0166      0.42337
Cluster90      COVAR   16076      -2.7109   -0.0046394        4.467      0.72802
Cluster91      COVAR   16076      -4.1096    -0.007433       4.1436      0.83934
Cluster92      COVAR   16076      -3.2897   -0.0052687       4.8295      0.75211
Cluster93      COVAR   16076      -6.2492   -0.0096129       4.9876      0.89488
Cluster94      COVAR   16076      -5.3963   -0.0085223       4.9015      0.86453
Cluster95      COVAR   16076     -0.94083   -0.0018196       3.9208      0.59482
Cluster96      COVAR   16076       0.1374   0.00030279       3.3289      0.48354
Cluster97      COVAR   16076      -6.6765    -0.015148       3.2051      0.98137
Cluster98      COVAR   16076      -4.7296   -0.0083026        4.518      0.85241
Cluster99      COVAR   16076      -9.2302    -0.017001       4.1537      0.98686
