Welcome to MAGMA v1.10 (linux/s)
Using flags:
	--bfile auxfiles/g1000_eur
	--pval results/IBS_Eijsbouts2021/ibs_eijsbouts2021.no_heading use=ID,PVAL ncol=NEFF
	--gene-annot results/IBS_Eijsbouts2021/ibs_eijsbouts2021.no_heading.step1.genes.annot
	--out results/IBS_Eijsbouts2021/ibs_eijsbouts2021.no_heading.step2

Start time is 20:22:04, Wednesday 13 May 2026

Loading PLINK-format data...
Reading file auxfiles/g1000_eur.fam... 503 individuals read
Reading file auxfiles/g1000_eur.bim... 22665064 SNPs read
Preparing file auxfiles/g1000_eur.bed... 

Reading SNP synonyms from file auxfiles/g1000_eur.synonyms (auto-detected)
	read 6016767 mapped synonyms from file, mapping to 3921040 SNPs in the data
	WARNING: detected 133 synonymous SNP pairs in the data
	         skipped all synonym entries involved, synonymous SNPs are kept in analysis
	         writing list of detected synonyms in data to supplementary log file
Reading SNP p-values from file results/IBS_Eijsbouts2021/ibs_eijsbouts2021.no_heading... 
	detected 7 variables in file
	using variable: ID (SNP id)
	using variable: PVAL (p-value)
	using variable: NEFF (sample size; discarding SNPs with N < 50)
	read 9177675 lines from file, containing valid SNP p-values for 9002892 SNPs in data (98.1% of lines, 39.72% of SNPs in data)
	WARNING: file contained 4 SNPs (same IDs or synonyms) with duplications
	         dropped all occurrences of each from analysis
	         writing list of duplicated IDs to supplementary log file
Loading gene annotation from file results/IBS_Eijsbouts2021/ibs_eijsbouts2021.no_heading.step1.genes.annot... 
	18540 gene definitions read from file
	found 18538 genes containing valid SNPs in genotype data


Starting gene analysis... 
	using model: SNPwise-mean
	writing gene analysis results to file results/IBS_Eijsbouts2021/ibs_eijsbouts2021.no_heading.step2.genes.out
	writing intermediate output to file results/IBS_Eijsbouts2021/ibs_eijsbouts2021.no_heading.step2.genes.raw


End time is 20:33:41, Wednesday 13 May 2026 (elapsed: 00:11:37)
