Welcome to MAGMA v1.10 (linux)
Using flags:
	--bfile auxfiles/g1000_eur
	--pval SCZ/PGC3_SCZ_wave3.european.autosome.public.v3.vcf.tsv.no_heading use=ID,PVAL ncol=NEFF
	--gene-annot SCZ/PGC3_SCZ_wave3.european.autosome.public.v3.vcf.tsv.no_heading.step1.genes.annot
	--out SCZ/PGC3_SCZ_wave3.european.autosome.public.v3.vcf.tsv.no_heading.step2

Start time is 15:36:53, Thursday 01 Jun 2023

Loading PLINK-format data...
Reading file auxfiles/g1000_eur.fam... 503 individuals read
Reading file auxfiles/g1000_eur.bim... 22665064 SNPs read
Preparing file auxfiles/g1000_eur.bed... 

Reading SNP synonyms from file auxfiles/g1000_eur.synonyms (auto-detected)
	read 6016767 mapped synonyms from file, mapping to 3921040 SNPs in the data
	WARNING: detected 133 synonymous SNP pairs in the data
	         skipped all synonym entries involved, synonymous SNPs are kept in analysis
	         writing list of detected synonyms in data to supplementary log file
Reading SNP p-values from file SCZ/PGC3_SCZ_wave3.european.autosome.public.v3.vcf.tsv.no_heading... 
	detected 14 variables in file
	using variable: ID (SNP id)
	using variable: PVAL (p-value)
	using variable: NEFF (sample size; discarding SNPs with N < 50)
	read 7659768 lines from file, containing valid SNP p-values for 7549430 SNPs in data (98.56% of lines, 33.31% of SNPs in data)
Loading gene annotation from file SCZ/PGC3_SCZ_wave3.european.autosome.public.v3.vcf.tsv.no_heading.step1.genes.annot... 
	18481 gene definitions read from file
	found 18449 genes containing valid SNPs in genotype data


Starting gene analysis... 
	using model: SNPwise-mean
	writing gene analysis results to file SCZ/PGC3_SCZ_wave3.european.autosome.public.v3.vcf.tsv.no_heading.step2.genes.out
	writing intermediate output to file SCZ/PGC3_SCZ_wave3.european.autosome.public.v3.vcf.tsv.no_heading.step2.genes.raw


End time is 16:09:29, Thursday 01 Jun 2023 (elapsed: 00:32:36)
