# MEAN_SAMPLE_SIZE = 51090
# TOTAL_GENES = 16327
# TEST_DIRECTION = one-sided, positive (set), one-sided, positive (covar)
# CONDITIONED_INTERNAL = gene size, gene density, inverse mac, log(gene size), log(gene density), log(inverse mac)
VARIABLE        TYPE  NGENES         BETA     BETA_STD           SE            P
Cluster0       COVAR   16327      -1.0532    -0.013341      0.60647      0.95875
Cluster1       COVAR   16327       -1.345    -0.017701      0.58976       0.9887
Cluster10      COVAR   16327     -0.50898   -0.0033683       1.1605      0.66952
Cluster100     COVAR   16327      0.68437    0.0014159       4.1727      0.43486
Cluster101     COVAR   16327      -3.4332   -0.0080031       3.3077      0.85035
Cluster102     COVAR   16327       -4.471   -0.0077317       4.5132      0.83907
Cluster103     COVAR   16327     -0.81451   -0.0017461       3.5628      0.59041
Cluster104     COVAR   16327      -1.1327   -0.0024587       3.6017      0.62343
Cluster105     COVAR   16327      -1.4048   -0.0024995       4.4337      0.62432
Cluster106     COVAR   16327        3.138    0.0049693       5.0346      0.26655
Cluster107     COVAR   16327       9.2435     0.018599        4.043     0.011126
Cluster108     COVAR   16327       11.128     0.014371       6.0966     0.033996
Cluster109     COVAR   16327        10.61     0.014284       5.8614     0.035153
Cluster11      COVAR   16327     -0.37298   -0.0024305       1.1846      0.62356
Cluster110     COVAR   16327       4.4395    0.0077725       4.3407      0.15322
Cluster111     COVAR   16327      0.21335   0.00039654       4.1575      0.47954
Cluster112     COVAR   16327      -2.5198   -0.0037913       5.3103      0.68243
Cluster113     COVAR   16327       1.4722    0.0036996        3.081      0.31638
Cluster114     COVAR   16327    -0.022302  -4.6945e-05       3.7941      0.50234
Cluster115     COVAR   16327       0.8164    0.0018077       3.5891      0.41003
Cluster116     COVAR   16327       3.1195     0.005779        4.308       0.2345
Cluster117     COVAR   16327       2.5105    0.0050936       3.8004      0.25444
Cluster118     COVAR   16327       3.2255    0.0063641        3.736      0.19398
Cluster119     COVAR   16327       1.8561    0.0043721       3.5182       0.2989
Cluster12      COVAR   16327     -0.52221   -0.0044961      0.87643      0.72435
Cluster120     COVAR   16327       6.8164    0.0094232       5.7312      0.11716
Cluster121     COVAR   16327       5.0303    0.0079131       5.0022      0.15731
Cluster122     COVAR   16327       13.999      0.01891       5.9909    0.0097365
Cluster123     COVAR   16327       16.836     0.022257       6.0365    0.0026466
Cluster124     COVAR   16327       5.4807    0.0088116       4.9139      0.13236
Cluster125     COVAR   16327       8.6459     0.012001       5.6557     0.063182
Cluster126     COVAR   16327       -1.851   -0.0039763       3.7828      0.68768
Cluster127     COVAR   16327       1.4258    0.0028717       3.9011      0.35738
Cluster128     COVAR   16327       17.009     0.023835       5.5547    0.0011015
Cluster129     COVAR   16327       7.9765      0.01121       5.5817     0.076507
Cluster13      COVAR   16327      -2.1857    -0.018273       0.9162      0.99147
Cluster130     COVAR   16327       9.5484     0.012693       5.8976     0.052731
Cluster131     COVAR   16327       11.326     0.015784       5.6333     0.022196
Cluster132     COVAR   16327       17.756     0.028251       4.8899   0.00014161
Cluster133     COVAR   16327       24.003     0.030832       6.2477    6.135e-05
Cluster134     COVAR   16327       11.253     0.017519       4.9799     0.011927
Cluster135     COVAR   16327       2.3697    0.0047351       3.5731      0.25361
Cluster136     COVAR   16327        12.42     0.022397       4.2683    0.0018106
Cluster137     COVAR   16327       11.209     0.017905       4.8385     0.010267
Cluster138     COVAR   16327       8.8568     0.014995       4.6376     0.028092
Cluster139     COVAR   16327       9.7783     0.014895       4.9358       0.0238
Cluster14      COVAR   16327      -1.9456    -0.014184       1.0773      0.96453
Cluster140     COVAR   16327       17.831     0.024609       5.7806    0.0010212
Cluster141     COVAR   16327       17.939     0.025789       5.3536   0.00040411
Cluster142     COVAR   16327       1.3955    0.0028051       3.2248      0.33261
Cluster143     COVAR   16327       4.0268    0.0062464       5.1105      0.21537
Cluster144     COVAR   16327        11.15     0.016174        5.321     0.018071
Cluster145     COVAR   16327      -4.5618    -0.007671       4.6015      0.83924
Cluster146     COVAR   16327       5.8834    0.0080421       5.7844      0.15456
Cluster147     COVAR   16327       4.3087    0.0054785       6.1117      0.24042
Cluster148     COVAR   16327       10.425     0.014096       5.8955     0.038517
Cluster149     COVAR   16327        13.57     0.018323       5.8573     0.010265
Cluster15      COVAR   16327      -1.6142    -0.012379        1.023       0.9427
Cluster150     COVAR   16327       5.0023     0.010179       3.7905      0.09348
Cluster151     COVAR   16327       1.9206    0.0036874       4.0556      0.31791
Cluster152     COVAR   16327      0.55657    0.0013248       3.3845      0.43469
Cluster153     COVAR   16327        1.471    0.0026677        4.117      0.36043
Cluster154     COVAR   16327       5.6963    0.0099449       4.2923     0.092248
Cluster155     COVAR   16327       12.604     0.016777       5.8305     0.015328
Cluster156     COVAR   16327       4.8574    0.0070581       5.3251      0.18085
Cluster157     COVAR   16327       5.1837    0.0097541       4.4392      0.12147
Cluster158     COVAR   16327       4.4517    0.0063487       5.4199      0.20573
Cluster159     COVAR   16327       8.4452     0.012776       5.1075     0.049128
Cluster16      COVAR   16327      -1.8176    -0.011468       1.2477       0.9274
Cluster160     COVAR   16327       0.7944    0.0016627       3.2574      0.40367
Cluster161     COVAR   16327      -3.4762   -0.0071039       3.5143      0.83869
Cluster162     COVAR   16327       7.1569     0.011396       4.8717      0.07092
Cluster163     COVAR   16327      0.84974     0.001599       4.1726      0.41932
Cluster164     COVAR   16327       1.9908    0.0038173       3.9161       0.3056
Cluster165     COVAR   16327      0.74729    0.0014277       4.0377      0.42659
Cluster166     COVAR   16327      -3.8223   -0.0071688       4.1591      0.82095
Cluster167     COVAR   16327       7.1975     0.011713       4.6972     0.062738
Cluster168     COVAR   16327       2.8232    0.0053076       4.1631      0.24885
Cluster169     COVAR   16327      0.15461   0.00023961       5.1077      0.48793
Cluster17      COVAR   16327      -1.0296   -0.0093592      0.85969      0.88445
Cluster170     COVAR   16327       2.6498     0.004047       5.1511      0.30349
Cluster171     COVAR   16327      -2.6699   -0.0056721       3.6817      0.76582
Cluster172     COVAR   16327       1.4413    0.0023978       4.7752      0.38139
Cluster173     COVAR   16327      -1.1275   -0.0023449       3.6153      0.62243
Cluster174     COVAR   16327        -4.57    -0.007805        4.496      0.84529
Cluster175     COVAR   16327      -4.1461   -0.0067834       4.8902      0.80173
Cluster176     COVAR   16327      -2.0105    -0.004104       3.7658      0.70329
Cluster177     COVAR   16327       4.6136    0.0064606        5.571       0.2038
Cluster178     COVAR   16327       8.0885     0.012998       4.8056     0.046184
Cluster179     COVAR   16327       4.7871    0.0075177       5.0986       0.1739
Cluster18      COVAR   16327       -1.007    -0.008775      0.89127      0.87073
Cluster180     COVAR   16327       0.9865    0.0022508       3.5313      0.38999
Cluster181     COVAR   16327      0.83985    0.0015695       4.2588      0.42184
Cluster182     COVAR   16327      0.93111    0.0020146       3.7973      0.40315
Cluster183     COVAR   16327      -2.3924   -0.0043027       4.2079      0.71517
Cluster184     COVAR   16327      -4.1738    -0.010445       2.7949      0.93231
Cluster185     COVAR   16327       4.4065    0.0077379       4.4606      0.16162
Cluster186     COVAR   16327      -4.4144   -0.0087423       4.0346      0.86304
Cluster187     COVAR   16327      -3.8979   -0.0061865       4.9348      0.78519
Cluster188     COVAR   16327       5.5165    0.0088034       4.7308      0.12181
Cluster189     COVAR   16327      -1.8663   -0.0040431       3.5194      0.70203
Cluster19      COVAR   16327      -1.1229    -0.007887       1.0676      0.85354
Cluster190     COVAR   16327      -4.5841   -0.0095913       3.7383      0.88993
Cluster191     COVAR   16327      0.96603    0.0019572        3.818      0.40013
Cluster192     COVAR   16327     -0.46628   -0.0011244       3.2725      0.55665
Cluster193     COVAR   16327       1.1729    0.0021295       4.2098      0.39027
Cluster194     COVAR   16327      0.72711    0.0015697       3.4612      0.41681
Cluster195     COVAR   16327       3.1284    0.0062553       3.7857       0.2043
Cluster196     COVAR   16327       1.2966    0.0023434       4.2606      0.38045
Cluster197     COVAR   16327      -1.8588     -0.00337       4.3259      0.66628
Cluster198     COVAR   16327       1.7893    0.0034005       4.0192       0.3281
Cluster199     COVAR   16327       0.7739    0.0019789       3.0252      0.39905
Cluster2       COVAR   16327      -1.2505    -0.019399      0.47437       0.9958
Cluster20      COVAR   16327      0.25058    0.0016231       1.1822      0.41607
Cluster200     COVAR   16327       4.8219    0.0098835       3.5719     0.088527
Cluster201     COVAR   16327       8.3704     0.012814       5.1743     0.052877
Cluster202     COVAR   16327       6.7869     0.011255       4.6993     0.074349
Cluster203     COVAR   16327       8.2604     0.013644       4.7674     0.041588
Cluster204     COVAR   16327       2.9684    0.0057741       3.9612      0.22682
Cluster205     COVAR   16327       2.2205    0.0037917       4.6568      0.31675
Cluster206     COVAR   16327       1.6825      0.00339       3.8621      0.33155
Cluster207     COVAR   16327       1.2776    0.0022751       4.5281      0.38892
Cluster208     COVAR   16327      -1.0321   -0.0018008       4.5857      0.58904
Cluster209     COVAR   16327      -2.0671   -0.0050091       3.0263      0.75271
Cluster21      COVAR   16327      0.52554    0.0032206       1.1869      0.32896
Cluster210     COVAR   16327      -1.4541   -0.0029713       3.8138       0.6485
Cluster211     COVAR   16327       -1.016   -0.0024261       3.2191      0.62385
Cluster212     COVAR   16327       2.6876    0.0049367       4.3451      0.26811
Cluster213     COVAR   16327      -4.9089   -0.0082134        4.731      0.85026
Cluster214     COVAR   16327      -2.7528   -0.0043894       4.9022      0.71279
Cluster215     COVAR   16327      -6.0361    -0.012986        3.544      0.95572
Cluster216     COVAR   16327       1.1736    0.0017334       5.3781      0.41363
Cluster217     COVAR   16327       16.771     0.020102        6.672    0.0059802
Cluster218     COVAR   16327       4.5627    0.0071805       5.0906      0.18505
Cluster219     COVAR   16327       5.8364    0.0098347       4.5248     0.098561
Cluster22      COVAR   16327       1.1886    0.0066334        1.322      0.18431
Cluster220     COVAR   16327       6.7958     0.010401       5.1643     0.094111
Cluster221     COVAR   16327       2.5886    0.0047776       4.1575      0.26677
Cluster222     COVAR   16327       2.1606    0.0039327       4.3103       0.3081
Cluster223     COVAR   16327      0.18436   0.00032529       4.4325      0.48341
Cluster224     COVAR   16327       7.1819     0.010169       5.6305      0.10107
Cluster225     COVAR   16327       3.4899    0.0054524       5.0937      0.24663
Cluster226     COVAR   16327       2.8225    0.0038964       5.6829      0.30971
Cluster227     COVAR   16327       13.194     0.019319       5.3561    0.0068888
Cluster228     COVAR   16327       14.423     0.018321        6.263     0.010648
Cluster229     COVAR   16327       14.522      0.02016       5.6552    0.0051202
Cluster23      COVAR   16327       1.9062     0.010059       1.4269     0.090799
Cluster230     COVAR   16327       11.717     0.017563       5.0504      0.01018
Cluster231     COVAR   16327       9.8135     0.013075       5.8509     0.046757
Cluster232     COVAR   16327       5.3561    0.0072833        5.738      0.17531
Cluster233     COVAR   16327       11.675     0.015544        5.899     0.023911
Cluster234     COVAR   16327       13.031      0.01612       6.3899     0.020721
Cluster235     COVAR   16327       1.9289     0.004705       2.8524      0.24945
Cluster236     COVAR   16327       3.1384    0.0047166       5.3016      0.27694
Cluster237     COVAR   16327       13.847     0.017482        6.121     0.011851
Cluster238     COVAR   16327        11.51     0.016356       5.6422     0.020691
Cluster239     COVAR   16327       10.758      0.01445       5.9152     0.034496
Cluster24      COVAR   16327       -2.228    -0.013728       1.2417      0.96361
Cluster240     COVAR   16327       17.637     0.023399       5.9174     0.001441
Cluster241     COVAR   16327        11.45     0.016875       5.4951     0.018606
Cluster242     COVAR   16327       13.741     0.017631       6.2046     0.013401
Cluster243     COVAR   16327       10.349      0.01475       5.5863     0.031982
Cluster244     COVAR   16327       1.6963    0.0025334       5.1606       0.3712
Cluster245     COVAR   16327       7.4125     0.010608       5.4994     0.088859
Cluster246     COVAR   16327       2.9018    0.0052077       4.5559      0.26209
Cluster247     COVAR   16327         2.46    0.0038267        5.073      0.31387
Cluster248     COVAR   16327       5.7354    0.0084777       5.3505      0.14188
Cluster249     COVAR   16327       6.5784    0.0086388       5.9485       0.1344
Cluster25      COVAR   16327       -1.325   -0.0064951          1.6      0.79619
Cluster250     COVAR   16327       5.9996     0.010144       4.9272      0.11169
Cluster251     COVAR   16327        8.718     0.013655       5.1237     0.044437
Cluster252     COVAR   16327       8.0556      0.01187       5.3987     0.067843
Cluster253     COVAR   16327       6.8324     0.010373        5.134     0.091637
Cluster254     COVAR   16327       6.2136     0.011687       4.3714     0.077606
Cluster255     COVAR   16327        5.932    0.0092435       5.0818      0.12155
Cluster256     COVAR   16327       3.6877    0.0055268       5.3242      0.24428
Cluster257     COVAR   16327       8.7394     0.011713       5.9147     0.069774
Cluster258     COVAR   16327       5.8976    0.0087634       5.3828      0.13663
Cluster259     COVAR   16327       14.392      0.01897       6.1097     0.009252
Cluster26      COVAR   16327      -1.5312    -0.007631       1.5414      0.83972
Cluster260     COVAR   16327       13.686     0.019185        5.782    0.0089749
Cluster261     COVAR   16327       12.116     0.017551       5.5375     0.014344
Cluster262     COVAR   16327       16.428     0.021941       6.0908    0.0035005
Cluster263     COVAR   16327       14.547     0.020845       5.6645    0.0051194
Cluster264     COVAR   16327       10.709     0.015696       5.3698     0.023069
Cluster265     COVAR   16327       7.3024     0.011279       5.1072     0.076394
Cluster266     COVAR   16327       7.1098     0.010393       5.2821     0.089162
Cluster267     COVAR   16327       12.032     0.017339       5.5075     0.014467
Cluster268     COVAR   16327       8.8755     0.013157        5.427     0.050989
Cluster269     COVAR   16327        14.73      0.01945       6.0302     0.007296
Cluster27      COVAR   16327       0.0151   6.9056e-05       1.7157      0.49649
Cluster270     COVAR   16327       9.8157     0.014826       5.4031     0.034644
Cluster271     COVAR   16327       10.395     0.014932       5.5455     0.030446
Cluster272     COVAR   16327       6.2038      0.01122       4.3462     0.076742
Cluster273     COVAR   16327       20.052     0.026814       6.0725     0.000481
Cluster274     COVAR   16327       12.377      0.01807       5.5372     0.012711
Cluster275     COVAR   16327       11.843      0.01779       5.3232     0.013057
Cluster276     COVAR   16327       6.1518    0.0097516       4.9114       0.1052
Cluster277     COVAR   16327       11.204     0.017641       4.9826     0.012278
Cluster278     COVAR   16327       18.212     0.026464       5.5277   0.00049396
Cluster279     COVAR   16327       5.1597    0.0082153       4.9515      0.14871
Cluster28      COVAR   16327      0.10577   0.00062966       1.2855      0.46721
Cluster280     COVAR   16327       8.1734     0.012853       5.0068     0.051304
Cluster281     COVAR   16327       1.4381    0.0026643       4.2572      0.36775
Cluster282     COVAR   16327       9.1488     0.017754       4.0836     0.012541
Cluster283     COVAR   16327       16.893     0.023066       5.8026    0.0018025
Cluster284     COVAR   16327       9.6886     0.014107       5.4403     0.037476
Cluster285     COVAR   16327       12.457      0.01796       5.4712     0.011404
Cluster286     COVAR   16327       19.473     0.027776       5.6649   0.00029453
Cluster287     COVAR   16327       13.468       0.0221       4.9145    0.0030713
Cluster288     COVAR   16327        16.48     0.023234       5.7112    0.0019572
Cluster289     COVAR   16327       10.427     0.018286       4.5476     0.010936
Cluster29      COVAR   16327      0.13609    0.0010102       1.0297      0.44743
Cluster290     COVAR   16327       13.835      0.02182       5.0955    0.0033169
Cluster291     COVAR   16327       12.622     0.018157       5.5762     0.011809
Cluster292     COVAR   16327       11.751     0.017808       5.2923     0.013204
Cluster293     COVAR   16327       14.565     0.024438       4.8403    0.0013123
Cluster294     COVAR   16327       11.175     0.015922       5.6284     0.023552
Cluster295     COVAR   16327       12.714      0.02361       4.3013    0.0015618
Cluster296     COVAR   16327       14.834     0.023675       4.8087    0.0010206
Cluster297     COVAR   16327      0.10895    0.0009891      0.84007      0.44841
Cluster298     COVAR   16327        6.938     0.014382       3.8461     0.035633
Cluster299     COVAR   16327       7.9416     0.015579        4.063     0.025325
Cluster3       COVAR   16327     -0.93601    -0.014239       0.5183      0.96452
Cluster30      COVAR   16327      -1.6561   -0.0078004       1.6069      0.84864
Cluster300     COVAR   16327       5.9098     0.013631        3.429     0.042414
Cluster301     COVAR   16327       3.5934    0.0082514       3.3903      0.14461
Cluster302     COVAR   16327       1.4728    0.0046572       2.4734      0.27578
Cluster303     COVAR   16327       1.3996    0.0042803       2.5087      0.28846
Cluster304     COVAR   16327       1.7721    0.0042913       3.2501       0.2928
Cluster305     COVAR   16327       8.8272     0.022107       3.0902    0.0021449
Cluster306     COVAR   16327       5.1049     0.011004       3.6371     0.080235
Cluster307     COVAR   16327       6.2338     0.012628       3.9422     0.056917
Cluster308     COVAR   16327       2.2539    0.0057478       3.1261      0.23546
Cluster309     COVAR   16327       6.1194     0.012338       3.9927     0.062691
Cluster31      COVAR   16327      -2.0211    -0.012591       1.2665      0.94472
Cluster310     COVAR   16327       9.5458      0.02383       3.1498    0.0012229
Cluster311     COVAR   16327       7.2125     0.021393       2.5748    0.0025494
Cluster312     COVAR   16327       5.8441     0.019239        2.406    0.0075782
Cluster313     COVAR   16327      0.27209    0.0010652       2.0055      0.44604
Cluster314     COVAR   16327     0.074358   0.00043704       1.2904      0.47702
Cluster315     COVAR   16327       10.049     0.018824       4.2087    0.0084837
Cluster316     COVAR   16327      -1.5303   -0.0040972       3.0046      0.69473
Cluster317     COVAR   16327       1.9363     0.004747       3.3876       0.2838
Cluster318     COVAR   16327       2.3104    0.0050031       3.7099      0.26672
Cluster319     COVAR   16327       5.2805     0.011052        3.797     0.082168
Cluster32      COVAR   16327     -0.72764   -0.0021275       2.6886      0.60666
Cluster320     COVAR   16327      0.72269    0.0016925       3.4714      0.41754
Cluster321     COVAR   16327      0.69831    0.0013749        3.999      0.43069
Cluster322     COVAR   16327       2.1226    0.0058257         3.02      0.24108
Cluster323     COVAR   16327       12.105     0.023062       3.9988    0.0012367
Cluster324     COVAR   16327       6.1864     0.011846       4.1542     0.068227
Cluster325     COVAR   16327       8.0194     0.014714        4.332     0.032081
Cluster326     COVAR   16327        8.478     0.016198       4.1671     0.020962
Cluster327     COVAR   16327       12.132     0.020619       4.7527    0.0053517
Cluster328     COVAR   16327       9.1861     0.015592       4.6302      0.02364
Cluster329     COVAR   16327       15.443     0.023606       5.1914    0.0014691
Cluster33      COVAR   16327      -1.6922   -0.0043461       3.0734      0.70904
Cluster330     COVAR   16327       5.8602     0.010839       4.2994     0.086446
Cluster331     COVAR   16327       8.8153     0.015448       4.1728     0.017329
Cluster332     COVAR   16327       13.169     0.021118       4.8745    0.0034535
Cluster333     COVAR   16327       3.9629    0.0082284       3.8209      0.14984
Cluster334     COVAR   16327       5.0941     0.016517       2.4581     0.019124
Cluster335     COVAR   16327       3.5362    0.0097742       2.8492      0.10729
Cluster336     COVAR   16327       3.2174     0.007834       3.2696      0.16256
Cluster337     COVAR   16327     -0.33131  -0.00085807         2.96      0.54456
Cluster338     COVAR   16327       2.0449    0.0053532       3.1525      0.25828
Cluster339     COVAR   16327       2.6726    0.0046066       4.3803      0.27089
Cluster34      COVAR   16327      -1.9627   -0.0048201       3.1879      0.73094
Cluster340     COVAR   16327       3.1056    0.0074349       3.2193      0.16736
Cluster341     COVAR   16327       4.2969    0.0093024       3.4993      0.10975
Cluster342     COVAR   16327       2.7599    0.0075724       2.9054      0.17108
Cluster343     COVAR   16327       3.7647     0.010801       2.9704      0.10251
Cluster344     COVAR   16327       7.8004      0.01609       3.9587     0.024402
Cluster345     COVAR   16327       1.7579    0.0048872       2.8841       0.2711
Cluster346     COVAR   16327       2.4267    0.0069925       2.7458      0.18841
Cluster347     COVAR   16327       6.6983     0.013345       4.1482     0.053196
Cluster348     COVAR   16327       3.7527     0.010217       3.1311      0.11537
Cluster349     COVAR   16327     -0.04815  -9.7365e-05       3.9899      0.50481
Cluster35      COVAR   16327      -1.6561   -0.0040806       3.1927      0.69802
Cluster350     COVAR   16327       7.7707     0.013013       4.7671     0.051555
Cluster351     COVAR   16327       9.0062     0.016105       4.4281     0.020992
Cluster352     COVAR   16327       8.6656     0.014375       4.7085     0.032865
Cluster353     COVAR   16327       1.0513    0.0018231       4.3319      0.40412
Cluster354     COVAR   16327       12.853     0.017323       5.8447     0.013947
Cluster355     COVAR   16327       11.856     0.014343       6.5336     0.034801
Cluster356     COVAR   16327       9.1178     0.011829       5.9654     0.063211
Cluster357     COVAR   16327        3.155    0.0052747       4.5483      0.24395
Cluster358     COVAR   16327       12.969      0.01766       5.7485     0.012041
Cluster359     COVAR   16327       8.6998     0.014235       4.5936     0.029129
Cluster36      COVAR   16327     -0.62008   -0.0015839       3.0632      0.58021
Cluster360     COVAR   16327        7.849     0.012948       4.8072     0.051274
Cluster361     COVAR   16327       5.1884     0.009082       4.3733      0.11775
Cluster362     COVAR   16327       1.1169    0.0017263       5.2065      0.41507
Cluster363     COVAR   16327       7.9656     0.016137       3.9185     0.021046
Cluster364     COVAR   16327       12.322     0.020581       4.7318    0.0046098
Cluster365     COVAR   16327       7.9962     0.010946        5.746      0.08203
Cluster366     COVAR   16327       8.5118     0.014694       4.4489     0.027868
Cluster367     COVAR   16327       10.977     0.013651       6.3153     0.041095
Cluster368     COVAR   16327       6.9012     0.013948       3.8873     0.037935
Cluster369     COVAR   16327       7.4466     0.010252       5.6412     0.093422
Cluster37      COVAR   16327      -3.9251    -0.012434       2.4864      0.94278
Cluster370     COVAR   16327       9.8898     0.013757       5.4458     0.034693
Cluster371     COVAR   16327        7.945     0.015388       4.0542     0.025027
Cluster372     COVAR   16327       3.5271     0.005729       4.8868      0.23523
Cluster373     COVAR   16327        4.056    0.0064928       4.9131      0.20454
Cluster374     COVAR   16327       5.1725    0.0087555       4.5973      0.13028
Cluster375     COVAR   16327       9.5063     0.017348       4.2489     0.012641
Cluster376     COVAR   16327        12.65     0.019052       5.0843    0.0064272
Cluster377     COVAR   16327       13.065     0.021347       4.7291      0.00287
Cluster378     COVAR   16327       4.4996    0.0075562       4.5597      0.16187
Cluster379     COVAR   16327       3.0249    0.0056252       4.1787      0.23457
Cluster38      COVAR   16327      -4.6975     -0.01594       2.2541      0.98141
Cluster380     COVAR   16327       7.9515     0.013509       4.6753     0.044507
Cluster381     COVAR   16327       11.179     0.020358       4.4161    0.0056872
Cluster382     COVAR   16327       10.965     0.019305       4.4849    0.0072501
Cluster383     COVAR   16327       9.1288      0.01675       3.9329     0.010148
Cluster384     COVAR   16327       12.897     0.019105       5.4248    0.0087227
Cluster385     COVAR   16327       8.4383     0.011456       5.7732     0.071933
Cluster386     COVAR   16327       9.1257     0.016828       4.1567     0.014075
Cluster387     COVAR   16327       3.2371    0.0060861         4.28      0.22473
Cluster388     COVAR   16327       6.3157     0.012292        3.781     0.047432
Cluster389     COVAR   16327       9.1813     0.013683       5.3311     0.042526
Cluster39      COVAR   16327      -1.9281   -0.0087951       1.6918      0.87278
Cluster390     COVAR   16327       6.5724    0.0088833       5.7322      0.12579
Cluster391     COVAR   16327        5.439    0.0095646       4.2803      0.10193
Cluster392     COVAR   16327       8.8103     0.012991       5.1993     0.045097
Cluster393     COVAR   16327       6.6005    0.0089518       5.9237       0.1326
Cluster394     COVAR   16327       6.3847     0.011444       4.3723     0.072123
Cluster395     COVAR   16327       2.6617    0.0065143       3.1266       0.1973
Cluster396     COVAR   16327       5.2215    0.0090698       4.3358      0.11426
Cluster397     COVAR   16327       4.3679    0.0096673       3.4545      0.10305
Cluster398     COVAR   16327       2.4288    0.0057592       3.2544      0.22775
Cluster399     COVAR   16327      -1.4025   -0.0045645       2.4529      0.71626
Cluster4       COVAR   16327     -0.51424   -0.0045217      0.89078      0.71812
Cluster40      COVAR   16327       2.4027    0.0074032       2.5436      0.17244
Cluster400     COVAR   16327       3.9815     0.012187        2.675     0.068334
Cluster401     COVAR   16327       6.0718      0.01378       3.3984     0.037006
Cluster402     COVAR   16327      -2.8184   -0.0055825       3.9353      0.76306
Cluster403     COVAR   16327       7.9788     0.014495       4.1916     0.028497
Cluster404     COVAR   16327       19.374     0.022499       6.5804    0.0016219
Cluster405     COVAR   16327       12.182     0.014692       6.4773     0.030016
Cluster406     COVAR   16327       5.7249      0.01001       4.4838      0.10085
Cluster407     COVAR   16327       6.9997    0.0091109       5.9208      0.11857
Cluster408     COVAR   16327      0.81757     0.002423       2.3983       0.3666
Cluster409     COVAR   16327       4.4578     0.012282       2.8617     0.059658
Cluster41      COVAR   16327       3.7303    0.0092768       3.1267      0.11643
Cluster410     COVAR   16327       1.8885     0.004346       3.2949      0.28327
Cluster411     COVAR   16327        2.469    0.0057695       3.4231      0.23538
Cluster412     COVAR   16327       1.2208    0.0031516       3.1224      0.34791
Cluster413     COVAR   16327      0.90616    0.0020623       3.2704      0.39086
Cluster414     COVAR   16327       1.1208    0.0026909       3.1648      0.36162
Cluster415     COVAR   16327       2.5123    0.0041736       4.6424       0.2942
Cluster416     COVAR   16327       7.5819     0.013713       4.5142     0.046532
Cluster417     COVAR   16327       7.8674     0.012456       4.9121      0.05463
Cluster418     COVAR   16327      -2.9035   -0.0059037        3.805      0.77728
Cluster419     COVAR   16327       3.6416    0.0047841       5.7465      0.26314
Cluster42      COVAR   16327       7.0565     0.017453       3.1278     0.012041
Cluster420     COVAR   16327       10.212     0.016135       4.7584     0.015938
Cluster421     COVAR   16327       5.1071    0.0080943       4.9993       0.1535
Cluster422     COVAR   16327       10.915     0.013976        6.187     0.038857
Cluster423     COVAR   16327        11.25     0.012501       6.9424     0.052579
Cluster424     COVAR   16327       16.385      0.01901       6.7443    0.0075668
Cluster425     COVAR   16327       11.399     0.014015       6.2574     0.034266
Cluster426     COVAR   16327       16.283      0.01797       7.0938     0.010865
Cluster427     COVAR   16327     -0.16485    -0.000216       5.9596      0.51103
Cluster428     COVAR   16327       10.243     0.013118       6.2739     0.051284
Cluster429     COVAR   16327       15.134     0.022644       5.2669    0.0020337
Cluster43      COVAR   16327       4.2894     0.012875       2.5489     0.046216
Cluster430     COVAR   16327      -2.9624   -0.0047452       5.0879      0.71979
Cluster431     COVAR   16327        1.869    0.0051213       2.7964      0.25196
Cluster432     COVAR   16327      0.48645    0.0017354       2.4196      0.42033
Cluster433     COVAR   16327       1.4999    0.0030208       3.7951      0.34635
Cluster434     COVAR   16327       5.8733     0.010182       4.6509      0.10333
Cluster435     COVAR   16327       5.4613     0.012227       3.5042     0.059571
Cluster436     COVAR   16327       6.8147     0.011444       4.7063     0.073823
Cluster437     COVAR   16327       9.1855     0.015751       4.5905     0.022708
Cluster438     COVAR   16327       7.5304     0.012635       4.8062     0.058591
Cluster439     COVAR   16327       7.5814     0.013754       4.5155     0.046589
Cluster44      COVAR   16327      0.89463    0.0030226       2.2781      0.34727
Cluster440     COVAR   16327       8.6589     0.013418       5.2054     0.048125
Cluster441     COVAR   16327       9.2835     0.014622        5.152     0.035792
Cluster442     COVAR   16327       6.7155     0.011345       4.6975     0.076431
Cluster443     COVAR   16327       4.1355     0.007658       4.2184      0.16346
Cluster444     COVAR   16327       4.2964    0.0084268       3.9835      0.14041
Cluster445     COVAR   16327       0.3769    0.0010322       2.9052      0.44839
Cluster446     COVAR   16327      -1.3715   -0.0028271       3.7956      0.64107
Cluster447     COVAR   16327       3.3195    0.0065194       4.0131      0.20408
Cluster448     COVAR   16327       1.7748    0.0050083       2.7223      0.25722
Cluster449     COVAR   16327       4.2079    0.0081233       4.0807      0.15124
Cluster45      COVAR   16327       2.0507    0.0077066       2.0474      0.15827
Cluster450     COVAR   16327       4.9556     0.010573       3.6933     0.089842
Cluster451     COVAR   16327       5.2244      0.01072       3.8602     0.087974
Cluster452     COVAR   16327       1.8459    0.0041396       3.4242      0.29492
Cluster453     COVAR   16327       5.2478     0.011358       3.6037     0.072678
Cluster454     COVAR   16327        8.383     0.014506       4.6444     0.035553
Cluster455     COVAR   16327        6.179      0.01226        3.759     0.050122
Cluster456     COVAR   16327       15.584     0.023063       5.3219    0.0017067
Cluster457     COVAR   16327       3.9439     0.007023       4.4039      0.18526
Cluster458     COVAR   16327      0.47828   0.00098336       3.9141      0.45137
Cluster459     COVAR   16327       2.4558     0.004428       4.4164      0.28909
Cluster46      COVAR   16327       3.1051     0.010523       2.2828     0.086889
Cluster460     COVAR   16327       1.0424    0.0064638        1.483      0.24106
Cluster47      COVAR   16327       2.6696    0.0087081       2.3821      0.13122
Cluster48      COVAR   16327       2.2833    0.0092638       1.8674      0.11073
Cluster49      COVAR   16327      0.27068    0.0010126       2.0621      0.44779
Cluster5       COVAR   16327     -0.86868   -0.0068051      0.96727      0.81542
Cluster50      COVAR   16327        1.268    0.0062043       1.5052      0.19978
Cluster51      COVAR   16327       1.2585    0.0056778       1.7674      0.23822
Cluster52      COVAR   16327       2.3859    0.0081639       2.2828      0.14799
Cluster53      COVAR   16327       2.4278    0.0085018       2.2398       0.1392
Cluster54      COVAR   16327        1.792    0.0054317       2.6028      0.24557
Cluster55      COVAR   16327       1.9802    0.0065919       2.3458       0.1993
Cluster56      COVAR   16327       4.0552     0.010781       2.9768     0.086569
Cluster57      COVAR   16327       1.5135    0.0046544       2.5567      0.27694
Cluster58      COVAR   16327       1.3502    0.0048717       2.2253      0.27202
Cluster59      COVAR   16327       1.1784     0.004871       1.8785      0.26524
Cluster6       COVAR   16327     0.032857   0.00022838       1.1106       0.4882
Cluster60      COVAR   16327       1.6962    0.0062167       2.1814      0.21841
Cluster61      COVAR   16327    0.0053207   2.1583e-05        1.955      0.49891
Cluster62      COVAR   16327      0.97796    0.0037589       2.0794      0.31907
Cluster63      COVAR   16327      -0.9711   -0.0040656       1.8581      0.69938
Cluster64      COVAR   16327       -1.671   -0.0082138       1.5908      0.85323
Cluster65      COVAR   16327      0.08068    0.0003249        1.925      0.48329
Cluster66      COVAR   16327     -0.69703   -0.0047231       1.1641      0.72533
Cluster67      COVAR   16327     -0.98487    -0.005743       1.3269      0.77102
Cluster68      COVAR   16327      -0.8073   -0.0060573       1.0122      0.78744
Cluster69      COVAR   16327      -1.1268   -0.0069028       1.2537      0.81561
Cluster7       COVAR   16327    -0.019949  -0.00014407       1.0646      0.50748
Cluster70      COVAR   16327      -1.3431    -0.006786       1.5318      0.80969
Cluster71      COVAR   16327      -1.4357   -0.0072219       1.5386      0.82462
Cluster72      COVAR   16327      -1.2837   -0.0060607       1.6335      0.78402
Cluster73      COVAR   16327      -1.5237    -0.007495       1.5702      0.83407
Cluster74      COVAR   16327      -3.2211    -0.015387       1.6457      0.97483
Cluster75      COVAR   16327      -3.0027    -0.010902       2.0937      0.92423
Cluster76      COVAR   16327       -3.704    -0.015686       1.8308      0.97846
Cluster77      COVAR   16327      -4.2604    -0.019168       1.7182      0.99342
Cluster78      COVAR   16327      -4.4219    -0.019456       1.7438      0.99439
Cluster79      COVAR   16327        -4.16    -0.018294        1.778      0.99034
Cluster8       COVAR   16327     -0.49139   -0.0031899       1.2031      0.65853
Cluster80      COVAR   16327      -4.5836     -0.02002       1.7764      0.99506
Cluster81      COVAR   16327      -4.1687    -0.017959        1.806       0.9895
Cluster82      COVAR   16327      -2.2557    -0.011862        1.468      0.93779
Cluster83      COVAR   16327       3.9236    0.0078364       3.7233        0.146
Cluster84      COVAR   16327       5.9547    0.0098737       4.7846      0.10666
Cluster85      COVAR   16327       7.6333     0.012734       4.5874     0.048069
Cluster86      COVAR   16327        7.165     0.011908       4.7618     0.066214
Cluster87      COVAR   16327       2.2448    0.0042249       4.1923      0.29618
Cluster88      COVAR   16327         6.05    0.0097726       4.8378      0.10555
Cluster89      COVAR   16327       8.1766     0.013815        4.656     0.039545
Cluster9       COVAR   16327     -0.18023   -0.0012864       1.0911       0.5656
Cluster90      COVAR   16327       11.206     0.019041       4.6255    0.0077084
Cluster91      COVAR   16327         8.35     0.015003       4.3667     0.027936
Cluster92      COVAR   16327       11.537     0.018367       5.0166     0.010742
Cluster93      COVAR   16327       13.216     0.020216        5.123    0.0049476
Cluster94      COVAR   16327       11.813      0.01859       4.9803    0.0088565
Cluster95      COVAR   16327       5.0259    0.0096177       4.0352      0.10648
Cluster96      COVAR   16327       3.1867    0.0069705       3.3764      0.17264
Cluster97      COVAR   16327      -2.7819   -0.0062603       3.3215      0.79885
Cluster98      COVAR   16327       6.2802      0.01091       4.4382      0.07854
Cluster99      COVAR   16327       3.4204    0.0062665       4.2813      0.21218
