# TOTAL_GENES = 16365
# TEST_DIRECTION = one-sided, positive (set), one-sided, positive (covar)
# CONDITIONED_INTERNAL = gene size, gene density, inverse mac, log(gene size), log(gene density), log(inverse mac)
VARIABLE        TYPE  NGENES         BETA     BETA_STD           SE            P
Cluster0       COVAR   16365     -0.14301   -0.0018083      0.54445       0.6036
Cluster1       COVAR   16365     -0.15599   -0.0020495      0.54472       0.6127
Cluster10      COVAR   16365     -0.70161   -0.0046361       1.0637      0.74524
Cluster100     COVAR   16365       1.5607    0.0032259       3.5878      0.33179
Cluster101     COVAR   16365      0.77021    0.0018078       3.0199      0.39935
Cluster102     COVAR   16365       3.4887    0.0060312        4.166      0.20118
Cluster103     COVAR   16365      -1.0531   -0.0022559       3.3334      0.62397
Cluster104     COVAR   16365       3.2559    0.0070726       3.2271      0.15651
Cluster105     COVAR   16365       4.4874    0.0079851       4.0104      0.13159
Cluster106     COVAR   16365       6.1437    0.0097402       4.5854     0.090161
Cluster107     COVAR   16365       2.4646    0.0049552       3.3565       0.2314
Cluster108     COVAR   16365       19.782     0.025605       5.7435    0.0002871
Cluster109     COVAR   16365       14.818     0.019949        5.537    0.0037277
Cluster11      COVAR   16365     -0.13723  -0.00089292       1.0847      0.55034
Cluster110     COVAR   16365       7.4467      0.01303       4.2612      0.04028
Cluster111     COVAR   16365       2.3046    0.0042843       3.7175      0.26766
Cluster112     COVAR   16365       6.0606     0.009122       4.8724      0.10679
Cluster113     COVAR   16365      0.82377      0.00207       2.8758      0.38727
Cluster114     COVAR   16365      0.18036   0.00038672       3.4518      0.47916
Cluster115     COVAR   16365       2.5212    0.0055781       3.1657      0.21291
Cluster116     COVAR   16365       3.5093    0.0065043       3.9121      0.18486
Cluster117     COVAR   16365        1.801    0.0036522       3.4734      0.30205
Cluster118     COVAR   16365       6.2615     0.012348       3.4822     0.036089
Cluster119     COVAR   16365       3.8448     0.009092        3.031      0.10233
Cluster12      COVAR   16365      0.13154    0.0011309      0.84021       0.4378
Cluster120     COVAR   16365       8.0395     0.011131       5.3359     0.065958
Cluster121     COVAR   16365     -0.52693  -0.00083551       4.5868      0.54573
Cluster122     COVAR   16365       7.9116     0.010708       5.5371     0.076535
Cluster123     COVAR   16365       9.1762     0.012153        5.577     0.049958
Cluster124     COVAR   16365      0.65234    0.0010486       4.6023      0.44364
Cluster125     COVAR   16365       5.4108    0.0075221       5.3578      0.15628
Cluster126     COVAR   16365      -3.3824   -0.0074312       3.3919      0.84066
Cluster127     COVAR   16365      -4.4469   -0.0089494       3.6973      0.88545
Cluster128     COVAR   16365       4.8506    0.0067946       5.3004      0.18007
Cluster129     COVAR   16365       3.4297    0.0048314       5.2219      0.25566
Cluster13      COVAR   16365      0.83488    0.0069694      0.80581      0.15009
Cluster130     COVAR   16365       7.2419    0.0096278       5.4657       0.0926
Cluster131     COVAR   16365       6.3299    0.0088193       5.2965      0.11603
Cluster132     COVAR   16365       6.9781       0.0111        4.612     0.065149
Cluster133     COVAR   16365       8.7563      0.01125       5.6943     0.062067
Cluster134     COVAR   16365       3.4538    0.0054134       4.6922      0.23085
Cluster135     COVAR   16365       -1.062   -0.0021234       3.6448      0.61461
Cluster136     COVAR   16365       2.8937    0.0052275       3.8737      0.22754
Cluster137     COVAR   16365     -0.32361  -0.00051664       4.6659      0.52765
Cluster138     COVAR   16365       3.9638    0.0067244       4.3046      0.17858
Cluster139     COVAR   16365       1.4699    0.0022396       4.6967      0.37716
Cluster14      COVAR   16365     0.090994    0.0006624       0.9791      0.46298
Cluster140     COVAR   16365       9.1578     0.012633       5.3209     0.042629
Cluster141     COVAR   16365       6.3053      0.00906       5.0767      0.10713
Cluster142     COVAR   16365      -1.5658   -0.0031443       3.3711      0.67884
Cluster143     COVAR   16365      -4.1002   -0.0064143       4.6626       0.8104
Cluster144     COVAR   16365        3.344    0.0048731       5.0176      0.25257
Cluster145     COVAR   16365      -2.7469   -0.0046339       4.2992      0.73856
Cluster146     COVAR   16365       5.0732     0.006945       5.2533       0.1671
Cluster147     COVAR   16365       4.1731    0.0053072       5.7341      0.23338
Cluster148     COVAR   16365       5.2762    0.0071545       5.4889      0.16822
Cluster149     COVAR   16365       8.3929     0.011333       5.4846     0.062988
Cluster15      COVAR   16365      0.18656    0.0014285      0.93966      0.42131
Cluster150     COVAR   16365       3.7566    0.0076374       3.5548      0.14532
Cluster151     COVAR   16365        3.388     0.006513       3.5575      0.17047
Cluster152     COVAR   16365     -0.50056   -0.0011901       2.9355       0.5677
Cluster153     COVAR   16365       6.8658     0.012529        3.816     0.036003
Cluster154     COVAR   16365       3.5438     0.006192       4.0585      0.19129
Cluster155     COVAR   16365       15.581     0.020837       5.4119    0.0019979
Cluster156     COVAR   16365       9.4269     0.014432        4.642     0.021149
Cluster157     COVAR   16365       2.4994    0.0047058       4.0112      0.26661
Cluster158     COVAR   16365       6.9467    0.0099353       5.0614     0.084967
Cluster159     COVAR   16365       6.0905    0.0092607       4.6555     0.095407
Cluster16      COVAR   16365      0.45936    0.0028938       1.1391      0.34338
Cluster160     COVAR   16365       1.8625    0.0039644       3.2982      0.28615
Cluster161     COVAR   16365       1.8498    0.0037865       3.2736      0.28602
Cluster162     COVAR   16365       5.9723    0.0095508       4.3959     0.087144
Cluster163     COVAR   16365       3.1852    0.0059948       3.7783      0.19961
Cluster164     COVAR   16365      0.22496   0.00043446       3.6384      0.47535
Cluster165     COVAR   16365      -3.1676   -0.0060592       3.7998      0.79775
Cluster166     COVAR   16365     -0.96064   -0.0018579       3.7639      0.60072
Cluster167     COVAR   16365       4.9298    0.0080192       4.4472      0.13383
Cluster168     COVAR   16365        5.871     0.011313       3.7768     0.060044
Cluster169     COVAR   16365       2.8797    0.0051662       4.0536      0.23874
Cluster17      COVAR   16365      0.52813    0.0048045      0.77618      0.24812
Cluster170     COVAR   16365       9.0379     0.013957       4.7807     0.029356
Cluster171     COVAR   16365       7.2589     0.015472       3.2813     0.013485
Cluster172     COVAR   16365       4.8661    0.0081105       4.4293      0.13598
Cluster173     COVAR   16365       3.0456    0.0063401       3.3121      0.17891
Cluster174     COVAR   16365      0.72795    0.0012459       4.2172      0.43148
Cluster175     COVAR   16365       4.0535    0.0066653       4.4433      0.18082
Cluster176     COVAR   16365       2.2037    0.0045038       3.5246      0.26592
Cluster177     COVAR   16365       10.193     0.014274       5.1409      0.02371
Cluster178     COVAR   16365       8.2651     0.013355       4.3778     0.029525
Cluster179     COVAR   16365       2.5748    0.0040517       4.7072       0.2922
Cluster18      COVAR   16365      0.35809     0.003293      0.76203      0.31921
Cluster180     COVAR   16365      -2.2578   -0.0051524       3.2239      0.75814
Cluster181     COVAR   16365       1.1214    0.0021141       3.9397      0.38796
Cluster182     COVAR   16365      -2.1769   -0.0047668       3.3287      0.74343
Cluster183     COVAR   16365      0.19575   0.00035469       3.9621       0.4803
Cluster184     COVAR   16365     -0.70785   -0.0017864       2.7489       0.6016
Cluster185     COVAR   16365       3.2468    0.0057043       4.1383      0.21636
Cluster186     COVAR   16365      -2.3658   -0.0048114       3.5865      0.74525
Cluster187     COVAR   16365       2.2731    0.0036531       4.5298       0.3079
Cluster188     COVAR   16365       8.1944     0.013223       4.5223     0.035003
Cluster189     COVAR   16365       2.5313    0.0055256       3.2288      0.21654
Cluster19      COVAR   16365      -1.1649    -0.008171      0.98859      0.88066
Cluster190     COVAR   16365      -2.2735   -0.0057921        2.861      0.78658
Cluster191     COVAR   16365      -2.5123     -0.00514       3.4707      0.76542
Cluster192     COVAR   16365      -3.7292   -0.0093211       2.8072      0.90797
Cluster193     COVAR   16365      -1.0156   -0.0018546       3.9757      0.60081
Cluster194     COVAR   16365      -3.1106   -0.0067206       3.2448      0.83112
Cluster195     COVAR   16365      -4.9466   -0.0098885       3.7135      0.90857
Cluster196     COVAR   16365       2.0928     0.003791        4.019      0.30128
Cluster197     COVAR   16365      -2.3384   -0.0042461       3.9963      0.72077
Cluster198     COVAR   16365      -2.8789    -0.005474       3.8028      0.77548
Cluster199     COVAR   16365      -1.1175   -0.0028571        2.736      0.65852
Cluster2       COVAR   16365    -0.045292  -0.00070139      0.44686      0.54037
Cluster20      COVAR   16365     -0.40443   -0.0026157        1.083      0.64559
Cluster200     COVAR   16365       3.6835    0.0075642       3.5479      0.14959
Cluster201     COVAR   16365       7.6679     0.011781        4.815      0.05565
Cluster202     COVAR   16365       11.809       0.0196       4.3643    0.0034116
Cluster203     COVAR   16365       1.6499     0.002732       4.4432       0.3552
Cluster204     COVAR   16365      0.54043    0.0010506       3.6584      0.44128
Cluster205     COVAR   16365       5.5612    0.0095137       4.2379     0.094729
Cluster206     COVAR   16365      0.66989     0.001349       3.5606      0.42539
Cluster207     COVAR   16365       1.7991    0.0032049       4.1306      0.33158
Cluster208     COVAR   16365      -3.5612   -0.0062119       4.2157      0.80087
Cluster209     COVAR   16365      -2.9822   -0.0072227       2.9275      0.84581
Cluster21      COVAR   16365     -0.40287   -0.0024666       1.1337      0.63884
Cluster210     COVAR   16365      -1.4757    -0.003014       3.4785       0.6643
Cluster211     COVAR   16365      -3.5644   -0.0085359       2.9696      0.88498
Cluster212     COVAR   16365      -2.5889   -0.0047651       3.8959      0.74682
Cluster213     COVAR   16365      -6.0326    -0.010094       4.3375      0.91785
Cluster214     COVAR   16365      -2.4577   -0.0039322       4.5887      0.70388
Cluster215     COVAR   16365      -3.3967   -0.0073176       3.3965      0.84135
Cluster216     COVAR   16365     0.037039   5.4827e-05        4.968      0.49703
Cluster217     COVAR   16365       13.305     0.015959       6.1407     0.015137
Cluster218     COVAR   16365       4.6278    0.0073233       4.5665      0.15544
Cluster219     COVAR   16365       0.7805    0.0013275       4.2164      0.42657
Cluster22      COVAR   16365       0.8397    0.0046807       1.2713      0.25446
Cluster220     COVAR   16365       6.2636    0.0096048       4.8201       0.0969
Cluster221     COVAR   16365       6.6771     0.012327       3.8401      0.04105
Cluster222     COVAR   16365       4.4448    0.0080856       3.9547      0.13053
Cluster223     COVAR   16365       3.4813    0.0061772       3.9883      0.19138
Cluster224     COVAR   16365       2.8162    0.0039928       5.1523      0.29234
Cluster225     COVAR   16365       8.4907     0.013287       4.7745     0.037686
Cluster226     COVAR   16365       6.3367    0.0087493       5.3085      0.11631
Cluster227     COVAR   16365       2.6773    0.0039219       5.0091      0.29651
Cluster228     COVAR   16365        18.47     0.023472       5.7971   0.00072287
Cluster229     COVAR   16365       8.2938     0.011542       5.3093     0.059142
Cluster23      COVAR   16365       1.6897    0.0089048       1.3165     0.099673
Cluster230     COVAR   16365        7.702     0.011724       4.7306      0.05176
Cluster231     COVAR   16365       11.647     0.015522       5.5684     0.018249
Cluster232     COVAR   16365       6.1516    0.0083696       5.4049      0.12754
Cluster233     COVAR   16365       11.567     0.015464       5.5812     0.019118
Cluster234     COVAR   16365       19.729     0.024576       5.9601   0.00046731
Cluster235     COVAR   16365      -2.4449   -0.0059565       2.9548      0.79599
Cluster236     COVAR   16365       4.7259    0.0070999       4.8909      0.16696
Cluster237     COVAR   16365       8.1086     0.010237       5.7828      0.08044
Cluster238     COVAR   16365     -0.67982  -0.00096573       5.1971      0.55204
Cluster239     COVAR   16365       10.114     0.013581       5.4684     0.032204
Cluster24      COVAR   16365     -0.48135   -0.0029617       1.1511      0.66208
Cluster240     COVAR   16365       13.448     0.017842       5.5515    0.0077147
Cluster241     COVAR   16365       10.059     0.014824       4.9679     0.021455
Cluster242     COVAR   16365       19.402      0.02489       5.7833   0.00039828
Cluster243     COVAR   16365       12.385     0.017641       5.2758    0.0094591
Cluster244     COVAR   16365       8.0084     0.011997       4.8238      0.04845
Cluster245     COVAR   16365       14.484     0.020812       5.0294    0.0019922
Cluster246     COVAR   16365       7.7106     0.013829       4.1534     0.031705
Cluster247     COVAR   16365       7.5983     0.011817       4.7549     0.055035
Cluster248     COVAR   16365       8.0019     0.011822       5.1159     0.058905
Cluster249     COVAR   16365       7.2713    0.0095578       5.6394     0.098644
Cluster25      COVAR   16365      -1.8891   -0.0092483        1.494      0.89697
Cluster250     COVAR   16365       6.4046     0.010818        4.702     0.086594
Cluster251     COVAR   16365       6.2798    0.0098282       4.8608     0.098202
Cluster252     COVAR   16365       9.0713     0.013357       5.2113      0.04088
Cluster253     COVAR   16365       10.204     0.015483       4.8911     0.018492
Cluster254     COVAR   16365       6.3488     0.011949       4.2266     0.066548
Cluster255     COVAR   16365       5.5716    0.0086812       4.7283      0.11934
Cluster256     COVAR   16365       8.9078     0.013411       4.8989      0.03452
Cluster257     COVAR   16365       10.888     0.014594       5.5813     0.025555
Cluster258     COVAR   16365       4.6156    0.0069074       5.1025      0.18285
Cluster259     COVAR   16365       12.357      0.01628       5.6956     0.015026
Cluster26      COVAR   16365      -1.2076   -0.0060155       1.4758      0.79339
Cluster260     COVAR   16365       12.151     0.017028        5.362      0.01173
Cluster261     COVAR   16365       12.302     0.017812       5.2303    0.0093418
Cluster262     COVAR   16365       15.261     0.020374        5.614    0.0032843
Cluster263     COVAR   16365       14.811     0.021218       5.2135    0.0022531
Cluster264     COVAR   16365       9.0568     0.013305       5.0965     0.037791
Cluster265     COVAR   16365       7.6784     0.011861       4.8827      0.05792
Cluster266     COVAR   16365       13.259     0.019419        4.994    0.0039691
Cluster267     COVAR   16365       8.8083     0.012712       5.1639     0.044038
Cluster268     COVAR   16365       5.9874    0.0089268        5.124      0.12131
Cluster269     COVAR   16365       7.3078    0.0096664       5.6838      0.09928
Cluster27      COVAR   16365      -2.0173    -0.009213       1.6028      0.89591
Cluster270     COVAR   16365       5.9441     0.008998       4.9897      0.11678
Cluster271     COVAR   16365       3.2303    0.0046402       5.1924      0.26694
Cluster272     COVAR   16365       4.6243     0.008358       3.9551      0.12117
Cluster273     COVAR   16365       10.925     0.014602       5.6583     0.026765
Cluster274     COVAR   16365       6.4359    0.0093925       5.1278      0.10473
Cluster275     COVAR   16365        7.618     0.011624       4.8884     0.059584
Cluster276     COVAR   16365       5.2656    0.0083508       4.6013      0.12624
Cluster277     COVAR   16365       5.2403    0.0083221       4.6912        0.132
Cluster278     COVAR   16365       6.7248    0.0097684       5.2039     0.098144
Cluster279     COVAR   16365       8.4846     0.013515       4.6806      0.03495
Cluster28      COVAR   16365      -1.3432    -0.007985       1.2173      0.86506
Cluster280     COVAR   16365       5.9805    0.0094134       4.7072      0.10197
Cluster281     COVAR   16365       6.4156     0.011875       4.0588     0.056987
Cluster282     COVAR   16365     -0.34724   -0.0006744       3.7023      0.53736
Cluster283     COVAR   16365       7.0843    0.0096689       5.5201     0.099693
Cluster284     COVAR   16365       3.4446    0.0050149          5.2      0.25385
Cluster285     COVAR   16365       2.6546    0.0038266       5.0995      0.30134
Cluster286     COVAR   16365       6.0115    0.0085709       5.3245      0.12945
Cluster287     COVAR   16365       8.2397     0.013512       4.4026     0.030646
Cluster288     COVAR   16365       11.482     0.016181        5.318     0.015428
Cluster289     COVAR   16365       2.6573    0.0046561       4.3335      0.26987
Cluster29      COVAR   16365      -1.1064   -0.0082002      0.97763      0.87112
Cluster290     COVAR   16365       4.0781    0.0064287       4.6688      0.19121
Cluster291     COVAR   16365       3.5629    0.0051512       5.1245      0.24345
Cluster292     COVAR   16365       3.5989    0.0054506          4.9      0.23134
Cluster293     COVAR   16365       4.0223    0.0079669       3.8225      0.14635
Cluster294     COVAR   16365       6.9172    0.0098793       5.1947     0.091509
Cluster295     COVAR   16365     0.033915   6.3024e-05       4.0656      0.49667
Cluster296     COVAR   16365       5.3739    0.0085711       4.6312      0.12296
Cluster297     COVAR   16365       1.1344      0.01028      0.72127       0.0579
Cluster298     COVAR   16365       1.2158    0.0025229       3.3441       0.3581
Cluster299     COVAR   16365     -0.48494  -0.00095636       3.5498      0.55433
Cluster3       COVAR   16365      0.15487     0.002352       0.4699      0.37086
Cluster30      COVAR   16365      -1.1722   -0.0055131       1.5622      0.77346
Cluster300     COVAR   16365    -0.050712  -0.00011761       3.0893      0.50655
Cluster301     COVAR   16365       5.4279     0.012456       3.0671     0.038396
Cluster302     COVAR   16365        2.338    0.0073849       2.2462      0.14898
Cluster303     COVAR   16365     0.025803   7.8814e-05       2.3157      0.49555
Cluster304     COVAR   16365       1.1443    0.0027699        2.979      0.35044
Cluster305     COVAR   16365       1.1379    0.0028476        2.767      0.34045
Cluster306     COVAR   16365       2.2209    0.0047869        3.353      0.25388
Cluster307     COVAR   16365       4.8889    0.0098957       3.6289     0.088967
Cluster308     COVAR   16365     -0.56665   -0.0014437       2.8757       0.5781
Cluster309     COVAR   16365       8.1551     0.016501       3.6814     0.013382
Cluster31      COVAR   16365      -1.5148   -0.0094384        1.163      0.90361
Cluster310     COVAR   16365     -0.57288   -0.0014287       3.0066      0.57556
Cluster311     COVAR   16365      -1.2516   -0.0037094       2.5129      0.69077
Cluster312     COVAR   16365     -0.14364  -0.00047264       2.3126      0.52476
Cluster313     COVAR   16365      -2.7109    -0.010598       1.8494      0.92864
Cluster314     COVAR   16365       1.1602    0.0068141       1.2413        0.175
Cluster315     COVAR   16365     -0.42933  -0.00080689        3.823      0.54471
Cluster316     COVAR   16365      -3.3784   -0.0090615       2.8153      0.88493
Cluster317     COVAR   16365      -3.6146   -0.0088647         3.11      0.87743
Cluster318     COVAR   16365      -2.1805   -0.0047379       3.3844       0.7403
Cluster319     COVAR   16365      -3.1999   -0.0067713       3.4139      0.82569
Cluster32      COVAR   16365       2.1946    0.0064143       2.6203      0.20115
Cluster320     COVAR   16365      -4.6993    -0.011064       3.1533      0.93191
Cluster321     COVAR   16365      -3.0776   -0.0060812        3.675      0.79882
Cluster322     COVAR   16365      -2.9291   -0.0080347       2.6864      0.86221
Cluster323     COVAR   16365       5.8481     0.011146       3.7957     0.061707
Cluster324     COVAR   16365       4.9984    0.0095652        3.912      0.10069
Cluster325     COVAR   16365       6.9941     0.012972       3.9858     0.039661
Cluster326     COVAR   16365       3.1282    0.0059812       3.9003      0.21127
Cluster327     COVAR   16365       8.0934     0.013757       4.3529     0.031503
Cluster328     COVAR   16365       11.602      0.01978       4.2713    0.0033053
Cluster329     COVAR   16365       11.845     0.018103       4.8203    0.0070032
Cluster33      COVAR   16365       1.4895    0.0038211       2.9357      0.30595
Cluster330     COVAR   16365       5.6289     0.010407       3.9398     0.076552
Cluster331     COVAR   16365       6.5566     0.011484       3.8507     0.044326
Cluster332     COVAR   16365       9.2721     0.014945       4.4885     0.019436
Cluster333     COVAR   16365       2.3667     0.004937       3.4502      0.24638
Cluster334     COVAR   16365      0.40534    0.0013124        2.206      0.42711
Cluster335     COVAR   16365      -1.8424   -0.0050962       2.6052      0.76028
Cluster336     COVAR   16365      -2.6778   -0.0069941       2.8335      0.82767
Cluster337     COVAR   16365      0.44014    0.0011399       2.7269      0.43589
Cluster338     COVAR   16365      0.78865    0.0020622       2.9299       0.3939
Cluster339     COVAR   16365     0.039632   6.8374e-05         4.01      0.49606
Cluster34      COVAR   16365       3.4569    0.0084796       3.0398      0.12773
Cluster340     COVAR   16365       1.8562      0.00444       2.8777      0.25946
Cluster341     COVAR   16365       1.8672    0.0040401       3.2365        0.282
Cluster342     COVAR   16365      -2.4545   -0.0067666       2.5583      0.83132
Cluster343     COVAR   16365       0.1935   0.00056387       2.6635      0.47104
Cluster344     COVAR   16365      0.92722    0.0019105       3.7241      0.40169
Cluster345     COVAR   16365      -1.5337   -0.0042849       2.7155      0.71389
Cluster346     COVAR   16365       3.4391    0.0098959       2.6344     0.095881
Cluster347     COVAR   16365       6.1324     0.012206         3.88     0.057004
Cluster348     COVAR   16365       2.0719    0.0056334       3.0635      0.24943
Cluster349     COVAR   16365       2.0075     0.004069       3.9083      0.30375
Cluster35      COVAR   16365       3.7308    0.0092187       3.0103      0.10762
Cluster350     COVAR   16365       3.8074    0.0063996       4.4986      0.19869
Cluster351     COVAR   16365       3.6551    0.0065496        4.077        0.185
Cluster352     COVAR   16365       10.222     0.016988       4.3417     0.009281
Cluster353     COVAR   16365       9.0854     0.015764       4.0024     0.011611
Cluster354     COVAR   16365       2.9102    0.0039226       5.2857      0.29096
Cluster355     COVAR   16365       3.4363    0.0041592       5.9777       0.2827
Cluster356     COVAR   16365      -3.0661   -0.0039987       5.5339      0.71023
Cluster357     COVAR   16365       1.5486    0.0025897        4.265      0.35827
Cluster358     COVAR   16365       5.6164    0.0076525       5.2595       0.1428
Cluster359     COVAR   16365       6.4624      0.01058        4.235     0.063523
Cluster36      COVAR   16365       1.5058    0.0038442       2.8477      0.29848
Cluster360     COVAR   16365       1.6627    0.0027671       4.5868       0.3585
Cluster361     COVAR   16365       1.6609    0.0029073       4.1791      0.34553
Cluster362     COVAR   16365      -6.8164    -0.010534       4.8256      0.92109
Cluster363     COVAR   16365       5.9826     0.012393       3.5018     0.043791
Cluster364     COVAR   16365      -5.3382     -0.00891       4.2761      0.89404
Cluster365     COVAR   16365      -8.3285    -0.011426       5.3891      0.93887
Cluster366     COVAR   16365       1.3513    0.0023318       4.1377      0.37199
Cluster367     COVAR   16365         5.01    0.0062306       5.8501      0.19589
Cluster368     COVAR   16365      0.87783    0.0017726        3.488      0.40065
Cluster369     COVAR   16365        6.781    0.0093413        5.204      0.09629
Cluster37      COVAR   16365      0.56398    0.0017885       2.3777      0.40625
Cluster370     COVAR   16365       3.7042    0.0051505       5.2039       0.2383
Cluster371     COVAR   16365       1.3453    0.0026133       3.7706      0.36063
Cluster372     COVAR   16365       1.3491    0.0021917       4.2838      0.37641
Cluster373     COVAR   16365       5.8407     0.009583       4.3414     0.089267
Cluster374     COVAR   16365      0.73331    0.0012536       4.2024      0.43074
Cluster375     COVAR   16365       3.5767    0.0065215       3.8342      0.17546
Cluster376     COVAR   16365        2.926     0.004411       4.7988      0.27102
Cluster377     COVAR   16365       11.703     0.019157       4.4268    0.0041063
Cluster378     COVAR   16365       7.6293     0.012895       4.2193     0.035299
Cluster379     COVAR   16365       0.3746   0.00069999       3.7865       0.4606
Cluster38      COVAR   16365     -0.87501   -0.0029654       2.1112      0.66073
Cluster380     COVAR   16365      -2.7334   -0.0047047       4.2929      0.73784
Cluster381     COVAR   16365      -2.3593   -0.0043062       3.9396      0.72537
Cluster382     COVAR   16365       3.9276    0.0069106       4.0195      0.16426
Cluster383     COVAR   16365      -0.6497   -0.0011951       3.7539       0.5687
Cluster384     COVAR   16365       1.3186    0.0019527       4.9558       0.3951
Cluster385     COVAR   16365      0.17461   0.00023757       5.3352      0.48695
Cluster386     COVAR   16365       8.9576     0.016509       3.9121     0.011028
Cluster387     COVAR   16365       0.5817    0.0010942        3.767      0.43864
Cluster388     COVAR   16365      0.26487   0.00051525       3.6192      0.47083
Cluster389     COVAR   16365       6.5754    0.0097979        4.827     0.086579
Cluster39      COVAR   16365      -1.9443   -0.0088597       1.5417      0.89635
Cluster390     COVAR   16365       7.0262    0.0094951        5.215     0.088953
Cluster391     COVAR   16365       4.7721    0.0084121       3.9808      0.11532
Cluster392     COVAR   16365       7.9639     0.011742       4.8499     0.050297
Cluster393     COVAR   16365       4.9672    0.0067549       5.4024      0.17894
Cluster394     COVAR   16365       3.1511    0.0056536       3.7984      0.20339
Cluster395     COVAR   16365      -0.3455  -0.00084517       3.0383      0.54527
Cluster396     COVAR   16365       4.9644    0.0086214       4.2245      0.11998
Cluster397     COVAR   16365      -3.1495   -0.0069667       3.2398       0.8345
Cluster398     COVAR   16365      -2.6733   -0.0063497       3.1227      0.80401
Cluster399     COVAR   16365       2.0792    0.0067575       2.4112      0.19427
Cluster4       COVAR   16365      0.13122     0.001152      0.80971      0.43563
Cluster40      COVAR   16365     -0.24772  -0.00076276        2.352      0.54194
Cluster400     COVAR   16365       1.5927    0.0048747       2.5535      0.26641
Cluster401     COVAR   16365        1.268    0.0028773       3.1698      0.34457
Cluster402     COVAR   16365       4.1727    0.0082946       3.5414      0.11935
Cluster403     COVAR   16365       6.5471     0.011887        3.985     0.050212
Cluster404     COVAR   16365       8.7659     0.010186       6.1383     0.076649
Cluster405     COVAR   16365       12.478     0.015407       5.8314     0.016195
Cluster406     COVAR   16365       2.9639    0.0051794       4.2959      0.24512
Cluster407     COVAR   16365       5.2873    0.0068804       5.6377      0.17417
Cluster408     COVAR   16365     -0.26069  -0.00077185       2.3493      0.54418
Cluster409     COVAR   16365     -0.84422   -0.0023464       2.5095      0.63172
Cluster41      COVAR   16365      0.63102    0.0015674       2.8933      0.41368
Cluster410     COVAR   16365       2.1774    0.0050057       3.2166      0.24923
Cluster411     COVAR   16365       4.2925      0.01005       3.1272     0.084944
Cluster412     COVAR   16365      -3.0193    -0.007786       2.9638      0.84582
Cluster413     COVAR   16365      -1.9535   -0.0044452        3.243      0.72653
Cluster414     COVAR   16365      0.10119   0.00024302       3.1341      0.48712
Cluster415     COVAR   16365       1.5952    0.0026488       4.1796      0.35136
Cluster416     COVAR   16365       4.2176    0.0076777       4.1017      0.15193
Cluster417     COVAR   16365       6.1407    0.0097789       4.3864     0.080776
Cluster418     COVAR   16365      0.06153     0.000126       3.5405      0.49307
Cluster419     COVAR   16365       4.5605    0.0059916       5.1605      0.18843
Cluster42      COVAR   16365       2.3739    0.0058648         2.94      0.20971
Cluster420     COVAR   16365       7.6784     0.012133       4.3456     0.038631
Cluster421     COVAR   16365       5.1219    0.0081277       4.5658      0.13098
Cluster422     COVAR   16365       12.176     0.015587       5.6103     0.015004
Cluster423     COVAR   16365       17.758     0.019766       6.6131    0.0036274
Cluster424     COVAR   16365        15.28     0.017734         6.18    0.0067149
Cluster425     COVAR   16365       8.6296     0.010723       5.6972     0.064936
Cluster426     COVAR   16365       21.421     0.023769       6.3982   0.00040821
Cluster427     COVAR   16365       2.8962    0.0038104       5.5784      0.30182
Cluster428     COVAR   16365       15.641     0.020133       5.6899    0.0029942
Cluster429     COVAR   16365       7.9992     0.011974       4.9263     0.052221
Cluster43      COVAR   16365       1.4774    0.0044286       2.3465      0.26449
Cluster430     COVAR   16365     -0.76005    -0.001217       4.6366       0.5651
Cluster431     COVAR   16365      -5.7112    -0.015641       2.7159      0.98225
Cluster432     COVAR   16365     -0.17197  -0.00061266       2.1026      0.53259
Cluster433     COVAR   16365       4.7501    0.0095641        3.529     0.089161
Cluster434     COVAR   16365       3.2215    0.0055846       4.3063      0.22721
Cluster435     COVAR   16365       1.2842    0.0028829       3.2001      0.34411
Cluster436     COVAR   16365        7.302     0.012256       4.4164     0.049136
Cluster437     COVAR   16365        4.502     0.007714       4.3223      0.14882
Cluster438     COVAR   16365       5.8507    0.0098147       4.4754     0.095567
Cluster439     COVAR   16365       2.0282    0.0036892       4.1296      0.31167
Cluster44      COVAR   16365      0.87737    0.0030484       2.0374      0.33337
Cluster440     COVAR   16365       5.0686    0.0078582       4.8883       0.1499
Cluster441     COVAR   16365       4.1049     0.006468       4.7486      0.19368
Cluster442     COVAR   16365     -0.46834  -0.00079106       4.5032      0.54142
Cluster443     COVAR   16365     -0.78349   -0.0014498       3.9773      0.57808
Cluster444     COVAR   16365       3.7474    0.0073431       3.6597      0.15293
Cluster445     COVAR   16365       4.9359     0.013665       2.5044     0.024378
Cluster446     COVAR   16365       4.1435     0.008597       3.3592      0.10871
Cluster447     COVAR   16365       5.3737     0.010546       3.5754     0.066434
Cluster448     COVAR   16365       3.8865     0.010959       2.5775     0.065805
Cluster449     COVAR   16365       9.5751       0.0185       3.7633    0.0054799
Cluster45      COVAR   16365     -0.41901   -0.0015723       1.8936      0.58756
Cluster450     COVAR   16365       5.6506      0.01205       3.4069     0.048614
Cluster451     COVAR   16365       5.6697     0.011626       3.6069     0.057999
Cluster452     COVAR   16365       3.6776    0.0082392        3.172      0.12316
Cluster453     COVAR   16365       2.2676    0.0049129       3.4093      0.25299
Cluster454     COVAR   16365       5.4932    0.0095114       4.2316     0.097131
Cluster455     COVAR   16365       1.2921    0.0025645       3.5351      0.35737
Cluster456     COVAR   16365       5.0993     0.007569       4.7993      0.14401
Cluster457     COVAR   16365       10.521     0.021684       3.4069    0.0010087
Cluster458     COVAR   16365       5.3115     0.010916       3.3994       0.0591
Cluster459     COVAR   16365       1.5852    0.0028682       4.0824       0.3489
Cluster46      COVAR   16365       0.9125    0.0030879          2.1      0.33196
Cluster460     COVAR   16365     -0.22891   -0.0014227       1.3977      0.56504
Cluster47      COVAR   16365     -0.57034   -0.0018577       2.1893      0.60277
Cluster48      COVAR   16365     -0.52317   -0.0021198       1.7792      0.61564
Cluster49      COVAR   16365       1.5974    0.0059669       1.8958      0.19973
Cluster5       COVAR   16365     -0.75036   -0.0058692       0.9137      0.79424
Cluster50      COVAR   16365      0.23645    0.0011555        1.458      0.43559
Cluster51      COVAR   16365      -1.0772   -0.0048565       1.6558      0.74233
Cluster52      COVAR   16365      0.91415    0.0031271       2.0926      0.33111
Cluster53      COVAR   16365       1.6939    0.0059247       2.0395      0.20313
Cluster54      COVAR   16365      0.56695    0.0017181       2.4065      0.40688
Cluster55      COVAR   16365       1.4426    0.0047995       2.1652      0.25263
Cluster56      COVAR   16365       2.9938    0.0079523       2.6982      0.13361
Cluster57      COVAR   16365       1.7868    0.0054905       2.3958      0.22791
Cluster58      COVAR   16365       2.6892    0.0096928       2.0775     0.097772
Cluster59      COVAR   16365     -0.42425   -0.0017515       1.7653      0.59496
Cluster6       COVAR   16365      0.27248    0.0018951       1.0143       0.3941
Cluster60      COVAR   16365      0.26792   0.00098107       2.0035      0.44681
Cluster61      COVAR   16365       1.8066    0.0073239        1.851      0.16454
Cluster62      COVAR   16365      0.49223    0.0018903       1.9445      0.40008
Cluster63      COVAR   16365      0.68774    0.0028766       1.7974        0.351
Cluster64      COVAR   16365      0.52199    0.0025779       1.4652      0.36082
Cluster65      COVAR   16365      -3.4524    -0.014096       1.7628       0.9749
Cluster66      COVAR   16365      -1.2065   -0.0081636       1.0618      0.87206
Cluster67      COVAR   16365      -1.7223     -0.01003       1.2559      0.91486
Cluster68      COVAR   16365      -1.2054   -0.0090337      0.96129      0.89505
Cluster69      COVAR   16365      -1.9458    -0.011903       1.1729      0.95142
Cluster7       COVAR   16365      -0.6771    -0.004883       0.9853      0.75402
Cluster70      COVAR   16365      -1.7908   -0.0090352       1.4261      0.89538
Cluster71      COVAR   16365     -0.83187   -0.0041787       1.4218      0.72075
Cluster72      COVAR   16365       -1.934     -0.00912       1.5346       0.8962
Cluster73      COVAR   16365      -1.9236    -0.009456       1.4509      0.90754
Cluster74      COVAR   16365      -1.6872   -0.0080485       1.4903       0.8712
Cluster75      COVAR   16365      -0.9214   -0.0033493       1.9213      0.68423
Cluster76      COVAR   16365      -1.6701   -0.0070696       1.6914      0.83828
Cluster77      COVAR   16365     -0.22677   -0.0010209       1.6175      0.55575
Cluster78      COVAR   16365      0.45052    0.0019851       1.6441      0.39204
Cluster79      COVAR   16365      0.54918    0.0024199       1.6504      0.36966
Cluster8       COVAR   16365       -0.109  -0.00070674       1.0905      0.53981
Cluster80      COVAR   16365      0.56225    0.0024586       1.6633      0.36767
Cluster81      COVAR   16365      0.27334     0.001176       1.6959      0.43598
Cluster82      COVAR   16365       0.6749    0.0035451       1.3426      0.30759
Cluster83      COVAR   16365       7.3267     0.014631        3.552      0.01958
Cluster84      COVAR   16365       2.5533    0.0042432       4.3721      0.27961
Cluster85      COVAR   16365       9.2436     0.015416       4.2433     0.014697
Cluster86      COVAR   16365       12.396     0.020595       4.3407    0.0021492
Cluster87      COVAR   16365       5.5443     0.010429       3.7974     0.072155
Cluster88      COVAR   16365       7.1943     0.011616       4.4428       0.0527
Cluster89      COVAR   16365       9.0638     0.015326       4.2823     0.017158
Cluster9       COVAR   16365     -0.55206   -0.0039339      0.98623      0.71218
Cluster90      COVAR   16365       7.7358     0.013158       4.2406     0.034069
Cluster91      COVAR   16365       5.2792    0.0094804       4.0031     0.093631
Cluster92      COVAR   16365        7.019      0.01117       4.6249     0.064563
Cluster93      COVAR   16365       8.2678     0.012644       4.7142     0.039745
Cluster94      COVAR   16365       7.8283     0.012345       4.6326     0.045543
Cluster95      COVAR   16365       4.0776    0.0078202        3.676      0.13367
Cluster96      COVAR   16365       2.4828    0.0054263       3.2266      0.22081
Cluster97      COVAR   16365        3.215    0.0072364       3.0076      0.14255
Cluster98      COVAR   16365       6.6991     0.011629       4.0841     0.050484
Cluster99      COVAR   16365       5.4201    0.0099225       3.8848      0.08149
