# MEAN_SAMPLE_SIZE = 26052
# TOTAL_GENES = 16076
# TEST_DIRECTION = one-sided, positive (set), one-sided, positive (covar)
# CONDITIONED_INTERNAL = gene size, gene density, inverse mac, log(gene size), log(gene density), log(inverse mac)
VARIABLE        TYPE  NGENES         BETA     BETA_STD           SE            P
Cluster0       COVAR   16076     -0.28976   -0.0036568      0.54488      0.70256
Cluster1       COVAR   16076     0.076247    0.0010136      0.51626      0.44129
Cluster10      COVAR   16076     -0.52403   -0.0034795       1.0758      0.68691
Cluster100     COVAR   16076      -4.4513   -0.0092655        3.582        0.893
Cluster101     COVAR   16076      -3.6913   -0.0086922       3.3176      0.86706
Cluster102     COVAR   16076      -7.5622    -0.013127       4.2628      0.96196
Cluster103     COVAR   16076       -1.202   -0.0025901       3.3809       0.6389
Cluster104     COVAR   16076      -3.9253   -0.0085753        3.425      0.87411
Cluster105     COVAR   16076      -3.9398   -0.0070396       4.1921      0.82634
Cluster106     COVAR   16076       -7.763    -0.012345       4.7297      0.94962
Cluster107     COVAR   16076     -0.67093   -0.0013574       3.6496      0.57293
Cluster108     COVAR   16076      -8.0303    -0.010423       5.7814      0.91757
Cluster109     COVAR   16076      -8.3201    -0.011234       5.5951      0.93148
Cluster11      COVAR   16076    -0.066238  -0.00043348       1.0851      0.52434
Cluster110     COVAR   16076      -4.7911   -0.0084394       4.1002      0.87869
Cluster111     COVAR   16076      -3.9467   -0.0073779       3.7861      0.85138
Cluster112     COVAR   16076      -5.5986   -0.0084598       4.9987      0.86864
Cluster113     COVAR   16076      -2.8701   -0.0072727       3.0095      0.82987
Cluster114     COVAR   16076      -1.9203   -0.0040672       3.5736      0.70448
Cluster115     COVAR   16076      -3.7509   -0.0083494       3.3119      0.87129
Cluster116     COVAR   16076      -5.8371    -0.010852       4.0684      0.92431
Cluster117     COVAR   16076      -6.2992    -0.012852       3.6585      0.95743
Cluster118     COVAR   16076      -1.9558   -0.0038642       3.6436      0.70429
Cluster119     COVAR   16076      -3.5878   -0.0085367       3.2214       0.8673
Cluster12      COVAR   16076     -0.49148   -0.0042409      0.84052      0.72063
Cluster120     COVAR   16076      -6.5079   -0.0090504       5.3031      0.89011
Cluster121     COVAR   16076      -3.7255   -0.0059339       4.6689      0.78754
Cluster122     COVAR   16076      -8.6732    -0.011757       5.6484      0.93766
Cluster123     COVAR   16076      -6.9694   -0.0092468       5.7749      0.88624
Cluster124     COVAR   16076     -0.83195   -0.0013399       4.6656      0.57076
Cluster125     COVAR   16076      -2.8788   -0.0039952       5.4381      0.70172
Cluster126     COVAR   16076      -3.2024   -0.0070867       3.4666      0.82219
Cluster127     COVAR   16076     -0.71332   -0.0014417       3.6644      0.57717
Cluster128     COVAR   16076      -3.0116   -0.0042183       5.4895      0.70836
Cluster129     COVAR   16076      -2.7781   -0.0039073       5.4052      0.69636
Cluster13      COVAR   16076     -0.83898   -0.0070243      0.81421      0.84859
Cluster130     COVAR   16076       -3.251   -0.0043158       5.6618      0.71708
Cluster131     COVAR   16076     -0.16553  -0.00023125       5.4324      0.51215
Cluster132     COVAR   16076      -3.9059   -0.0062243       4.6814      0.79795
Cluster133     COVAR   16076      -3.4275   -0.0044069       5.8861      0.71981
Cluster134     COVAR   16076      -5.7993   -0.0091379       4.8867      0.88232
Cluster135     COVAR   16076      -1.9516   -0.0038786       3.8355      0.69456
Cluster136     COVAR   16076     -0.54852  -0.00099347       4.0036      0.55449
Cluster137     COVAR   16076      -7.5027    -0.012001       4.7223      0.94393
Cluster138     COVAR   16076      -6.1876    -0.010525       4.3591      0.92211
Cluster139     COVAR   16076      -11.865    -0.018108       4.9344       0.9919
Cluster14      COVAR   16076     0.073727   0.00053805      0.99488      0.47046
Cluster140     COVAR   16076      -3.4826    -0.004818       5.4754      0.73762
Cluster141     COVAR   16076      -8.3006    -0.011959         5.28      0.94202
Cluster142     COVAR   16076      -8.7275    -0.017639       3.9395      0.98663
Cluster143     COVAR   16076      -13.948    -0.021907        4.848      0.99799
Cluster144     COVAR   16076      -5.9772   -0.0087394        5.244      0.87281
Cluster145     COVAR   16076      -10.139    -0.017085       4.4216      0.98907
Cluster146     COVAR   16076      -6.4738   -0.0088932       5.5115      0.87991
Cluster147     COVAR   16076      -11.404    -0.014569       5.8592      0.97418
Cluster148     COVAR   16076      -11.029    -0.015021       5.5434      0.97667
Cluster149     COVAR   16076       -5.169   -0.0070026       5.4871       0.8269
Cluster15      COVAR   16076      0.18406    0.0014235      0.95974      0.42396
Cluster150     COVAR   16076        1.653    0.0033878       3.5571      0.32108
Cluster151     COVAR   16076       3.1595    0.0061057       3.8078      0.20335
Cluster152     COVAR   16076      -0.7348   -0.0017643       3.0162      0.59623
Cluster153     COVAR   16076      -4.9323    -0.008999       3.9311      0.89519
Cluster154     COVAR   16076      -3.9928   -0.0070308       4.0949      0.83522
Cluster155     COVAR   16076      -6.0187   -0.0080737       5.6225      0.85779
Cluster156     COVAR   16076      -6.9925    -0.010714       4.7933      0.92768
Cluster157     COVAR   16076      -6.6608    -0.012614       4.2459      0.94164
Cluster158     COVAR   16076      -7.6984    -0.011027        5.212      0.93016
Cluster159     COVAR   16076      -2.1882   -0.0033365       4.8793      0.67309
Cluster16      COVAR   16076      0.44921    0.0028464       1.1471      0.34768
Cluster160     COVAR   16076      -7.0714    -0.014968       3.1163      0.98836
Cluster161     COVAR   16076      -2.2094    -0.004552       3.4247      0.74057
Cluster162     COVAR   16076      -10.827    -0.017282       4.6616      0.98989
Cluster163     COVAR   16076      -3.7728   -0.0071437        3.928      0.83158
Cluster164     COVAR   16076     -0.25049  -0.00047984       3.8183      0.52615
Cluster165     COVAR   16076    -0.025146  -4.8245e-05        3.847      0.50261
Cluster166     COVAR   16076     0.068769   0.00013168       3.8751      0.49292
Cluster167     COVAR   16076      -3.6191   -0.0059282       4.6473      0.78193
Cluster168     COVAR   16076      -1.9335   -0.0036938       4.1419      0.67968
Cluster169     COVAR   16076      -1.9657   -0.0035031       4.1107      0.68374
Cluster17      COVAR   16076      0.29779    0.0026462      0.80823      0.35627
Cluster170     COVAR   16076       2.0189    0.0031063       4.8777      0.33947
Cluster171     COVAR   16076       3.3001    0.0070899       3.4908      0.17224
Cluster172     COVAR   16076      -1.5184   -0.0025503       4.5518      0.63065
Cluster173     COVAR   16076      -1.1427   -0.0023867       3.5197      0.62728
Cluster174     COVAR   16076       -6.563    -0.011312       4.3735      0.93326
Cluster175     COVAR   16076     -0.25685  -0.00042354       4.6794      0.52189
Cluster176     COVAR   16076      -6.5247    -0.013361       3.5929       0.9653
Cluster177     COVAR   16076      -1.9131   -0.0026931       5.3965      0.63852
Cluster178     COVAR   16076        3.064     0.004959       4.4745      0.24675
Cluster179     COVAR   16076      -2.2936   -0.0036143       4.6469      0.68919
Cluster18      COVAR   16076      0.49366    0.0045153       0.8013      0.26893
Cluster180     COVAR   16076     -0.53765   -0.0012341       3.2403      0.56589
Cluster181     COVAR   16076      -2.3349    -0.004415       3.9162      0.72448
Cluster182     COVAR   16076      -4.6373    -0.010214       3.3455      0.91713
Cluster183     COVAR   16076      -5.7903     -0.01049       4.1109       0.9205
Cluster184     COVAR   16076      -8.4979    -0.021385        2.796      0.99881
Cluster185     COVAR   16076      -9.8838      -0.0173       4.1641      0.99118
Cluster186     COVAR   16076      -4.8934     -0.00989       3.6263      0.91139
Cluster187     COVAR   16076      -6.3595    -0.010156       4.6526      0.91415
Cluster188     COVAR   16076     -0.96087   -0.0015599       4.5345      0.58391
Cluster189     COVAR   16076      0.85022    0.0018481       3.3395      0.39952
Cluster19      COVAR   16076       1.0566    0.0073902       1.0154      0.14905
Cluster190     COVAR   16076      -1.6771   -0.0042588       2.8035      0.72516
Cluster191     COVAR   16076       1.5562    0.0031669       3.5512      0.33062
Cluster192     COVAR   16076      0.64552    0.0016216       2.8583      0.41066
Cluster193     COVAR   16076      -5.2278   -0.0095231       3.9235      0.90863
Cluster194     COVAR   16076       -5.972    -0.012806       3.3295      0.96355
Cluster195     COVAR   16076      -5.0984    -0.010236       3.3617      0.93531
Cluster196     COVAR   16076      -2.1371   -0.0038637       3.9621      0.70518
Cluster197     COVAR   16076      -6.2754    -0.011395       4.0551      0.93912
Cluster198     COVAR   16076      -4.2952   -0.0079697       3.9711      0.86028
Cluster199     COVAR   16076     -0.66252   -0.0017117       2.7639      0.59472
Cluster2       COVAR   16076      0.11997    0.0018798      0.45836      0.39676
Cluster20      COVAR   16076      0.78904    0.0050992        1.107      0.23799
Cluster200     COVAR   16076     -0.49115   -0.0010166       3.4965      0.55585
Cluster201     COVAR   16076      -1.5251   -0.0023555        4.872      0.62287
Cluster202     COVAR   16076     -0.19431  -0.00032291       4.5039      0.51721
Cluster203     COVAR   16076      -2.8178   -0.0046827       4.4948      0.73463
Cluster204     COVAR   16076      -3.0974    -0.006057       3.7822      0.79358
Cluster205     COVAR   16076      -2.0229   -0.0034653       4.4756      0.67435
Cluster206     COVAR   16076        1.557    0.0031417       3.6627      0.33538
Cluster207     COVAR   16076       2.7371    0.0048891       4.2415      0.25937
Cluster208     COVAR   16076        2.232    0.0039105       4.3108      0.30231
Cluster209     COVAR   16076       2.9419     0.007165       3.0285      0.16568
Cluster21      COVAR   16076      0.44205    0.0026714       1.1786      0.35381
Cluster210     COVAR   16076       1.9836    0.0040676       3.6325      0.29251
Cluster211     COVAR   16076       1.3102     0.003141       3.0353        0.333
Cluster212     COVAR   16076       3.7672    0.0069544       4.0488      0.17608
Cluster213     COVAR   16076       2.2231    0.0037415       4.4872      0.31016
Cluster214     COVAR   16076       2.2578    0.0036168       4.7268      0.31645
Cluster215     COVAR   16076      0.96729     0.002094       3.4237      0.38877
Cluster216     COVAR   16076       2.6891    0.0040021       5.1039      0.29915
Cluster217     COVAR   16076      -3.0935   -0.0037229       6.3774      0.68618
Cluster218     COVAR   16076       1.4047    0.0022009        4.716       0.3829
Cluster219     COVAR   16076       8.0417     0.010797        5.593     0.075257
Cluster22      COVAR   16076      0.69639    0.0038307       1.3055      0.29687
Cluster220     COVAR   16076       1.5198     0.002332       4.9445      0.37928
Cluster221     COVAR   16076       3.4993    0.0064813       4.1026      0.19685
Cluster222     COVAR   16076       2.9065     0.005304       4.1002      0.23921
Cluster223     COVAR   16076       4.7904     0.008554       4.0293      0.11725
Cluster224     COVAR   16076       7.0653     0.010048       5.2518     0.089272
Cluster225     COVAR   16076       5.8367     0.009173       4.7286      0.10855
Cluster226     COVAR   16076       7.9311     0.010995       5.4303     0.072083
Cluster227     COVAR   16076       3.8836    0.0057189       5.0678      0.22175
Cluster228     COVAR   16076      0.84683    0.0010816       5.9279       0.4432
Cluster229     COVAR   16076       3.1873    0.0044009       5.3384      0.27524
Cluster23      COVAR   16076     0.098952   0.00051823        1.394      0.47171
Cluster230     COVAR   16076       5.2736    0.0070321       5.7055      0.17767
Cluster231     COVAR   16076      0.28342   0.00037976       5.6093      0.47985
Cluster232     COVAR   16076       4.2854     0.005862       5.5137      0.21852
Cluster233     COVAR   16076       5.3639    0.0072005       5.7926      0.17723
Cluster234     COVAR   16076       9.1216     0.011373       6.0917     0.067159
Cluster235     COVAR   16076      -0.5801   -0.0014295       2.8317      0.58116
Cluster236     COVAR   16076        3.286    0.0049332        5.052      0.25771
Cluster237     COVAR   16076      -1.8321   -0.0023226       5.9804      0.62033
Cluster238     COVAR   16076       0.6365    0.0009071       5.2755      0.45198
Cluster239     COVAR   16076      -1.2184   -0.0016286        5.667      0.58512
Cluster24      COVAR   16076     -0.20873   -0.0012889       1.1809      0.57015
Cluster240     COVAR   16076       4.2959    0.0057175       5.6138      0.22207
Cluster241     COVAR   16076     0.050728   7.5246e-05       5.1406      0.49606
Cluster242     COVAR   16076      -4.3578   -0.0056171       5.9101      0.76954
Cluster243     COVAR   16076      -7.9525     -0.01136       5.3836      0.93017
Cluster244     COVAR   16076      -4.9211   -0.0073657       4.9539      0.83973
Cluster245     COVAR   16076      -9.8134    -0.014183       5.2569      0.96902
Cluster246     COVAR   16076      -1.3098   -0.0023384         4.31      0.61939
Cluster247     COVAR   16076      -3.3264   -0.0051999       4.7226      0.75939
Cluster248     COVAR   16076       0.9827    0.0014593       5.1367      0.42414
Cluster249     COVAR   16076      -2.1238   -0.0028076       5.7893      0.64313
Cluster25      COVAR   16076      0.17549   0.00086195        1.488      0.45306
Cluster250     COVAR   16076      -2.6292   -0.0044745       4.6246      0.71516
Cluster251     COVAR   16076      -1.9832   -0.0031246       4.9012      0.65713
Cluster252     COVAR   16076     -0.65217  -0.00096598       5.2806      0.54914
Cluster253     COVAR   16076      -2.4232   -0.0036726       5.0361       0.6848
Cluster254     COVAR   16076      -1.1848   -0.0022497       3.9259      0.61859
Cluster255     COVAR   16076     -0.64784   -0.0010168       4.7648      0.55407
Cluster256     COVAR   16076       1.6879    0.0025585       4.9798      0.36732
Cluster257     COVAR   16076      0.95119    0.0012779       5.6935      0.43366
Cluster258     COVAR   16076       4.7037    0.0070011        5.003      0.17357
Cluster259     COVAR   16076       2.4257    0.0032028       5.8245      0.33854
Cluster26      COVAR   16076      0.39401     0.002036       1.4011      0.38927
Cluster260     COVAR   16076       2.3992    0.0033682       5.3774      0.32774
Cluster261     COVAR   16076       6.3122     0.009175       5.2396      0.11417
Cluster262     COVAR   16076       4.6913    0.0062729        5.754      0.20746
Cluster263     COVAR   16076       4.7504    0.0068219       5.2822      0.18425
Cluster264     COVAR   16076       2.0077    0.0029539       5.1481      0.34828
Cluster265     COVAR   16076     -0.14202  -0.00021947         4.89      0.51158
Cluster266     COVAR   16076      -1.5419   -0.0022451        5.157      0.61753
Cluster267     COVAR   16076      -1.2945   -0.0018732        5.244      0.59749
Cluster268     COVAR   16076      -3.5564   -0.0053295        5.174      0.75407
Cluster269     COVAR   16076      -2.1878   -0.0028992       5.7698      0.64772
Cluster27      COVAR   16076      0.40721    0.0018679       1.5767       0.3981
Cluster270     COVAR   16076       1.0672      0.00162       5.0933      0.41702
Cluster271     COVAR   16076      0.63568   0.00091656       5.3083      0.45234
Cluster272     COVAR   16076      -5.8167    -0.010568       4.2883       0.9125
Cluster273     COVAR   16076       1.3707    0.0018418       5.7127      0.40519
Cluster274     COVAR   16076       1.6831    0.0024646       5.2525      0.37432
Cluster275     COVAR   16076      -3.2169    -0.004936       5.0238      0.73901
Cluster276     COVAR   16076     -0.85272   -0.0013517       4.3827      0.57713
Cluster277     COVAR   16076      -2.5198   -0.0040305       4.5213      0.71134
Cluster278     COVAR   16076      0.35348   0.00051617       5.1443      0.47261
Cluster279     COVAR   16076     -0.12375  -0.00019785       4.6009      0.51073
Cluster28      COVAR   16076     -0.49082   -0.0029332       1.2245      0.65572
Cluster280     COVAR   16076     -0.88389   -0.0013938       4.7073      0.57447
Cluster281     COVAR   16076      -2.0777    -0.003877       3.9061       0.7026
Cluster282     COVAR   16076     -0.58854   -0.0011507       3.8399      0.56091
Cluster283     COVAR   16076        4.213    0.0057724       5.4596      0.22016
Cluster284     COVAR   16076       3.8399    0.0056094       5.1416      0.22759
Cluster285     COVAR   16076       2.3938    0.0034498       5.0889      0.31904
Cluster286     COVAR   16076       7.7197     0.011038       5.3435     0.074282
Cluster287     COVAR   16076       3.8893    0.0064266       4.4892      0.19315
Cluster288     COVAR   16076        8.185     0.011598       5.3738     0.063874
Cluster289     COVAR   16076       2.9988    0.0052207       4.3015      0.24285
Cluster29      COVAR   16076      0.85213    0.0063209      0.93904      0.18209
Cluster290     COVAR   16076       5.8584    0.0091321        4.814      0.11182
Cluster291     COVAR   16076    -0.071422  -0.00010378       5.1253      0.50556
Cluster292     COVAR   16076     -0.98295    -0.001494       4.9408      0.57885
Cluster293     COVAR   16076        4.307    0.0084629       3.6511      0.11908
Cluster294     COVAR   16076       2.4026    0.0034247       5.3808      0.32762
Cluster295     COVAR   16076     -0.33245  -0.00060991       4.1003      0.53231
Cluster296     COVAR   16076       2.4677    0.0039319       4.6713      0.29866
Cluster297     COVAR   16076      0.08976   0.00079934      0.74681      0.45217
Cluster298     COVAR   16076       -1.128   -0.0023602       3.5281       0.6254
Cluster299     COVAR   16076       1.8744    0.0036925       3.7988      0.31086
Cluster3       COVAR   16076     -0.16387   -0.0024905       0.4806      0.63343
Cluster30      COVAR   16076        1.414    0.0066944       1.4824      0.17009
Cluster300     COVAR   16076       1.5666     0.003664       3.1093      0.30719
Cluster301     COVAR   16076      -6.9606    -0.015696        3.207        0.985
Cluster302     COVAR   16076      -1.6804   -0.0053247       2.2243      0.77501
Cluster303     COVAR   16076      -3.5276    -0.010897       2.3328      0.93475
Cluster304     COVAR   16076      -2.3098   -0.0056417       2.9325      0.78455
Cluster305     COVAR   16076     -0.21443  -0.00054181       2.8693      0.52979
Cluster306     COVAR   16076       -2.167   -0.0047155       3.2585      0.74698
Cluster307     COVAR   16076      -2.1221   -0.0043349       3.4498      0.73076
Cluster308     COVAR   16076      -2.5094   -0.0064365       2.8926      0.80716
Cluster309     COVAR   16076      -4.1808   -0.0084692       3.7685      0.86636
Cluster31      COVAR   16076      -0.1361  -0.00087363          1.1      0.54923
Cluster310     COVAR   16076       4.1062     0.010257       3.0972     0.092467
Cluster311     COVAR   16076       2.6573    0.0078931       2.5979       0.1532
Cluster312     COVAR   16076       2.4496    0.0079137        2.388      0.15251
Cluster313     COVAR   16076     -0.44732   -0.0016017       1.9866      0.58907
Cluster314     COVAR   16076      0.85221    0.0050563       1.1818      0.23544
Cluster315     COVAR   16076       2.0424    0.0038585       3.8658      0.29864
Cluster316     COVAR   16076     -0.86833   -0.0023469       2.7796      0.62263
Cluster317     COVAR   16076     -0.78043   -0.0019313        3.136      0.59827
Cluster318     COVAR   16076      -1.3305   -0.0029088       3.4088      0.65185
Cluster319     COVAR   16076     0.045962   9.7941e-05       3.5014      0.49476
Cluster32      COVAR   16076       7.4558      0.02144       2.6652    0.0025791
Cluster320     COVAR   16076      0.20919   0.00049677       3.1946       0.4739
Cluster321     COVAR   16076       1.0187    0.0020267       3.6867      0.39116
Cluster322     COVAR   16076      -3.4139   -0.0094421       2.6523      0.90097
Cluster323     COVAR   16076      -3.1727   -0.0060652        3.859      0.79449
Cluster324     COVAR   16076      -4.7305   -0.0091194          3.9      0.88742
Cluster325     COVAR   16076       -4.849   -0.0090564       4.0421      0.88485
Cluster326     COVAR   16076      -3.0915   -0.0059558       3.9356      0.78391
Cluster327     COVAR   16076      -2.0016   -0.0034242       4.3252      0.67823
Cluster328     COVAR   16076      -2.8411   -0.0048727       4.2774      0.74671
Cluster329     COVAR   16076      -3.2104   -0.0048882       4.9192        0.743
Cluster33      COVAR   16076        8.554     0.021763       2.9388    0.0018059
Cluster330     COVAR   16076      -4.1397   -0.0076942       3.8772      0.85717
Cluster331     COVAR   16076       3.0524    0.0053867        4.105      0.22857
Cluster332     COVAR   16076      -2.2549   -0.0036534       4.6079       0.6877
Cluster333     COVAR   16076     -0.46042  -0.00096946       3.6036      0.55083
Cluster334     COVAR   16076       -1.261   -0.0041253       2.3745      0.70231
Cluster335     COVAR   16076     -0.70693   -0.0019697       2.6577      0.60488
Cluster336     COVAR   16076      -1.0719   -0.0028206       2.8297      0.64758
Cluster337     COVAR   16076      -6.9684    -0.018109       2.7721      0.99402
Cluster338     COVAR   16076      -6.3586    -0.016678       2.9783      0.98361
Cluster339     COVAR   16076       -8.412    -0.014446       4.1832      0.97782
Cluster34      COVAR   16076       9.0835     0.022136       3.0053    0.0012558
Cluster340     COVAR   16076       3.3066    0.0079795       3.0213      0.13689
Cluster341     COVAR   16076       2.3687    0.0051655       3.1824      0.22835
Cluster342     COVAR   16076      -3.5498   -0.0098195       2.7524      0.90142
Cluster343     COVAR   16076      -1.2865   -0.0037307       2.6685      0.68513
Cluster344     COVAR   16076       5.3418     0.011119       3.9144     0.086193
Cluster345     COVAR   16076       3.6102     0.010154       2.7817     0.097185
Cluster346     COVAR   16076     -0.47242   -0.0013763       2.5737      0.57282
Cluster347     COVAR   16076       1.0737    0.0021522       3.8012       0.3888
Cluster348     COVAR   16076       1.9699    0.0054015       3.0379      0.25835
Cluster349     COVAR   16076       1.2225    0.0024903       3.8465      0.37531
Cluster35      COVAR   16076       8.8285     0.021569       3.0014    0.0016362
Cluster350     COVAR   16076       3.0378    0.0051221       4.4906      0.24938
Cluster351     COVAR   16076      0.38936   0.00069164       4.1236      0.46239
Cluster352     COVAR   16076      -2.8337   -0.0047301       4.4612      0.73734
Cluster353     COVAR   16076      -5.7331   -0.0099869       4.2249      0.91259
Cluster354     COVAR   16076      -8.2359    -0.011134       5.4778      0.93363
Cluster355     COVAR   16076       4.2273    0.0051273       6.1463       0.2458
Cluster356     COVAR   16076       2.9621    0.0038769       5.6924      0.30141
Cluster357     COVAR   16076      -1.4416   -0.0024267       4.4432       0.6272
Cluster358     COVAR   16076      -1.8525   -0.0025215       5.4795      0.63234
Cluster359     COVAR   16076      -5.3645   -0.0088381       4.4431      0.88634
Cluster36      COVAR   16076       6.4556      0.01634       2.8595     0.011992
Cluster360     COVAR   16076      -1.2387   -0.0020762       4.5202      0.60797
Cluster361     COVAR   16076      -2.2568   -0.0039757       4.1433      0.70701
Cluster362     COVAR   16076      -4.7346   -0.0073514        4.732      0.84147
Cluster363     COVAR   16076     -0.69924    -0.001463       3.3475      0.58273
Cluster364     COVAR   16076      -2.0572   -0.0034632       4.1815      0.68863
Cluster365     COVAR   16076      -1.8976   -0.0026088        5.352      0.63854
Cluster366     COVAR   16076       1.1261    0.0019603        4.258      0.39571
Cluster367     COVAR   16076      -1.9655   -0.0024548       5.9113      0.63024
Cluster368     COVAR   16076      -1.3252   -0.0026998       3.2097      0.66015
Cluster369     COVAR   16076      -3.0458   -0.0041566       5.4115      0.71322
Cluster37      COVAR   16076       1.8456    0.0058557       2.2076      0.20158
Cluster370     COVAR   16076      -7.0103   -0.0097734       5.4735      0.89985
Cluster371     COVAR   16076      -2.3989   -0.0046846       3.7479      0.73893
Cluster372     COVAR   16076      -1.4542    -0.002379       4.5345      0.62578
Cluster373     COVAR   16076       1.5186     0.002494       4.5278      0.36866
Cluster374     COVAR   16076       7.3006     0.012572       4.2905     0.044429
Cluster375     COVAR   16076      0.98006    0.0017942       3.9785      0.40271
Cluster376     COVAR   16076        4.957    0.0075155       4.8805       0.1549
Cluster377     COVAR   16076       5.4729    0.0090157       4.4148      0.10756
Cluster378     COVAR   16076       6.0234     0.010257       4.4256     0.086765
Cluster379     COVAR   16076      -1.6225   -0.0030438       3.7688      0.66658
Cluster38      COVAR   16076        2.039    0.0069128       2.0996      0.16574
Cluster380     COVAR   16076       2.5283     0.004355        4.305      0.27851
Cluster381     COVAR   16076      -3.8948   -0.0071612       3.9311      0.83909
Cluster382     COVAR   16076      -2.6739    -0.004742       4.2228       0.7367
Cluster383     COVAR   16076      -2.4608   -0.0045664       3.8403      0.73916
Cluster384     COVAR   16076        -4.87    -0.007248       5.0568      0.83223
Cluster385     COVAR   16076       3.1683    0.0043303       5.5227      0.28309
Cluster386     COVAR   16076      0.61096    0.0011334       3.9561      0.43863
Cluster387     COVAR   16076      -1.0864   -0.0020531       3.6119      0.61821
Cluster388     COVAR   16076     -0.38011  -0.00074217       3.7958      0.53988
Cluster389     COVAR   16076      -7.2477    -0.010803        5.052      0.92429
Cluster39      COVAR   16076       2.9829     0.013609       1.5198     0.024848
Cluster390     COVAR   16076      0.92613     0.001249       5.5021      0.43317
Cluster391     COVAR   16076      0.13249   0.00023277        4.133      0.48721
Cluster392     COVAR   16076      -7.0809    -0.010416        5.098      0.91757
Cluster393     COVAR   16076      -2.2291   -0.0030382       5.4938      0.65753
Cluster394     COVAR   16076      0.62616    0.0011295        4.065      0.43879
Cluster395     COVAR   16076       4.0095     0.009896        3.046     0.094048
Cluster396     COVAR   16076      -3.3909   -0.0059314       4.1402      0.79361
Cluster397     COVAR   16076      -2.9547   -0.0065906       3.3518      0.81098
Cluster398     COVAR   16076       2.3432    0.0056126       3.0564      0.22165
Cluster399     COVAR   16076     -0.75457   -0.0024764       2.2642      0.63053
Cluster4       COVAR   16076      0.62844    0.0055696       0.7985      0.21564
Cluster40      COVAR   16076       2.5189    0.0077589       2.3162      0.13842
Cluster400     COVAR   16076     -0.83969   -0.0025957       2.4652       0.6333
Cluster401     COVAR   16076       -1.747   -0.0039889       3.1402        0.711
Cluster402     COVAR   16076       3.1231    0.0061834        3.785      0.20465
Cluster403     COVAR   16076      -1.8757   -0.0034092       3.9492      0.68259
Cluster404     COVAR   16076      -7.0315     -0.00817        6.238      0.87016
Cluster405     COVAR   16076      -7.2097   -0.0089359       6.0699      0.88253
Cluster406     COVAR   16076      -8.5614    -0.015112       4.6913      0.96598
Cluster407     COVAR   16076      -3.3859   -0.0044334       5.6288      0.72625
Cluster408     COVAR   16076       4.8283     0.014435       2.3244     0.018902
Cluster409     COVAR   16076       2.2443    0.0061838        2.811      0.21233
Cluster41      COVAR   16076       1.6777    0.0041745       2.8693      0.27938
Cluster410     COVAR   16076       5.0393     0.011708       3.0137     0.047264
Cluster411     COVAR   16076     -0.22089  -0.00052022       3.1118      0.52829
Cluster412     COVAR   16076      0.71068    0.0018421         3.17      0.41131
Cluster413     COVAR   16076       1.3434    0.0030474       3.5119      0.35103
Cluster414     COVAR   16076      -2.7531   -0.0065783       3.0175       0.8192
Cluster415     COVAR   16076       5.7623    0.0095821       4.2685     0.088526
Cluster416     COVAR   16076       8.7942     0.015865       4.2286     0.018786
Cluster417     COVAR   16076       6.6193     0.010618       4.7293     0.080823
Cluster418     COVAR   16076       3.3096    0.0068347       3.5559        0.176
Cluster419     COVAR   16076        1.825    0.0023843       5.7112      0.37466
Cluster42      COVAR   16076       3.2642     0.008032       2.8799      0.12853
Cluster420     COVAR   16076       9.6074     0.015182       4.4975     0.016342
Cluster421     COVAR   16076       6.6029     0.010531         4.67     0.078708
Cluster422     COVAR   16076       2.7748    0.0035664       5.9364      0.32011
Cluster423     COVAR   16076        6.018    0.0067041       6.7326      0.18571
Cluster424     COVAR   16076       13.619     0.015849       6.3514     0.016018
Cluster425     COVAR   16076       14.087     0.017411       5.9662    0.0091183
Cluster426     COVAR   16076      0.88123   0.00097942       6.7513      0.44808
Cluster427     COVAR   16076      -5.4395    -0.007179       5.7153      0.82938
Cluster428     COVAR   16076       2.0896    0.0026848       5.8933      0.36146
Cluster429     COVAR   16076       5.9953    0.0090369       4.9192      0.11148
Cluster43      COVAR   16076       1.7401    0.0052367       2.3066      0.22531
Cluster430     COVAR   16076      -8.3912    -0.013529        4.713      0.96249
Cluster431     COVAR   16076       2.1254    0.0058734       2.6943      0.21511
Cluster432     COVAR   16076      -2.3263   -0.0083598       2.2117      0.85354
Cluster433     COVAR   16076       1.0069     0.002032       3.6632      0.39171
Cluster434     COVAR   16076       1.8406    0.0032079        4.257      0.33274
Cluster435     COVAR   16076       2.7073    0.0061274       3.1762      0.19701
Cluster436     COVAR   16076        2.548    0.0043033       4.3011      0.27679
Cluster437     COVAR   16076       5.0032    0.0086336       4.2127       0.1175
Cluster438     COVAR   16076       5.4446    0.0091816       4.4582        0.111
Cluster439     COVAR   16076       10.215     0.018667       4.0373    0.0057054
Cluster44      COVAR   16076     -0.40826   -0.0014201       2.0149      0.58028
Cluster440     COVAR   16076        8.308     0.012957       4.8041     0.041883
Cluster441     COVAR   16076       6.1067    0.0096837       4.7346     0.098572
Cluster442     COVAR   16076       6.0218     0.010229       4.4793     0.089429
Cluster443     COVAR   16076       3.3772     0.006294       3.8982      0.19316
Cluster444     COVAR   16076       1.2563    0.0024775       3.7293      0.36811
Cluster445     COVAR   16076       2.6063    0.0067628       2.8209      0.17778
Cluster446     COVAR   16076        0.144    0.0002997       3.6147      0.48411
Cluster447     COVAR   16076       1.4059    0.0027667       3.8555      0.35769
Cluster448     COVAR   16076    -0.021386  -6.0863e-05       2.4827      0.50344
Cluster449     COVAR   16076       1.1902    0.0023054       3.8591      0.37888
Cluster45      COVAR   16076      0.79141    0.0029777       1.8723      0.33626
Cluster450     COVAR   16076      0.95657    0.0020439        3.568      0.39431
Cluster451     COVAR   16076       1.7382    0.0035815       3.6777      0.31824
Cluster452     COVAR   16076      0.24222   0.00054418       3.2524      0.47032
Cluster453     COVAR   16076      0.46839    0.0010228       3.4604      0.44617
Cluster454     COVAR   16076      -1.1077   -0.0019212       4.3542       0.6004
Cluster455     COVAR   16076     -0.72954   -0.0014576       3.6775      0.57862
Cluster456     COVAR   16076      0.99131    0.0014742       4.9108      0.42001
Cluster457     COVAR   16076       1.9092    0.0034137       4.1349      0.32214
Cluster458     COVAR   16076       1.9414    0.0040105       3.6013      0.29491
Cluster459     COVAR   16076      0.67649    0.0012326       4.1554      0.43534
Cluster46      COVAR   16076       1.2285    0.0041483       2.0999      0.27928
Cluster460     COVAR   16076     -0.35942   -0.0022495       1.4211      0.59983
Cluster47      COVAR   16076      0.53599    0.0017422       2.1881      0.40324
Cluster48      COVAR   16076      0.18384   0.00073751       1.7858        0.459
Cluster49      COVAR   16076       0.0121   4.5319e-05       1.8782      0.49743
Cluster5       COVAR   16076     -0.82961   -0.0064975      0.91782      0.81697
Cluster50      COVAR   16076      0.21837    0.0010766       1.4608      0.44059
Cluster51      COVAR   16076       2.9148     0.013244        1.674     0.040834
Cluster52      COVAR   16076       4.9032     0.016726        2.157     0.011517
Cluster53      COVAR   16076       4.9917     0.017513       2.0909    0.0084928
Cluster54      COVAR   16076       5.8649     0.017797       2.4282    0.0078672
Cluster55      COVAR   16076       4.0464     0.013442       2.2387     0.035356
Cluster56      COVAR   16076       5.8675     0.015619       2.7557     0.016625
Cluster57      COVAR   16076       4.5103     0.013893       2.3982     0.030019
Cluster58      COVAR   16076       4.3192     0.015592       2.0775     0.018816
Cluster59      COVAR   16076       2.3409    0.0096611       1.7975     0.096413
Cluster6       COVAR   16076     -0.18346   -0.0012812       1.0332      0.57047
Cluster60      COVAR   16076       4.2116      0.01543       2.0235     0.018709
Cluster61      COVAR   16076       2.9821     0.012108       1.8573     0.054189
Cluster62      COVAR   16076        3.688      0.01413       1.9546     0.029599
Cluster63      COVAR   16076       2.8058     0.011776       1.7664     0.056105
Cluster64      COVAR   16076       2.9412     0.014538       1.4517      0.02139
Cluster65      COVAR   16076     -0.58311   -0.0023841       1.7304      0.63193
Cluster66      COVAR   16076     -0.17621   -0.0011882       1.0414      0.56718
Cluster67      COVAR   16076     -0.97696    -0.005623       1.2096      0.79036
Cluster68      COVAR   16076     -0.64112    -0.004783      0.94194      0.75195
Cluster69      COVAR   16076     -0.43549   -0.0026598       1.1282      0.65025
Cluster7       COVAR   16076      -0.2712   -0.0019662      0.97779      0.60925
Cluster70      COVAR   16076      -1.1406   -0.0057351       1.3617      0.79887
Cluster71      COVAR   16076      -1.6219   -0.0081505       1.3888      0.87857
Cluster72      COVAR   16076     -0.20055  -0.00094541       1.4858      0.55369
Cluster73      COVAR   16076     -0.55785   -0.0027421       1.4221      0.65257
Cluster74      COVAR   16076     -0.04067  -0.00019358       1.4655      0.51107
Cluster75      COVAR   16076      0.45677    0.0016599       1.9135      0.40567
Cluster76      COVAR   16076       1.2803    0.0054418       1.6153      0.21402
Cluster77      COVAR   16076     -0.28171   -0.0012757       1.5592      0.57169
Cluster78      COVAR   16076       0.6873    0.0030515       1.5722        0.331
Cluster79      COVAR   16076       1.3677    0.0060701       1.5685      0.19162
Cluster8       COVAR   16076     -0.42756    -0.002785       1.1067      0.65038
Cluster80      COVAR   16076      0.66022    0.0029087       1.5826      0.33827
Cluster81      COVAR   16076      0.29671    0.0012865       1.6166      0.42719
Cluster82      COVAR   16076     0.017267   9.0602e-05       1.3428      0.49487
Cluster83      COVAR   16076       -2.951   -0.0059288       3.5564      0.79666
Cluster84      COVAR   16076      -5.6699   -0.0094654        4.522      0.89504
Cluster85      COVAR   16076      -6.0809    -0.010205         4.26      0.92326
Cluster86      COVAR   16076      -2.9959   -0.0050135       4.3596      0.75401
Cluster87      COVAR   16076      -5.5902    -0.010591        3.953      0.92133
Cluster88      COVAR   16076      -8.5187    -0.013853       4.5405      0.96967
Cluster89      COVAR   16076      -2.1788   -0.0037028       4.4491      0.68783
Cluster9       COVAR   16076     -0.53312   -0.0038233      0.99801      0.70339
Cluster90      COVAR   16076      -2.6766   -0.0045808       4.3861      0.72915
Cluster91      COVAR   16076       -6.088    -0.011011       4.0667       0.9328
Cluster92      COVAR   16076       -4.706   -0.0075371       4.7426      0.83946
Cluster93      COVAR   16076      -6.0782   -0.0093498       4.9012      0.89252
Cluster94      COVAR   16076        -9.66    -0.015256       4.8101      0.97768
Cluster95      COVAR   16076     -0.31646  -0.00061204       3.8513      0.53274
Cluster96      COVAR   16076      0.81482    0.0017957       3.2697       0.4016
Cluster97      COVAR   16076      -9.4204    -0.021373       3.1503       0.9986
Cluster98      COVAR   16076      -5.7421     -0.01008       4.4456      0.90175
Cluster99      COVAR   16076      -8.9248    -0.016439       4.0727      0.98578
