# MEAN_SAMPLE_SIZE = 57513
# TOTAL_GENES = 16333
# TEST_DIRECTION = one-sided, positive (set), one-sided, positive (covar)
# CONDITIONED_INTERNAL = gene size, gene density, sample size, inverse mac, log(gene size), log(gene density), log(sample size), log(inverse mac)
VARIABLE        TYPE  NGENES         BETA     BETA_STD           SE            P
Cluster0       COVAR   16333     -0.76956   -0.0097447      0.74506      0.84916
Cluster1       COVAR   16333      -1.9788     -0.02605      0.72905      0.99667
Cluster10      COVAR   16333      -3.8832    -0.025681       1.3762      0.99761
Cluster100     COVAR   16333       1.3215    0.0027334       4.7948      0.39142
Cluster101     COVAR   16333       8.5853     0.020023       4.0745     0.017565
Cluster102     COVAR   16333       12.495     0.021642       5.3054    0.0092631
Cluster103     COVAR   16333       12.181     0.026169       4.2267    0.0019802
Cluster104     COVAR   16333       6.7461     0.014642       4.2709      0.05712
Cluster105     COVAR   16333        10.51      0.01871       5.3237     0.024186
Cluster106     COVAR   16333        19.27     0.030513       5.9683   0.00062335
Cluster107     COVAR   16333       9.7869     0.019687       4.7686     0.020077
Cluster108     COVAR   16333       34.104     0.043692       7.4443   2.3334e-06
Cluster109     COVAR   16333       30.136     0.040482       7.1981   1.4248e-05
Cluster11      COVAR   16333      -3.6163    -0.023556       1.4034      0.99501
Cluster110     COVAR   16333       14.408     0.025219       5.6655    0.0055005
Cluster111     COVAR   16333       3.8374    0.0071285       5.0741      0.22475
Cluster112     COVAR   16333       13.133     0.019755       6.3964     0.020036
Cluster113     COVAR   16333       1.8136    0.0045562       3.5515       0.3048
Cluster114     COVAR   16333       2.9845    0.0062825       4.4783      0.25257
Cluster115     COVAR   16333       5.9061     0.013073        4.122     0.075969
Cluster116     COVAR   16333       7.7507     0.014351       4.9857     0.060036
Cluster117     COVAR   16333       9.4126     0.016955       5.1381     0.033494
Cluster118     COVAR   16333       9.3608     0.018499        4.527     0.019341
Cluster119     COVAR   16333      0.75508    0.0017779       3.9395        0.424
Cluster12      COVAR   16333      -2.8611    -0.024633       1.0674      0.99632
Cluster120     COVAR   16333       26.185     0.036179        6.719   4.8922e-05
Cluster121     COVAR   16333        9.473     0.014892       5.7997     0.051207
Cluster122     COVAR   16333        37.83      0.05101       7.0671   4.3987e-08
Cluster123     COVAR   16333        42.42      0.05604        7.197   1.9302e-09
Cluster124     COVAR   16333       20.144     0.032378       5.8487   0.00028726
Cluster125     COVAR   16333       23.779     0.032993       6.8186   0.00024465
Cluster126     COVAR   16333      -1.1552    -0.002481       4.2494      0.60713
Cluster127     COVAR   16333       1.8669     0.003759       4.7401      0.34685
Cluster128     COVAR   16333       24.189     0.033892       6.8055   0.00019015
Cluster129     COVAR   16333       18.611     0.026152       6.7818     0.003037
Cluster13      COVAR   16333      -3.3681    -0.028174       1.1054      0.99884
Cluster130     COVAR   16333       24.021     0.031927       7.0435   0.00032542
Cluster131     COVAR   16333       25.307     0.035258       6.7056   8.0661e-05
Cluster132     COVAR   16333        43.75     0.069603       5.8953   6.1651e-14
Cluster133     COVAR   16333       45.468     0.058383       7.4016   4.1684e-10
Cluster134     COVAR   16333       19.742     0.030599       6.0037   0.00050539
Cluster135     COVAR   16333       7.3796     0.014742        4.709     0.058556
Cluster136     COVAR   16333       19.354     0.034896       5.0283   5.9559e-05
Cluster137     COVAR   16333       16.351     0.026109       5.9215     0.002882
Cluster138     COVAR   16333       24.107     0.040802       5.6801   1.1053e-05
Cluster139     COVAR   16333       24.399     0.037154       6.1883   4.0487e-05
Cluster14      COVAR   16333       -3.014    -0.022038       1.2464      0.99219
Cluster140     COVAR   16333       38.123       0.0526       6.8653   1.4318e-08
Cluster141     COVAR   16333        34.69     0.049866       6.5962   7.3535e-08
Cluster142     COVAR   16333       2.5307     0.005082       4.5444      0.28881
Cluster143     COVAR   16333       6.1088    0.0094727       6.0424      0.15602
Cluster144     COVAR   16333       19.005     0.027557       6.5515    0.0018642
Cluster145     COVAR   16333      0.10077   0.00016946       5.4022      0.49256
Cluster146     COVAR   16333       26.352     0.036071        6.996   8.3058e-05
Cluster147     COVAR   16333       20.011     0.025453       7.2668    0.0029492
Cluster148     COVAR   16333       25.005     0.033802       6.9897   0.00017411
Cluster149     COVAR   16333       31.173     0.042074       6.9505   3.6775e-06
Cluster15      COVAR   16333      -2.4318     -0.01867        1.206      0.97812
Cluster150     COVAR   16333       5.2437     0.010666       4.5829      0.12628
Cluster151     COVAR   16333        8.375     0.016104       4.7166     0.037907
Cluster152     COVAR   16333       3.0193    0.0071845       4.1529      0.23361
Cluster153     COVAR   16333       11.662     0.021136       4.9772    0.0095685
Cluster154     COVAR   16333       14.701     0.025484       5.4204    0.0033475
Cluster155     COVAR   16333       25.653     0.034118       7.1032   0.00015282
Cluster156     COVAR   16333       27.445     0.039615       6.3471   7.7149e-06
Cluster157     COVAR   16333       11.162     0.020804        4.954     0.012132
Cluster158     COVAR   16333       20.651     0.029438       6.3867   0.00061312
Cluster159     COVAR   16333        18.01     0.027255       6.0203    0.0013902
Cluster16      COVAR   16333       -3.319     -0.02094       1.4971      0.98668
Cluster160     COVAR   16333         1.86    0.0038913       4.2064      0.32919
Cluster161     COVAR   16333       6.3286     0.012928       4.3506     0.072898
Cluster162     COVAR   16333       18.281     0.029096       5.8236   0.00084924
Cluster163     COVAR   16333       10.354     0.019479       4.7248     0.014219
Cluster164     COVAR   16333       5.8353     0.011196       4.6055      0.10259
Cluster165     COVAR   16333       1.5393    0.0029399       4.8942      0.37657
Cluster166     COVAR   16333       3.4231    0.0064167       4.9169      0.24316
Cluster167     COVAR   16333       22.418     0.036468       5.6923   4.1244e-05
Cluster168     COVAR   16333        12.09     0.022718       4.8789    0.0066124
Cluster169     COVAR   16333       10.421      0.01615       6.0163     0.041642
Cluster17      COVAR   16333      -2.3135     -0.02103       1.0333      0.98742
Cluster170     COVAR   16333       10.439     0.015948       6.0701     0.042746
Cluster171     COVAR   16333        3.754    0.0079721       4.2138      0.18651
Cluster172     COVAR   16333       2.2043    0.0036564       5.7462      0.35064
Cluster173     COVAR   16333       2.3831    0.0049554       4.2029      0.28536
Cluster174     COVAR   16333       2.7287    0.0046567       5.3147      0.30383
Cluster175     COVAR   16333      -2.0093   -0.0032843       5.8547      0.63427
Cluster176     COVAR   16333       5.4131     0.011047       4.3146      0.10482
Cluster177     COVAR   16333       36.932     0.051705       6.6543   1.4551e-08
Cluster178     COVAR   16333       20.319     0.032651       5.3651   7.6506e-05
Cluster179     COVAR   16333       22.834     0.035742       6.1282   9.7698e-05
Cluster18      COVAR   16333      -2.0208    -0.017676       1.0494      0.97292
Cluster180     COVAR   16333       7.7321      0.01743       4.2628     0.034862
Cluster181     COVAR   16333       9.3215     0.017419        5.149     0.035133
Cluster182     COVAR   16333       6.4776     0.014015       4.2369     0.063165
Cluster183     COVAR   16333        6.964     0.012525       5.1363     0.087589
Cluster184     COVAR   16333      -3.1194   -0.0078052       3.9148      0.78722
Cluster185     COVAR   16333       15.504     0.027219       5.3227    0.0017946
Cluster186     COVAR   16333      0.82695     0.001619        4.778       0.4313
Cluster187     COVAR   16333       7.8114     0.012395       5.9139     0.093287
Cluster188     COVAR   16333       12.535         0.02       5.7128      0.01412
Cluster189     COVAR   16333       3.0427    0.0065869       4.1632      0.23244
Cluster19      COVAR   16333      -4.0573     -0.02849       1.2794      0.99924
Cluster190     COVAR   16333       4.8976     0.010244       4.3376      0.12944
Cluster191     COVAR   16333       5.4936     0.011125       4.5134      0.11178
Cluster192     COVAR   16333       1.0051      0.00242       3.7349      0.39392
Cluster193     COVAR   16333       5.6044     0.010172       5.0757      0.13477
Cluster194     COVAR   16333       2.7873     0.006016       4.0618      0.24629
Cluster195     COVAR   16333       8.6033     0.017205       4.5782      0.03012
Cluster196     COVAR   16333       11.587     0.020935       5.0618     0.011047
Cluster197     COVAR   16333      0.87132    0.0015795       5.0825      0.43194
Cluster198     COVAR   16333       12.106     0.023028       4.8239    0.0060495
Cluster199     COVAR   16333       1.7481    0.0044672       3.5476      0.31109
Cluster2       COVAR   16333      -1.6352    -0.025541      0.59358      0.99706
Cluster20      COVAR   16333      -3.9292    -0.025539       1.3723       0.9979
Cluster200     COVAR   16333       7.8362     0.016051       4.3919     0.037203
Cluster201     COVAR   16333       17.354     0.026515       6.0741    0.0021415
Cluster202     COVAR   16333       20.889     0.034647       5.5176   7.6908e-05
Cluster203     COVAR   16333       11.423     0.018864         5.59     0.020516
Cluster204     COVAR   16333       2.0861    0.0040568       4.6839      0.32802
Cluster205     COVAR   16333       4.9986    0.0085337       5.3954      0.17711
Cluster206     COVAR   16333       18.008     0.036283       4.6637   5.6678e-05
Cluster207     COVAR   16333       18.224     0.032417       5.3628   0.00034006
Cluster208     COVAR   16333       13.417     0.023412       5.4576    0.0069838
Cluster209     COVAR   16333       3.5433     0.008584       3.7788      0.17422
Cluster21      COVAR   16333      -1.4856   -0.0091314       1.4302      0.85053
Cluster210     COVAR   16333       9.3848     0.019169       4.5631      0.01987
Cluster211     COVAR   16333       4.8835     0.011671       3.9866       0.1103
Cluster212     COVAR   16333       13.086     0.024098       5.1826    0.0057913
Cluster213     COVAR   16333       6.7345     0.011246       5.6891      0.11827
Cluster214     COVAR   16333       9.8519     0.015705       5.8346     0.045667
Cluster215     COVAR   16333       1.8263    0.0039282       4.3957       0.3389
Cluster216     COVAR   16333       21.597     0.031931       6.4933   0.00044163
Cluster217     COVAR   16333       47.666     0.057088       8.0669   1.7657e-09
Cluster218     COVAR   16333       19.248     0.030273       5.8771   0.00052965
Cluster219     COVAR   16333       17.008     0.028363       5.4574   0.00091722
Cluster22      COVAR   16333      -2.2481    -0.012581       1.6072      0.91905
Cluster220     COVAR   16333       30.785     0.047145       6.2042   3.5342e-07
Cluster221     COVAR   16333       15.881     0.029328       5.0099   0.00076388
Cluster222     COVAR   16333        18.46     0.033598       5.1431   0.00016638
Cluster223     COVAR   16333       21.768     0.038498       5.3016   2.0265e-05
Cluster224     COVAR   16333       32.351     0.045789       6.6396   5.5764e-07
Cluster225     COVAR   16333       32.258      0.05046       6.0488   4.9118e-08
Cluster226     COVAR   16333       35.733     0.049295       6.8641    9.809e-08
Cluster227     COVAR   16333       27.875     0.040808       6.3046   4.9419e-06
Cluster228     COVAR   16333       49.866     0.063313       7.4769   1.3356e-11
Cluster229     COVAR   16333       40.816     0.056673        6.627    3.767e-10
Cluster23      COVAR   16333      -3.0902    -0.016367        1.734      0.96262
Cluster230     COVAR   16333       30.899       0.0463       6.0908    1.984e-07
Cluster231     COVAR   16333       44.495     0.059248       7.0367   1.3217e-10
Cluster232     COVAR   16333       36.057     0.048982       6.9351   1.0162e-07
Cluster233     COVAR   16333       46.856     0.062351       7.1751   3.4013e-11
Cluster234     COVAR   16333       45.774     0.056694       7.6591   1.1701e-09
Cluster235     COVAR   16333       6.3334     0.015443       3.7288     0.044719
Cluster236     COVAR   16333       27.989     0.042012       6.2598   3.9216e-06
Cluster237     COVAR   16333       43.932     0.055433       7.3593   1.2199e-09
Cluster238     COVAR   16333       27.103     0.038511       6.6655   2.4037e-05
Cluster239     COVAR   16333       57.346     0.076966       7.1412   5.2773e-16
Cluster24      COVAR   16333      -6.0617     -0.03735       1.5092      0.99997
Cluster240     COVAR   16333       51.335     0.067997       7.0594   1.8732e-13
Cluster241     COVAR   16333        49.31     0.072683       6.5038   1.8198e-14
Cluster242     COVAR   16333       56.932     0.073105       7.3676   5.8886e-15
Cluster243     COVAR   16333       46.606     0.066408       6.8809   6.5635e-12
Cluster244     COVAR   16333       23.955     0.035774       6.2393   6.1972e-05
Cluster245     COVAR   16333       27.936     0.039967       6.5394   9.7533e-06
Cluster246     COVAR   16333       13.347     0.023946       5.2293    0.0053549
Cluster247     COVAR   16333       16.827     0.026162       6.0864    0.0028532
Cluster248     COVAR   16333       32.207     0.047591       6.4484   2.9863e-07
Cluster249     COVAR   16333       44.602     0.058538       7.1862   2.7895e-10
Cluster25      COVAR   16333       -10.82    -0.053048       1.9399            1
Cluster250     COVAR   16333       37.439     0.063265       6.0645   3.4388e-10
Cluster251     COVAR   16333       39.553      0.06177       6.3283    2.113e-10
Cluster252     COVAR   16333       41.171     0.060706       6.6494   3.0653e-10
Cluster253     COVAR   16333       33.129     0.050243       6.3412   8.8675e-08
Cluster254     COVAR   16333       18.103      0.03404       5.2002    0.0002503
Cluster255     COVAR   16333       21.704     0.033807       5.9014   0.00011809
Cluster256     COVAR   16333       31.211     0.046731       6.0953   1.5453e-07
Cluster257     COVAR   16333        36.18     0.048117       7.0233    1.311e-07
Cluster258     COVAR   16333       26.762     0.039674       6.4443   1.6528e-05
Cluster259     COVAR   16333       50.103      0.06594        7.311   3.7727e-12
Cluster26      COVAR   16333      -9.4826    -0.047274       1.8874            1
Cluster260     COVAR   16333        43.73     0.061025       6.8511   8.9783e-11
Cluster261     COVAR   16333       44.755     0.062967       6.8085   2.5528e-11
Cluster262     COVAR   16333        53.71     0.071486       7.2079   4.9016e-14
Cluster263     COVAR   16333       49.748     0.071035       6.7441   8.6067e-14
Cluster264     COVAR   16333       42.898     0.062822       6.4555   1.5747e-11
Cluster265     COVAR   16333       31.951     0.049318       6.2212   1.4243e-07
Cluster266     COVAR   16333       34.403     0.050252       6.3479   3.0392e-08
Cluster267     COVAR   16333       33.559     0.048329       6.6935   2.7042e-07
Cluster268     COVAR   16333       32.106     0.047578        6.459   3.3787e-07
Cluster269     COVAR   16333        44.42     0.058644       7.2318   4.1835e-10
Cluster27      COVAR   16333      -10.431    -0.047695       2.0544            1
Cluster270     COVAR   16333       41.355     0.062449       6.3738      4.5e-11
Cluster271     COVAR   16333       40.404     0.058024        6.701   8.4424e-10
Cluster272     COVAR   16333       26.945      0.04872       5.4343   3.5983e-07
Cluster273     COVAR   16333       51.194     0.068443       7.2329   7.6888e-13
Cluster274     COVAR   16333       36.898     0.053863       6.5953   1.1278e-08
Cluster275     COVAR   16333       38.774     0.058254       6.4177   7.8262e-10
Cluster276     COVAR   16333       14.023      0.02146       5.8687    0.0084419
Cluster277     COVAR   16333       27.433     0.043256       5.8803   1.5573e-06
Cluster278     COVAR   16333       48.455     0.070387       6.4264   2.5071e-14
Cluster279     COVAR   16333       24.266     0.037832       6.0199   2.7938e-05
Cluster28      COVAR   16333      -7.8061    -0.046506       1.5803            1
Cluster280     COVAR   16333       51.487     0.071896       6.7036   8.4819e-15
Cluster281     COVAR   16333       21.402     0.039642       5.2609   2.3829e-05
Cluster282     COVAR   16333       23.747     0.046067       4.8256   4.3551e-07
Cluster283     COVAR   16333       46.488      0.06346       6.9354    1.062e-11
Cluster284     COVAR   16333       36.249     0.052763       6.3788   6.7707e-09
Cluster285     COVAR   16333       26.076     0.037588       6.5938   3.8542e-05
Cluster286     COVAR   16333       45.703     0.065173        6.749   6.6332e-12
Cluster287     COVAR   16333       34.209     0.056121       5.7719   1.5824e-09
Cluster288     COVAR   16333       53.792     0.075831       6.9534   5.5015e-15
Cluster289     COVAR   16333       27.527     0.048256       5.3619   1.4404e-07
Cluster29      COVAR   16333      -4.0976    -0.030528       1.1938       0.9997
Cluster290     COVAR   16333       34.372     0.054276       6.0353   6.2933e-09
Cluster291     COVAR   16333        31.47     0.045327       6.5126    6.832e-07
Cluster292     COVAR   16333       33.686     0.049799       6.4316   8.2593e-08
Cluster293     COVAR   16333       33.614     0.054135       5.8859   5.7388e-09
Cluster294     COVAR   16333       44.183      0.06173       6.7531   3.1327e-11
Cluster295     COVAR   16333       28.776     0.049963       5.4427    6.312e-08
Cluster296     COVAR   16333       39.878     0.061742       6.0343   2.0155e-11
Cluster297     COVAR   16333       1.2566     0.011429      0.98306       0.1006
Cluster298     COVAR   16333      0.96664     0.002004       4.4114      0.41328
Cluster299     COVAR   16333       8.1833     0.016088        4.634     0.038716
Cluster3       COVAR   16333      -1.5908    -0.024216      0.60509      0.99571
Cluster30      COVAR   16333      -7.7066    -0.036451         1.94      0.99996
Cluster300     COVAR   16333       8.8765     0.020467       3.9615     0.012531
Cluster301     COVAR   16333       7.9293     0.018214       3.8949     0.020894
Cluster302     COVAR   16333       3.1807    0.0099693       2.8487      0.13211
Cluster303     COVAR   16333       1.8696    0.0057067       2.8353      0.25483
Cluster304     COVAR   16333       7.2932     0.017627       3.7927     0.027254
Cluster305     COVAR   16333       9.3673     0.023291       3.4544    0.0033511
Cluster306     COVAR   16333       11.736     0.025046       4.2638    0.0029618
Cluster307     COVAR   16333       12.481     0.025191         4.69    0.0038992
Cluster308     COVAR   16333       1.8626    0.0047497       3.5675      0.30081
Cluster309     COVAR   16333       12.809     0.025898       4.5624     0.002499
Cluster31      COVAR   16333        -6.07    -0.037894       1.4661      0.99998
Cluster310     COVAR   16333       12.342     0.030692       3.9071   0.00079378
Cluster311     COVAR   16333       9.4832     0.028134       3.2536     0.001783
Cluster312     COVAR   16333       5.3057     0.017471       3.0566     0.041309
Cluster313     COVAR   16333      -1.2243   -0.0047913       2.3491      0.69887
Cluster314     COVAR   16333     -0.84538   -0.0049686       1.5017      0.71326
Cluster315     COVAR   16333       3.3776    0.0063404       4.9154        0.246
Cluster316     COVAR   16333      -6.7109    -0.017957       3.5677         0.97
Cluster317     COVAR   16333      -1.9889   -0.0048723        3.933      0.69346
Cluster318     COVAR   16333      -1.3668   -0.0029576       4.2899      0.62499
Cluster319     COVAR   16333       1.4066    0.0029287       4.4571      0.37616
Cluster32      COVAR   16333       1.9397    0.0056776       3.2203      0.27348
Cluster320     COVAR   16333      -1.4712   -0.0034435       3.9746      0.64436
Cluster321     COVAR   16333       1.0831    0.0021305       4.5948      0.40682
Cluster322     COVAR   16333     0.039067   0.00010709        3.286      0.49526
Cluster323     COVAR   16333       5.1151    0.0097521       4.8778      0.14718
Cluster324     COVAR   16333       8.4425     0.016161       4.9786     0.044979
Cluster325     COVAR   16333       8.0769     0.014816       5.3268     0.064738
Cluster326     COVAR   16333       6.0388     0.011543       5.0506      0.11593
Cluster327     COVAR   16333       10.518     0.017871       5.6531     0.031419
Cluster328     COVAR   16333       15.971     0.027088       5.3812    0.0015021
Cluster329     COVAR   16333       16.198     0.024767       6.2004    0.0044998
Cluster33      COVAR   16333       6.0098     0.015429       3.7768     0.055789
Cluster330     COVAR   16333       4.6662    0.0086297       5.1997      0.18476
Cluster331     COVAR   16333       16.351     0.028644       4.9567   0.00048684
Cluster332     COVAR   16333       13.055      0.02098       5.7685      0.01182
Cluster333     COVAR   16333       2.9485    0.0061499       4.3382      0.24837
Cluster334     COVAR   16333       3.4611     0.011213        3.029      0.12661
Cluster335     COVAR   16333      -4.7486    -0.013099       3.4574      0.91518
Cluster336     COVAR   16333      -8.3403    -0.020302       3.8779      0.98424
Cluster337     COVAR   16333      -4.3024    -0.011137       3.3998      0.89714
Cluster338     COVAR   16333       1.7716    0.0046375       3.6673      0.31453
Cluster339     COVAR   16333       4.8439     0.008331       5.2578      0.17846
Cluster34      COVAR   16333       6.5181     0.015998        3.915     0.047977
Cluster340     COVAR   16333       2.1344    0.0046446       4.1014       0.3014
Cluster341     COVAR   16333       6.4974     0.014061       4.1221     0.057499
Cluster342     COVAR   16333    -0.019747  -5.4134e-05       3.3761      0.50233
Cluster343     COVAR   16333       5.6755     0.016286       3.4163      0.04834
Cluster344     COVAR   16333       2.1021    0.0043382       4.6512      0.32566
Cluster345     COVAR   16333       3.3116    0.0091532       3.4141      0.16604
Cluster346     COVAR   16333       5.5295     0.015927       3.5634     0.060374
Cluster347     COVAR   16333       5.1534     0.010264       4.9707      0.14994
Cluster348     COVAR   16333        1.789    0.0048701       3.7831      0.31815
Cluster349     COVAR   16333       7.9778     0.016127       4.7629      0.04698
Cluster35      COVAR   16333       5.7239     0.014098       3.9238     0.072329
Cluster350     COVAR   16333        17.38     0.029119       5.6494      0.00105
Cluster351     COVAR   16333       4.2736    0.0076515         5.17      0.20424
Cluster352     COVAR   16333       16.867     0.027974         5.58    0.0012553
Cluster353     COVAR   16333       3.5342    0.0061326       5.0606      0.24248
Cluster354     COVAR   16333        7.035    0.0094733       6.9324      0.15511
Cluster355     COVAR   16333        18.72     0.022621         7.75    0.0078633
Cluster356     COVAR   16333       6.3099    0.0081787       6.9498      0.18197
Cluster357     COVAR   16333       6.9727     0.011651       5.4062      0.09858
Cluster358     COVAR   16333       11.356     0.015438       6.8806     0.049444
Cluster359     COVAR   16333       9.6888     0.015862       5.3743     0.035721
Cluster36      COVAR   16333        3.615    0.0092361       3.6929      0.16382
Cluster360     COVAR   16333       18.833     0.031063       5.6429    0.0004238
Cluster361     COVAR   16333       1.7863    0.0031271       5.3593      0.36945
Cluster362     COVAR   16333       4.8797    0.0075318       6.1267      0.21289
Cluster363     COVAR   16333       8.8966     0.018022       4.3324     0.020021
Cluster364     COVAR   16333        15.03     0.025086        5.634    0.0038226
Cluster365     COVAR   16333       4.9567    0.0067762       6.9764      0.23871
Cluster366     COVAR   16333       4.0328    0.0069563       5.4652      0.23029
Cluster367     COVAR   16333       25.115     0.031217        7.524   0.00042301
Cluster368     COVAR   16333       2.6936    0.0054397       4.9128      0.29176
Cluster369     COVAR   16333       17.719      0.02438       6.8305     0.004747
Cluster37      COVAR   16333       3.7685     0.011936       3.0913      0.11142
Cluster370     COVAR   16333       17.064     0.023728       6.8166    0.0061591
Cluster371     COVAR   16333       13.867     0.026853       4.7474    0.0017471
Cluster372     COVAR   16333       11.313     0.018357        5.634     0.022331
Cluster373     COVAR   16333       1.9319    0.0030923        5.624      0.36561
Cluster374     COVAR   16333         4.34    0.0073424       5.5443      0.21688
Cluster375     COVAR   16333       11.665     0.021277       4.9989    0.0098181
Cluster376     COVAR   16333       2.6239    0.0039492       6.2069      0.33624
Cluster377     COVAR   16333       9.7151     0.015864       5.5168      0.03913
Cluster378     COVAR   16333       8.3194      0.01397       5.2784      0.05751
Cluster379     COVAR   16333       7.4674     0.013869       4.9821     0.066968
Cluster38      COVAR   16333        1.798    0.0060998        2.788       0.2595
Cluster380     COVAR   16333       3.3588    0.0056967       5.5313      0.27185
Cluster381     COVAR   16333        4.728    0.0086137       4.8777       0.1662
Cluster382     COVAR   16333       12.593     0.022082       5.4394     0.010309
Cluster383     COVAR   16333       4.6591     0.008541       4.8796      0.16984
Cluster384     COVAR   16333       15.819     0.023397       6.2797      0.00589
Cluster385     COVAR   16333        20.59     0.027862       6.9692    0.0015691
Cluster386     COVAR   16333       12.015        0.022       4.8657    0.0067738
Cluster387     COVAR   16333       12.938     0.024324       5.1463    0.0059754
Cluster388     COVAR   16333       10.847     0.021245       4.6438    0.0097574
Cluster389     COVAR   16333       23.564     0.035108       6.1916   7.1003e-05
Cluster39      COVAR   16333     -0.42945   -0.0019595       2.0878      0.58149
Cluster390     COVAR   16333       15.871     0.021447       6.9011      0.01074
Cluster391     COVAR   16333       14.787      0.02599       4.9803    0.0014965
Cluster392     COVAR   16333       6.2989    0.0092703       6.1605      0.15329
Cluster393     COVAR   16333       17.825     0.024165       6.8753    0.0047685
Cluster394     COVAR   16333       9.3969      0.01684       5.0533     0.031486
Cluster395     COVAR   16333       4.3673     0.010669       3.6898      0.11829
Cluster396     COVAR   16333       12.618     0.021873       5.2672    0.0083033
Cluster397     COVAR   16333    -0.045505  -0.00010064        4.165      0.50436
Cluster398     COVAR   16333      0.51469    0.0012198       3.9101      0.44764
Cluster399     COVAR   16333       1.3276    0.0043231       2.8375      0.31994
Cluster4       COVAR   16333      -2.2058    -0.019396       1.0282      0.98403
Cluster40      COVAR   16333       6.6627     0.020599       3.0796     0.015261
Cluster400     COVAR   16333       4.8363     0.014799       3.0552     0.056726
Cluster401     COVAR   16333       1.4692     0.003344       4.0002      0.35671
Cluster402     COVAR   16333       7.7697      0.01537       4.7076     0.049436
Cluster403     COVAR   16333       26.856     0.048774       5.0942   6.8586e-08
Cluster404     COVAR   16333       39.425     0.045709        7.426    5.602e-08
Cluster405     COVAR   16333       38.946     0.046969       7.7118   2.2363e-07
Cluster406     COVAR   16333       8.6779     0.014753       5.6885     0.063576
Cluster407     COVAR   16333       28.961     0.037165       7.1694   2.6937e-05
Cluster408     COVAR   16333       4.4802     0.013274       3.0469     0.070734
Cluster409     COVAR   16333        5.593     0.015353       3.2354     0.041945
Cluster41      COVAR   16333       10.063     0.025072       3.7707    0.0038112
Cluster410     COVAR   16333       3.8452    0.0088469       3.9141      0.16297
Cluster411     COVAR   16333       6.6918     0.015743       3.9817     0.046428
Cluster412     COVAR   16333     -0.48333   -0.0012474       3.7721      0.55098
Cluster413     COVAR   16333      0.86458     0.001967       3.8675      0.41155
Cluster414     COVAR   16333      -1.1402   -0.0027366       3.9277       0.6142
Cluster415     COVAR   16333       5.4505    0.0090285       5.6607      0.16781
Cluster416     COVAR   16333       8.7683     0.015855       5.3152     0.049519
Cluster417     COVAR   16333        8.702     0.013773       5.8871     0.069695
Cluster418     COVAR   16333      0.39008   0.00079868       4.4913       0.4654
Cluster419     COVAR   16333        16.34     0.021422       6.8514    0.0085496
Cluster42      COVAR   16333       10.524     0.026072       3.8202    0.0029402
Cluster420     COVAR   16333       10.896     0.017198       5.4975     0.023746
Cluster421     COVAR   16333       5.3918    0.0085445       5.8037      0.17644
Cluster422     COVAR   16333       22.022     0.028155       7.5002    0.0016645
Cluster423     COVAR   16333       41.998     0.046701       8.2207   1.6441e-07
Cluster424     COVAR   16333       39.286      0.04555       7.9958   4.5313e-07
Cluster425     COVAR   16333       25.398     0.031223       7.4407   0.00032182
Cluster426     COVAR   16333       42.282     0.046639       8.4079   2.4999e-07
Cluster427     COVAR   16333       29.203     0.038259       7.1586   2.2711e-05
Cluster428     COVAR   16333       34.467     0.044098       7.2753   1.0928e-06
Cluster429     COVAR   16333       21.775     0.032602       6.4322   0.00035645
Cluster43      COVAR   16333       4.2761     0.012841       3.0774      0.08235
Cluster430     COVAR   16333       17.766     0.028442       6.0213     0.001589
Cluster431     COVAR   16333      -5.1471    -0.014034        3.336      0.93856
Cluster432     COVAR   16333      -1.4586   -0.0052014       2.8503      0.69558
Cluster433     COVAR   16333       17.018     0.034313       4.4662   6.9682e-05
Cluster434     COVAR   16333        18.02     0.031143       5.4408   0.00046424
Cluster435     COVAR   16333       12.414     0.027786       4.2015    0.0015673
Cluster436     COVAR   16333       19.362     0.032503       5.5969   0.00027154
Cluster437     COVAR   16333       17.186     0.029462       5.4837     0.000864
Cluster438     COVAR   16333       17.577     0.029483       5.6136   0.00087258
Cluster439     COVAR   16333       17.391     0.031544       4.9514   0.00022289
Cluster44      COVAR   16333       2.2376    0.0075707       2.7629      0.20902
Cluster440     COVAR   16333       21.774     0.033756       6.0306   0.00015328
Cluster441     COVAR   16333        15.41     0.024265       6.0305    0.0053101
Cluster442     COVAR   16333       9.0996     0.015368       5.5754      0.05134
Cluster443     COVAR   16333        11.28     0.020882       5.0187      0.01231
Cluster444     COVAR   16333        15.18     0.029768       4.8201   0.00081994
Cluster445     COVAR   16333       2.5984    0.0071168       3.4141      0.22331
Cluster446     COVAR   16333       4.6525    0.0095931       4.5176      0.15155
Cluster447     COVAR   16333       11.978     0.023544        4.809    0.0063793
Cluster448     COVAR   16333       3.2531     0.009143        3.497      0.17613
Cluster449     COVAR   16333       13.478     0.026003       4.9036    0.0029973
Cluster45      COVAR   16333       2.5077    0.0094337       2.5091       0.1588
Cluster450     COVAR   16333       11.133     0.023753       4.5617    0.0073389
Cluster451     COVAR   16333       8.6667     0.017757       4.6744     0.031875
Cluster452     COVAR   16333       7.2748     0.016313       4.1623     0.040263
Cluster453     COVAR   16333       2.9722    0.0064305        4.476      0.25334
Cluster454     COVAR   16333       14.235     0.024639       5.6068     0.005567
Cluster455     COVAR   16333       8.2239       0.0163       4.7281     0.040997
Cluster456     COVAR   16333       23.467     0.034755        6.334   0.00010618
Cluster457     COVAR   16333       16.343     0.029039       5.1735   0.00079356
Cluster458     COVAR   16333       3.1383    0.0064442       4.7015      0.25222
Cluster459     COVAR   16333        4.549    0.0081947       5.2874      0.19481
Cluster46      COVAR   16333        3.524     0.011964       2.7767      0.10221
Cluster460     COVAR   16333      -1.9623    -0.012163       1.8527      0.85523
Cluster47      COVAR   16333       4.0928     0.013387       2.8855     0.078052
Cluster48      COVAR   16333      0.51265    0.0020811         2.27      0.41067
Cluster49      COVAR   16333      0.25329   0.00094785       2.5077      0.45977
Cluster5       COVAR   16333      -3.1505    -0.024647       1.1602      0.99669
Cluster50      COVAR   16333     -0.46992   -0.0022985        1.867      0.59936
Cluster51      COVAR   16333      0.69698    0.0031425       2.0549      0.36724
Cluster52      COVAR   16333     -0.71873   -0.0024619       2.7516      0.60303
Cluster53      COVAR   16333      -2.6013   -0.0091207       2.6716      0.83489
Cluster54      COVAR   16333      -1.7507   -0.0053047       3.1277      0.71217
Cluster55      COVAR   16333      -2.1825   -0.0072768         2.79      0.78296
Cluster56      COVAR   16333      -3.0287   -0.0080673       3.4766      0.80816
Cluster57      COVAR   16333      -1.9683   -0.0060564       3.0952      0.73758
Cluster58      COVAR   16333      -2.3929   -0.0086348       2.6673      0.81517
Cluster59      COVAR   16333      -3.8588    -0.016024       2.2469      0.95703
Cluster6       COVAR   16333      -3.6062    -0.025035       1.3087      0.99707
Cluster60      COVAR   16333      -3.4188    -0.012585       2.5596      0.90916
Cluster61      COVAR   16333      -5.4253    -0.022019       2.3292      0.99007
Cluster62      COVAR   16333       -3.247    -0.012531        2.466      0.90602
Cluster63      COVAR   16333      -5.1331    -0.021502       2.2298      0.98933
Cluster64      COVAR   16333      -4.1707    -0.020493       1.8156      0.98919
Cluster65      COVAR   16333      -5.1862    -0.021336       2.2882      0.98828
Cluster66      COVAR   16333      -3.8054    -0.025851       1.3896      0.99691
Cluster67      COVAR   16333      -3.1704    -0.018483       1.6224      0.97465
Cluster68      COVAR   16333      -1.8289     -0.01374        1.238      0.93018
Cluster69      COVAR   16333      -3.2919    -0.020181       1.5376      0.98385
Cluster7       COVAR   16333      -3.7066    -0.026739       1.2693      0.99825
Cluster70      COVAR   16333      -3.0185    -0.015289       1.8484      0.94875
Cluster71      COVAR   16333      -3.6966     -0.01859       1.8788      0.97543
Cluster72      COVAR   16333      -5.2382    -0.024735       2.0002      0.99558
Cluster73      COVAR   16333      -3.6129    -0.017804       1.9006      0.97133
Cluster74      COVAR   16333      -4.5411      -0.0217       1.9697      0.98942
Cluster75      COVAR   16333      -5.6461    -0.020472       2.5038      0.98793
Cluster76      COVAR   16333      -6.7035    -0.028377       2.1548      0.99907
Cluster77      COVAR   16333      -7.7396    -0.034804       2.0426      0.99992
Cluster78      COVAR   16333      -6.3525    -0.027935       2.0849      0.99884
Cluster79      COVAR   16333      -6.7529    -0.029681       2.1128       0.9993
Cluster8       COVAR   16333      -3.6348    -0.023586       1.4214      0.99472
Cluster80      COVAR   16333      -6.1976    -0.027058       2.0889      0.99849
Cluster81      COVAR   16333      -6.7126    -0.028906       2.1659      0.99903
Cluster82      COVAR   16333      -4.0395    -0.021235       1.7183      0.99063
Cluster83      COVAR   16333       3.7885    0.0075895       4.4657      0.19812
Cluster84      COVAR   16333       2.2385    0.0037077       5.6985      0.34722
Cluster85      COVAR   16333       15.812     0.026352       5.2691    0.0013481
Cluster86      COVAR   16333       16.594     0.027561       5.6873    0.0017657
Cluster87      COVAR   16333       11.424     0.021448       5.1045     0.012617
Cluster88      COVAR   16333       16.882      0.02726       5.8142    0.0018481
Cluster89      COVAR   16333       10.676     0.018027       5.5736      0.02773
Cluster9       COVAR   16333      -3.4498    -0.024616       1.2885      0.99629
Cluster90      COVAR   16333       12.796     0.021735       5.5446     0.010514
Cluster91      COVAR   16333       16.406      0.02947       5.1943   0.00079476
Cluster92      COVAR   16333       22.379     0.035594       6.0344   0.00010464
Cluster93      COVAR   16333       21.432     0.032762       6.2164   0.00028362
Cluster94      COVAR   16333        21.84     0.033856       6.0281   0.00014612
Cluster95      COVAR   16333       5.4205     0.010367        4.853      0.13202
Cluster96      COVAR   16333       4.6582     0.010191       4.1847      0.13283
Cluster97      COVAR   16333       2.1138    0.0047606       3.9144       0.2946
Cluster98      COVAR   16333       18.779     0.032668       5.3622   0.00023152
Cluster99      COVAR   16333       14.725      0.02688       5.1999    0.0023175
